CRITICAL - 2025-10-26 12:03:56 --> TypeError: CodeIgniter\Database\BaseBuilder::like(): Argument #2 ($match) must be of type string, null given, called in /home/digibangla/public_html/app/Models/FileModel.php on line 100
in SYSTEMPATH/Database/BaseBuilder.php on line 984.
 1 APPPATH/Models/FileModel.php(100): CodeIgniter\Database\BaseBuilder->like('file_name', null)
 2 APPPATH/Controllers/FileController.php(69): App\Models\FileModel->searchImages(null)
 3 SYSTEMPATH/CodeIgniter.php(942): App\Controllers\FileController->searchImage()
 4 SYSTEMPATH/CodeIgniter.php(502): CodeIgniter\CodeIgniter->runController(Object(App\Controllers\FileController))
 5 SYSTEMPATH/CodeIgniter.php(360): CodeIgniter\CodeIgniter->handleRequest(null, Object(Config\Cache), false)
 6 FCPATH/index.php(95): CodeIgniter\CodeIgniter->run()
ERROR - 2025-10-26 09:06:20 --> Error connecting to the database: mysqli_sql_exception: Access denied for user 'digibanglanews_live'@'localhost' (using password: YES) in G:\wamp64\www\digibangla\system\Database\MySQLi\Connection.php:185
Stack trace:
#0 G:\wamp64\www\digibangla\system\Database\MySQLi\Connection.php(185): mysqli->real_connect('localhost', 'digibanglanews_...', 'Dhaka@123', 'digibanglanews_...', 3306, '', 0)
#1 G:\wamp64\www\digibangla\system\Database\BaseConnection.php(392): CodeIgniter\Database\MySQLi\Connection->connect(false)
#2 G:\wamp64\www\digibangla\system\Session\Handlers\DatabaseHandler.php(98): CodeIgniter\Database\BaseConnection->initialize()
#3 [internal function]: CodeIgniter\Session\Handlers\DatabaseHandler->open('ci_sessions', 'vr_session')
#4 G:\wamp64\www\digibangla\system\Session\Session.php(919): session_start()
#5 G:\wamp64\www\digibangla\system\Session\Session.php(241): CodeIgniter\Session\Session->startSession()
#6 G:\wamp64\www\digibangla\system\Config\Services.php(699): CodeIgniter\Session\Session->start()
#7 G:\wamp64\www\digibangla\system\Config\BaseService.php(258): CodeIgniter\Config\Services::session(Object(Config\Session), false)
#8 G:\wamp64\www\digibangla\system\Config\BaseService.php(199): CodeIgniter\Config\BaseService::__callStatic('session', Array)
#9 G:\wamp64\www\digibangla\system\Config\Services.php(664): CodeIgniter\Config\BaseService::getSharedInstance('session', NULL)
#10 G:\wamp64\www\digibangla\system\Config\BaseService.php(258): CodeIgniter\Config\Services::session()
#11 G:\wamp64\www\digibangla\app\Config\Globals.php(46): CodeIgniter\Config\BaseService::__callStatic('session', Array)
#12 G:\wamp64\www\digibangla\app\Config\Globals.php(159): Config\Globals::setGlobals()
#13 G:\wamp64\www\digibangla\system\Autoloader\Autoloader.php(311): include_once('G:\\wamp64\\www\\d...')
#14 G:\wamp64\www\digibangla\system\Autoloader\Autoloader.php(290): CodeIgniter\Autoloader\Autoloader->includeFile('G:\\wamp64\\www\\d...')
#15 G:\wamp64\www\digibangla\system\Autoloader\Autoloader.php(266): CodeIgniter\Autoloader\Autoloader->loadInNamespace('Config\\Globals')
#16 G:\wamp64\www\digibangla\app\Config\Routes.php(9): CodeIgniter\Autoloader\Autoloader->loadClass('Config\\Globals')
#17 G:\wamp64\www\digibangla\system\Router\RouteCollection.php(345): require('G:\\wamp64\\www\\d...')
#18 G:\wamp64\www\digibangla\system\CodeIgniter.php(810): CodeIgniter\Router\RouteCollection->loadRoutes()
#19 G:\wamp64\www\digibangla\system\CodeIgniter.php(449): CodeIgniter\CodeIgniter->tryToRouteIt(NULL)
#20 G:\wamp64\www\digibangla\system\CodeIgniter.php(360): CodeIgniter\CodeIgniter->handleRequest(NULL, Object(Config\Cache), false)
#21 G:\wamp64\www\digibangla\index.php(95): CodeIgniter\CodeIgniter->run()
#22 {main}

Next CodeIgniter\Database\Exceptions\DatabaseException: Access denied for user '****'@'localhost' (using password: YES) in G:\wamp64\www\digibangla\system\Database\MySQLi\Connection.php:229
Stack trace:
#0 G:\wamp64\www\digibangla\system\Database\BaseConnection.php(392): CodeIgniter\Database\MySQLi\Connection->connect(false)
#1 G:\wamp64\www\digibangla\system\Session\Handlers\DatabaseHandler.php(98): CodeIgniter\Database\BaseConnection->initialize()
#2 [internal function]: CodeIgniter\Session\Handlers\DatabaseHandler->open('ci_sessions', 'vr_session')
#3 G:\wamp64\www\digibangla\system\Session\Session.php(919): session_start()
#4 G:\wamp64\www\digibangla\system\Session\Session.php(241): CodeIgniter\Session\Session->startSession()
#5 G:\wamp64\www\digibangla\system\Config\Services.php(699): CodeIgniter\Session\Session->start()
#6 G:\wamp64\www\digibangla\system\Config\BaseService.php(258): CodeIgniter\Config\Services::session(Object(Config\Session), false)
#7 G:\wamp64\www\digibangla\system\Config\BaseService.php(199): CodeIgniter\Config\BaseService::__callStatic('session', Array)
#8 G:\wamp64\www\digibangla\system\Config\Services.php(664): CodeIgniter\Config\BaseService::getSharedInstance('session', NULL)
#9 G:\wamp64\www\digibangla\system\Config\BaseService.php(258): CodeIgniter\Config\Services::session()
#10 G:\wamp64\www\digibangla\app\Config\Globals.php(46): CodeIgniter\Config\BaseService::__callStatic('session', Array)
#11 G:\wamp64\www\digibangla\app\Config\Globals.php(159): Config\Globals::setGlobals()
#12 G:\wamp64\www\digibangla\system\Autoloader\Autoloader.php(311): include_once('G:\\wamp64\\www\\d...')
#13 G:\wamp64\www\digibangla\system\Autoloader\Autoloader.php(290): CodeIgniter\Autoloader\Autoloader->includeFile('G:\\wamp64\\www\\d...')
#14 G:\wamp64\www\digibangla\system\Autoloader\Autoloader.php(266): CodeIgniter\Autoloader\Autoloader->loadInNamespace('Config\\Globals')
#15 G:\wamp64\www\digibangla\app\Config\Routes.php(9): CodeIgniter\Autoloader\Autoloader->loadClass('Config\\Globals')
#16 G:\wamp64\www\digibangla\system\Router\RouteCollection.php(345): require('G:\\wamp64\\www\\d...')
#17 G:\wamp64\www\digibangla\system\CodeIgniter.php(810): CodeIgniter\Router\RouteCollection->loadRoutes()
#18 G:\wamp64\www\digibangla\system\CodeIgniter.php(449): CodeIgniter\CodeIgniter->tryToRouteIt(NULL)
#19 G:\wamp64\www\digibangla\system\CodeIgniter.php(360): CodeIgniter\CodeIgniter->handleRequest(NULL, Object(Config\Cache), false)
#20 G:\wamp64\www\digibangla\index.php(95): CodeIgniter\CodeIgniter->run()
#21 {main}
CRITICAL - 2025-10-26 09:06:20 --> CodeIgniter\Database\Exceptions\DatabaseException: Unable to connect to the database.
Main connection [MySQLi]: Access denied for user '****'@'localhost' (using password: YES)
in SYSTEMPATH\Database\BaseConnection.php on line 428.
 1 SYSTEMPATH\Session\Handlers\DatabaseHandler.php(98): CodeIgniter\Database\BaseConnection->initialize()
 2 [internal function]: CodeIgniter\Session\Handlers\DatabaseHandler->open('ci_sessions', 'vr_session')
 3 SYSTEMPATH\Session\Session.php(919): session_start()
 4 SYSTEMPATH\Session\Session.php(241): CodeIgniter\Session\Session->startSession()
 5 SYSTEMPATH\Config\Services.php(699): CodeIgniter\Session\Session->start()
 6 SYSTEMPATH\Config\BaseService.php(258): CodeIgniter\Config\Services::session(Object(Config\Session), false)
 7 SYSTEMPATH\Config\BaseService.php(199): CodeIgniter\Config\BaseService::__callStatic('session', [...])
 8 SYSTEMPATH\Config\Services.php(664): CodeIgniter\Config\BaseService::getSharedInstance('session', null)
 9 SYSTEMPATH\Config\BaseService.php(258): CodeIgniter\Config\Services::session()
10 APPPATH\Config\Globals.php(46): CodeIgniter\Config\BaseService::__callStatic('session', [])
11 APPPATH\Config\Globals.php(159): Config\Globals::setGlobals()
12 SYSTEMPATH\Autoloader\Autoloader.php(311): include_once('G:\\wamp64\\www\\digibangla\\app\\Config\\Globals.php')
13 SYSTEMPATH\Autoloader\Autoloader.php(290): CodeIgniter\Autoloader\Autoloader->includeFile('G:\\wamp64\\www\\digibangla\\app\\Config\\Globals.php')
14 SYSTEMPATH\Autoloader\Autoloader.php(266): CodeIgniter\Autoloader\Autoloader->loadInNamespace('Config\\Globals')
15 APPPATH\Config\Routes.php(9): CodeIgniter\Autoloader\Autoloader->loadClass('Config\\Globals')
16 SYSTEMPATH\Router\RouteCollection.php(345): require('G:\\wamp64\\www\\digibangla\\app\\Config\\Routes.php')
17 SYSTEMPATH\CodeIgniter.php(810): CodeIgniter\Router\RouteCollection->loadRoutes()
18 SYSTEMPATH\CodeIgniter.php(449): CodeIgniter\CodeIgniter->tryToRouteIt(null)
19 SYSTEMPATH\CodeIgniter.php(360): CodeIgniter\CodeIgniter->handleRequest(null, Object(Config\Cache), false)
20 FCPATH\index.php(95): CodeIgniter\CodeIgniter->run()
INFO - 2025-10-26 09:07:24 --> Session: Class initialized using 'CodeIgniter\Session\Handlers\DatabaseHandler' driver.
INFO - 2025-10-26 09:07:30 --> Session: Class initialized using 'CodeIgniter\Session\Handlers\DatabaseHandler' driver.
INFO - 2025-10-26 09:07:43 --> Session: Class initialized using 'CodeIgniter\Session\Handlers\DatabaseHandler' driver.
INFO - 2025-10-26 09:08:01 --> Session: Class initialized using 'CodeIgniter\Session\Handlers\DatabaseHandler' driver.
INFO - 2025-10-26 09:08:24 --> Session: Class initialized using 'CodeIgniter\Session\Handlers\DatabaseHandler' driver.
INFO - 2025-10-26 09:10:07 --> Session: Class initialized using 'CodeIgniter\Session\Handlers\DatabaseHandler' driver.
INFO - 2025-10-26 09:10:12 --> Session: Class initialized using 'CodeIgniter\Session\Handlers\DatabaseHandler' driver.
INFO - 2025-10-26 09:10:12 --> Session: Class initialized using 'CodeIgniter\Session\Handlers\DatabaseHandler' driver.
INFO - 2025-10-26 09:10:15 --> Session: Class initialized using 'CodeIgniter\Session\Handlers\DatabaseHandler' driver.
INFO - 2025-10-26 09:10:18 --> Session: Class initialized using 'CodeIgniter\Session\Handlers\DatabaseHandler' driver.
INFO - 2025-10-26 09:10:21 --> Session: Class initialized using 'CodeIgniter\Session\Handlers\DatabaseHandler' driver.
INFO - 2025-10-26 09:10:24 --> Session: Class initialized using 'CodeIgniter\Session\Handlers\DatabaseHandler' driver.
INFO - 2025-10-26 09:10:27 --> Session: Class initialized using 'CodeIgniter\Session\Handlers\DatabaseHandler' driver.
INFO - 2025-10-26 09:11:06 --> Session: Class initialized using 'CodeIgniter\Session\Handlers\DatabaseHandler' driver.
INFO - 2025-10-26 09:11:11 --> Session: Class initialized using 'CodeIgniter\Session\Handlers\DatabaseHandler' driver.
INFO - 2025-10-26 09:11:14 --> Session: Class initialized using 'CodeIgniter\Session\Handlers\DatabaseHandler' driver.
INFO - 2025-10-26 09:11:38 --> Session: Class initialized using 'CodeIgniter\Session\Handlers\DatabaseHandler' driver.
INFO - 2025-10-26 09:11:53 --> Session: Class initialized using 'CodeIgniter\Session\Handlers\DatabaseHandler' driver.
INFO - 2025-10-26 09:11:53 --> Session: Class initialized using 'CodeIgniter\Session\Handlers\DatabaseHandler' driver.
INFO - 2025-10-26 09:11:53 --> Session: Class initialized using 'CodeIgniter\Session\Handlers\DatabaseHandler' driver.
INFO - 2025-10-26 09:11:58 --> Session: Class initialized using 'CodeIgniter\Session\Handlers\DatabaseHandler' driver.
INFO - 2025-10-26 15:11:58 --> CSRF token verified.
INFO - 2025-10-26 09:11:58 --> Session: Class initialized using 'CodeIgniter\Session\Handlers\DatabaseHandler' driver.
INFO - 2025-10-26 09:21:26 --> Session: Class initialized using 'CodeIgniter\Session\Handlers\DatabaseHandler' driver.
INFO - 2025-10-26 09:21:42 --> Session: Class initialized using 'CodeIgniter\Session\Handlers\DatabaseHandler' driver.
INFO - 2025-10-26 15:21:42 --> CSRF token verified.
INFO - 2025-10-26 09:21:42 --> Session: Class initialized using 'CodeIgniter\Session\Handlers\DatabaseHandler' driver.
INFO - 2025-10-26 09:21:49 --> Session: Class initialized using 'CodeIgniter\Session\Handlers\DatabaseHandler' driver.
INFO - 2025-10-26 09:21:55 --> Session: Class initialized using 'CodeIgniter\Session\Handlers\DatabaseHandler' driver.
INFO - 2025-10-26 09:21:58 --> Session: Class initialized using 'CodeIgniter\Session\Handlers\DatabaseHandler' driver.
INFO - 2025-10-26 09:22:57 --> Session: Class initialized using 'CodeIgniter\Session\Handlers\DatabaseHandler' driver.
INFO - 2025-10-26 15:22:57 --> CSRF token verified.
INFO - 2025-10-26 09:22:57 --> Session: Class initialized using 'CodeIgniter\Session\Handlers\DatabaseHandler' driver.
INFO - 2025-10-26 09:23:00 --> Session: Class initialized using 'CodeIgniter\Session\Handlers\DatabaseHandler' driver.
INFO - 2025-10-26 09:23:14 --> Session: Class initialized using 'CodeIgniter\Session\Handlers\DatabaseHandler' driver.
INFO - 2025-10-26 09:23:38 --> Session: Class initialized using 'CodeIgniter\Session\Handlers\DatabaseHandler' driver.
INFO - 2025-10-26 09:23:57 --> Session: Class initialized using 'CodeIgniter\Session\Handlers\DatabaseHandler' driver.
INFO - 2025-10-26 09:24:01 --> Session: Class initialized using 'CodeIgniter\Session\Handlers\DatabaseHandler' driver.
INFO - 2025-10-26 09:24:16 --> Session: Class initialized using 'CodeIgniter\Session\Handlers\DatabaseHandler' driver.
INFO - 2025-10-26 09:24:21 --> Session: Class initialized using 'CodeIgniter\Session\Handlers\DatabaseHandler' driver.
INFO - 2025-10-26 09:24:27 --> Session: Class initialized using 'CodeIgniter\Session\Handlers\DatabaseHandler' driver.
INFO - 2025-10-26 15:24:27 --> CSRF token verified.
INFO - 2025-10-26 09:24:28 --> Session: Class initialized using 'CodeIgniter\Session\Handlers\DatabaseHandler' driver.
INFO - 2025-10-26 09:24:31 --> Session: Class initialized using 'CodeIgniter\Session\Handlers\DatabaseHandler' driver.
INFO - 2025-10-26 09:24:58 --> Session: Class initialized using 'CodeIgniter\Session\Handlers\DatabaseHandler' driver.
INFO - 2025-10-26 09:25:06 --> Session: Class initialized using 'CodeIgniter\Session\Handlers\DatabaseHandler' driver.
INFO - 2025-10-26 09:25:12 --> Session: Class initialized using 'CodeIgniter\Session\Handlers\DatabaseHandler' driver.
INFO - 2025-10-26 09:25:33 --> Session: Class initialized using 'CodeIgniter\Session\Handlers\DatabaseHandler' driver.
INFO - 2025-10-26 15:25:33 --> CSRF token verified.
INFO - 2025-10-26 09:25:45 --> Session: Class initialized using 'CodeIgniter\Session\Handlers\DatabaseHandler' driver.
INFO - 2025-10-26 15:25:45 --> CSRF token verified.
INFO - 2025-10-26 09:25:46 --> Session: Class initialized using 'CodeIgniter\Session\Handlers\DatabaseHandler' driver.
INFO - 2025-10-26 15:25:46 --> CSRF token verified.
INFO - 2025-10-26 09:26:08 --> Session: Class initialized using 'CodeIgniter\Session\Handlers\DatabaseHandler' driver.
INFO - 2025-10-26 15:26:08 --> CSRF token verified.
INFO - 2025-10-26 09:26:20 --> Session: Class initialized using 'CodeIgniter\Session\Handlers\DatabaseHandler' driver.
INFO - 2025-10-26 15:26:20 --> CSRF token verified.
INFO - 2025-10-26 09:26:21 --> Session: Class initialized using 'CodeIgniter\Session\Handlers\DatabaseHandler' driver.
INFO - 2025-10-26 09:26:26 --> Session: Class initialized using 'CodeIgniter\Session\Handlers\DatabaseHandler' driver.
INFO - 2025-10-26 09:26:39 --> Session: Class initialized using 'CodeIgniter\Session\Handlers\DatabaseHandler' driver.
INFO - 2025-10-26 09:26:42 --> Session: Class initialized using 'CodeIgniter\Session\Handlers\DatabaseHandler' driver.
INFO - 2025-10-26 09:27:06 --> Session: Class initialized using 'CodeIgniter\Session\Handlers\DatabaseHandler' driver.
INFO - 2025-10-26 15:27:06 --> CSRF token verified.
INFO - 2025-10-26 09:27:15 --> Session: Class initialized using 'CodeIgniter\Session\Handlers\DatabaseHandler' driver.
INFO - 2025-10-26 15:27:15 --> CSRF token verified.
INFO - 2025-10-26 09:27:18 --> Session: Class initialized using 'CodeIgniter\Session\Handlers\DatabaseHandler' driver.
INFO - 2025-10-26 15:27:18 --> CSRF token verified.
INFO - 2025-10-26 09:27:18 --> Session: Class initialized using 'CodeIgniter\Session\Handlers\DatabaseHandler' driver.
INFO - 2025-10-26 09:27:26 --> Session: Class initialized using 'CodeIgniter\Session\Handlers\DatabaseHandler' driver.
INFO - 2025-10-26 15:27:26 --> CSRF token verified.
INFO - 2025-10-26 09:27:35 --> Session: Class initialized using 'CodeIgniter\Session\Handlers\DatabaseHandler' driver.
INFO - 2025-10-26 15:27:35 --> CSRF token verified.
INFO - 2025-10-26 09:27:38 --> Session: Class initialized using 'CodeIgniter\Session\Handlers\DatabaseHandler' driver.
INFO - 2025-10-26 15:27:38 --> CSRF token verified.
INFO - 2025-10-26 09:27:39 --> Session: Class initialized using 'CodeIgniter\Session\Handlers\DatabaseHandler' driver.
INFO - 2025-10-26 09:27:49 --> Session: Class initialized using 'CodeIgniter\Session\Handlers\DatabaseHandler' driver.
INFO - 2025-10-26 15:27:49 --> CSRF token verified.
INFO - 2025-10-26 09:27:55 --> Session: Class initialized using 'CodeIgniter\Session\Handlers\DatabaseHandler' driver.
INFO - 2025-10-26 15:27:55 --> CSRF token verified.
INFO - 2025-10-26 09:27:58 --> Session: Class initialized using 'CodeIgniter\Session\Handlers\DatabaseHandler' driver.
INFO - 2025-10-26 15:27:58 --> CSRF token verified.
INFO - 2025-10-26 09:27:59 --> Session: Class initialized using 'CodeIgniter\Session\Handlers\DatabaseHandler' driver.
INFO - 2025-10-26 09:28:07 --> Session: Class initialized using 'CodeIgniter\Session\Handlers\DatabaseHandler' driver.
INFO - 2025-10-26 15:28:07 --> CSRF token verified.
INFO - 2025-10-26 09:28:18 --> Session: Class initialized using 'CodeIgniter\Session\Handlers\DatabaseHandler' driver.
INFO - 2025-10-26 15:28:18 --> CSRF token verified.
INFO - 2025-10-26 09:28:19 --> Session: Class initialized using 'CodeIgniter\Session\Handlers\DatabaseHandler' driver.
INFO - 2025-10-26 15:28:19 --> CSRF token verified.
INFO - 2025-10-26 09:28:19 --> Session: Class initialized using 'CodeIgniter\Session\Handlers\DatabaseHandler' driver.
INFO - 2025-10-26 09:28:22 --> Session: Class initialized using 'CodeIgniter\Session\Handlers\DatabaseHandler' driver.
INFO - 2025-10-26 09:30:28 --> Session: Class initialized using 'CodeIgniter\Session\Handlers\DatabaseHandler' driver.
INFO - 2025-10-26 09:30:34 --> Session: Class initialized using 'CodeIgniter\Session\Handlers\DatabaseHandler' driver.
INFO - 2025-10-26 09:31:01 --> Session: Class initialized using 'CodeIgniter\Session\Handlers\DatabaseHandler' driver.
INFO - 2025-10-26 09:31:06 --> Session: Class initialized using 'CodeIgniter\Session\Handlers\DatabaseHandler' driver.
INFO - 2025-10-26 09:31:12 --> Session: Class initialized using 'CodeIgniter\Session\Handlers\DatabaseHandler' driver.
INFO - 2025-10-26 09:31:18 --> Session: Class initialized using 'CodeIgniter\Session\Handlers\DatabaseHandler' driver.
INFO - 2025-10-26 09:32:25 --> Session: Class initialized using 'CodeIgniter\Session\Handlers\DatabaseHandler' driver.
INFO - 2025-10-26 09:34:21 --> Session: Class initialized using 'CodeIgniter\Session\Handlers\DatabaseHandler' driver.
INFO - 2025-10-26 09:34:24 --> Session: Class initialized using 'CodeIgniter\Session\Handlers\DatabaseHandler' driver.
INFO - 2025-10-26 09:34:37 --> Session: Class initialized using 'CodeIgniter\Session\Handlers\DatabaseHandler' driver.
INFO - 2025-10-26 09:34:39 --> Session: Class initialized using 'CodeIgniter\Session\Handlers\DatabaseHandler' driver.
INFO - 2025-10-26 15:34:39 --> CSRF token verified.
INFO - 2025-10-26 09:34:40 --> Session: Class initialized using 'CodeIgniter\Session\Handlers\DatabaseHandler' driver.
INFO - 2025-10-26 09:34:45 --> Session: Class initialized using 'CodeIgniter\Session\Handlers\DatabaseHandler' driver.
INFO - 2025-10-26 15:34:45 --> CSRF token verified.
INFO - 2025-10-26 09:34:45 --> Session: Class initialized using 'CodeIgniter\Session\Handlers\DatabaseHandler' driver.
INFO - 2025-10-26 09:34:46 --> Session: Class initialized using 'CodeIgniter\Session\Handlers\DatabaseHandler' driver.
INFO - 2025-10-26 15:34:46 --> CSRF token verified.
INFO - 2025-10-26 09:34:46 --> Session: Class initialized using 'CodeIgniter\Session\Handlers\DatabaseHandler' driver.
INFO - 2025-10-26 09:34:49 --> Session: Class initialized using 'CodeIgniter\Session\Handlers\DatabaseHandler' driver.
INFO - 2025-10-26 09:35:47 --> Session: Class initialized using 'CodeIgniter\Session\Handlers\DatabaseHandler' driver.
INFO - 2025-10-26 09:36:35 --> Session: Class initialized using 'CodeIgniter\Session\Handlers\DatabaseHandler' driver.
INFO - 2025-10-26 09:36:50 --> Session: Class initialized using 'CodeIgniter\Session\Handlers\DatabaseHandler' driver.
INFO - 2025-10-26 09:37:12 --> Session: Class initialized using 'CodeIgniter\Session\Handlers\DatabaseHandler' driver.
INFO - 2025-10-26 09:37:49 --> Session: Class initialized using 'CodeIgniter\Session\Handlers\DatabaseHandler' driver.
INFO - 2025-10-26 09:38:06 --> Session: Class initialized using 'CodeIgniter\Session\Handlers\DatabaseHandler' driver.
INFO - 2025-10-26 09:38:09 --> Session: Class initialized using 'CodeIgniter\Session\Handlers\DatabaseHandler' driver.
INFO - 2025-10-26 09:38:20 --> Session: Class initialized using 'CodeIgniter\Session\Handlers\DatabaseHandler' driver.
INFO - 2025-10-26 09:39:50 --> Session: Class initialized using 'CodeIgniter\Session\Handlers\DatabaseHandler' driver.
INFO - 2025-10-26 09:40:07 --> Session: Class initialized using 'CodeIgniter\Session\Handlers\DatabaseHandler' driver.
INFO - 2025-10-26 09:41:48 --> Session: Class initialized using 'CodeIgniter\Session\Handlers\DatabaseHandler' driver.
INFO - 2025-10-26 09:43:09 --> Session: Class initialized using 'CodeIgniter\Session\Handlers\DatabaseHandler' driver.
INFO - 2025-10-26 09:47:01 --> Session: Class initialized using 'CodeIgniter\Session\Handlers\DatabaseHandler' driver.
INFO - 2025-10-26 09:47:05 --> Session: Class initialized using 'CodeIgniter\Session\Handlers\DatabaseHandler' driver.
INFO - 2025-10-26 09:47:10 --> Session: Class initialized using 'CodeIgniter\Session\Handlers\DatabaseHandler' driver.
INFO - 2025-10-26 09:48:02 --> Session: Class initialized using 'CodeIgniter\Session\Handlers\DatabaseHandler' driver.
INFO - 2025-10-26 09:48:46 --> Session: Class initialized using 'CodeIgniter\Session\Handlers\DatabaseHandler' driver.
INFO - 2025-10-26 09:49:00 --> Session: Class initialized using 'CodeIgniter\Session\Handlers\DatabaseHandler' driver.
INFO - 2025-10-26 09:49:25 --> Session: Class initialized using 'CodeIgniter\Session\Handlers\DatabaseHandler' driver.
INFO - 2025-10-26 09:49:42 --> Session: Class initialized using 'CodeIgniter\Session\Handlers\DatabaseHandler' driver.
INFO - 2025-10-26 09:49:58 --> Session: Class initialized using 'CodeIgniter\Session\Handlers\DatabaseHandler' driver.
INFO - 2025-10-26 09:50:57 --> Session: Class initialized using 'CodeIgniter\Session\Handlers\DatabaseHandler' driver.
INFO - 2025-10-26 09:51:34 --> Session: Class initialized using 'CodeIgniter\Session\Handlers\DatabaseHandler' driver.
INFO - 2025-10-26 09:52:25 --> Session: Class initialized using 'CodeIgniter\Session\Handlers\DatabaseHandler' driver.
INFO - 2025-10-26 09:52:40 --> Session: Class initialized using 'CodeIgniter\Session\Handlers\DatabaseHandler' driver.
INFO - 2025-10-26 09:53:17 --> Session: Class initialized using 'CodeIgniter\Session\Handlers\DatabaseHandler' driver.
INFO - 2025-10-26 09:53:19 --> Session: Class initialized using 'CodeIgniter\Session\Handlers\DatabaseHandler' driver.
INFO - 2025-10-26 09:53:30 --> Session: Class initialized using 'CodeIgniter\Session\Handlers\DatabaseHandler' driver.
INFO - 2025-10-26 15:53:30 --> CSRF token verified.
INFO - 2025-10-26 09:53:40 --> Session: Class initialized using 'CodeIgniter\Session\Handlers\DatabaseHandler' driver.
INFO - 2025-10-26 15:53:40 --> CSRF token verified.
INFO - 2025-10-26 09:53:42 --> Session: Class initialized using 'CodeIgniter\Session\Handlers\DatabaseHandler' driver.
INFO - 2025-10-26 15:53:42 --> CSRF token verified.
INFO - 2025-10-26 09:53:42 --> Session: Class initialized using 'CodeIgniter\Session\Handlers\DatabaseHandler' driver.
INFO - 2025-10-26 09:53:51 --> Session: Class initialized using 'CodeIgniter\Session\Handlers\DatabaseHandler' driver.
INFO - 2025-10-26 15:53:51 --> CSRF token verified.
INFO - 2025-10-26 09:53:59 --> Session: Class initialized using 'CodeIgniter\Session\Handlers\DatabaseHandler' driver.
INFO - 2025-10-26 15:53:59 --> CSRF token verified.
INFO - 2025-10-26 09:54:00 --> Session: Class initialized using 'CodeIgniter\Session\Handlers\DatabaseHandler' driver.
INFO - 2025-10-26 15:54:00 --> CSRF token verified.
INFO - 2025-10-26 09:54:01 --> Session: Class initialized using 'CodeIgniter\Session\Handlers\DatabaseHandler' driver.
INFO - 2025-10-26 09:54:05 --> Session: Class initialized using 'CodeIgniter\Session\Handlers\DatabaseHandler' driver.
INFO - 2025-10-26 09:55:41 --> Session: Class initialized using 'CodeIgniter\Session\Handlers\DatabaseHandler' driver.
INFO - 2025-10-26 09:57:50 --> Session: Class initialized using 'CodeIgniter\Session\Handlers\DatabaseHandler' driver.
INFO - 2025-10-26 09:57:54 --> Session: Class initialized using 'CodeIgniter\Session\Handlers\DatabaseHandler' driver.
INFO - 2025-10-26 09:57:57 --> Session: Class initialized using 'CodeIgniter\Session\Handlers\DatabaseHandler' driver.
INFO - 2025-10-26 15:57:57 --> CSRF token verified.
INFO - 2025-10-26 09:57:59 --> Session: Class initialized using 'CodeIgniter\Session\Handlers\DatabaseHandler' driver.
INFO - 2025-10-26 10:04:52 --> Session: Class initialized using 'CodeIgniter\Session\Handlers\DatabaseHandler' driver.
INFO - 2025-10-26 10:13:06 --> Session: Class initialized using 'CodeIgniter\Session\Handlers\DatabaseHandler' driver.
INFO - 2025-10-26 10:13:08 --> Session: Class initialized using 'CodeIgniter\Session\Handlers\DatabaseHandler' driver.
INFO - 2025-10-26 10:14:19 --> Session: Class initialized using 'CodeIgniter\Session\Handlers\DatabaseHandler' driver.
INFO - 2025-10-26 10:14:25 --> Session: Class initialized using 'CodeIgniter\Session\Handlers\DatabaseHandler' driver.
INFO - 2025-10-26 10:14:36 --> Session: Class initialized using 'CodeIgniter\Session\Handlers\DatabaseHandler' driver.
INFO - 2025-10-26 16:14:36 --> CSRF token verified.
INFO - 2025-10-26 10:14:36 --> Session: Class initialized using 'CodeIgniter\Session\Handlers\DatabaseHandler' driver.
INFO - 2025-10-26 10:14:40 --> Session: Class initialized using 'CodeIgniter\Session\Handlers\DatabaseHandler' driver.
INFO - 2025-10-26 10:14:43 --> Session: Class initialized using 'CodeIgniter\Session\Handlers\DatabaseHandler' driver.
INFO - 2025-10-26 10:15:06 --> Session: Class initialized using 'CodeIgniter\Session\Handlers\DatabaseHandler' driver.
INFO - 2025-10-26 10:38:17 --> Session: Class initialized using 'CodeIgniter\Session\Handlers\DatabaseHandler' driver.
INFO - 2025-10-26 10:38:20 --> Session: Class initialized using 'CodeIgniter\Session\Handlers\DatabaseHandler' driver.
INFO - 2025-10-26 10:40:20 --> Session: Class initialized using 'CodeIgniter\Session\Handlers\DatabaseHandler' driver.
INFO - 2025-10-26 11:05:34 --> Session: Class initialized using 'CodeIgniter\Session\Handlers\DatabaseHandler' driver.
INFO - 2025-10-26 11:05:42 --> Session: Class initialized using 'CodeIgniter\Session\Handlers\DatabaseHandler' driver.
