CRITICAL - 2025-02-14 17:30:25 --> CodeIgniter\Security\Exceptions\SecurityException: The action you requested is not allowed.
in SYSTEMPATH/Security/Security.php on line 300.
 1 SYSTEMPATH/Security/Security.php(300): CodeIgniter\Security\Exceptions\SecurityException::forDisallowedAction()
 2 SYSTEMPATH/Filters/CSRF.php(56): CodeIgniter\Security\Security->verify(Object(CodeIgniter\HTTP\IncomingRequest))
 3 SYSTEMPATH/Filters/Filters.php(184): CodeIgniter\Filters\CSRF->before(Object(CodeIgniter\HTTP\IncomingRequest), null)
 4 SYSTEMPATH/CodeIgniter.php(474): CodeIgniter\Filters\Filters->run('File/getImages', 'before')
 5 SYSTEMPATH/CodeIgniter.php(360): CodeIgniter\CodeIgniter->handleRequest(null, Object(Config\Cache), false)
 6 FCPATH/index.php(95): CodeIgniter\CodeIgniter->run()
CRITICAL - 2025-02-14 17:30:30 --> CodeIgniter\Security\Exceptions\SecurityException: The action you requested is not allowed.
in SYSTEMPATH/Security/Security.php on line 300.
 1 SYSTEMPATH/Security/Security.php(300): CodeIgniter\Security\Exceptions\SecurityException::forDisallowedAction()
 2 SYSTEMPATH/Filters/CSRF.php(56): CodeIgniter\Security\Security->verify(Object(CodeIgniter\HTTP\IncomingRequest))
 3 SYSTEMPATH/Filters/Filters.php(184): CodeIgniter\Filters\CSRF->before(Object(CodeIgniter\HTTP\IncomingRequest), null)
 4 SYSTEMPATH/CodeIgniter.php(474): CodeIgniter\Filters\Filters->run('File/uploadImage', 'before')
 5 SYSTEMPATH/CodeIgniter.php(360): CodeIgniter\CodeIgniter->handleRequest(null, Object(Config\Cache), false)
 6 FCPATH/index.php(95): CodeIgniter\CodeIgniter->run()
CRITICAL - 2025-02-14 17:31:38 --> CodeIgniter\Security\Exceptions\SecurityException: The action you requested is not allowed.
in SYSTEMPATH/Security/Security.php on line 300.
 1 SYSTEMPATH/Security/Security.php(300): CodeIgniter\Security\Exceptions\SecurityException::forDisallowedAction()
 2 SYSTEMPATH/Filters/CSRF.php(56): CodeIgniter\Security\Security->verify(Object(CodeIgniter\HTTP\IncomingRequest))
 3 SYSTEMPATH/Filters/Filters.php(184): CodeIgniter\Filters\CSRF->before(Object(CodeIgniter\HTTP\IncomingRequest), null)
 4 SYSTEMPATH/CodeIgniter.php(474): CodeIgniter\Filters\Filters->run('Category/getSubCategories', 'before')
 5 SYSTEMPATH/CodeIgniter.php(360): CodeIgniter\CodeIgniter->handleRequest(null, Object(Config\Cache), false)
 6 FCPATH/index.php(95): CodeIgniter\CodeIgniter->run()
CRITICAL - 2025-02-14 17:31:46 --> CodeIgniter\Security\Exceptions\SecurityException: The action you requested is not allowed.
in SYSTEMPATH/Security/Security.php on line 300.
 1 SYSTEMPATH/Security/Security.php(300): CodeIgniter\Security\Exceptions\SecurityException::forDisallowedAction()
 2 SYSTEMPATH/Filters/CSRF.php(56): CodeIgniter\Security\Security->verify(Object(CodeIgniter\HTTP\IncomingRequest))
 3 SYSTEMPATH/Filters/Filters.php(184): CodeIgniter\Filters\CSRF->before(Object(CodeIgniter\HTTP\IncomingRequest), null)
 4 SYSTEMPATH/CodeIgniter.php(474): CodeIgniter\Filters\Filters->run('Category/getSubCategories', 'before')
 5 SYSTEMPATH/CodeIgniter.php(360): CodeIgniter\CodeIgniter->handleRequest(null, Object(Config\Cache), false)
 6 FCPATH/index.php(95): CodeIgniter\CodeIgniter->run()
CRITICAL - 2025-02-14 17:38:48 --> CodeIgniter\Security\Exceptions\SecurityException: The action you requested is not allowed.
in SYSTEMPATH/Security/Security.php on line 300.
 1 SYSTEMPATH/Security/Security.php(300): CodeIgniter\Security\Exceptions\SecurityException::forDisallowedAction()
 2 SYSTEMPATH/Filters/CSRF.php(56): CodeIgniter\Security\Security->verify(Object(CodeIgniter\HTTP\IncomingRequest))
 3 SYSTEMPATH/Filters/Filters.php(184): CodeIgniter\Filters\CSRF->before(Object(CodeIgniter\HTTP\IncomingRequest), null)
 4 SYSTEMPATH/CodeIgniter.php(474): CodeIgniter\Filters\Filters->run('Category/getSubCategories', 'before')
 5 SYSTEMPATH/CodeIgniter.php(360): CodeIgniter\CodeIgniter->handleRequest(null, Object(Config\Cache), false)
 6 FCPATH/index.php(95): CodeIgniter\CodeIgniter->run()
CRITICAL - 2025-02-14 17:39:01 --> CodeIgniter\Security\Exceptions\SecurityException: The action you requested is not allowed.
in SYSTEMPATH/Security/Security.php on line 300.
 1 SYSTEMPATH/Security/Security.php(300): CodeIgniter\Security\Exceptions\SecurityException::forDisallowedAction()
 2 SYSTEMPATH/Filters/CSRF.php(56): CodeIgniter\Security\Security->verify(Object(CodeIgniter\HTTP\IncomingRequest))
 3 SYSTEMPATH/Filters/Filters.php(184): CodeIgniter\Filters\CSRF->before(Object(CodeIgniter\HTTP\IncomingRequest), null)
 4 SYSTEMPATH/CodeIgniter.php(474): CodeIgniter\Filters\Filters->run('File/getImages', 'before')
 5 SYSTEMPATH/CodeIgniter.php(360): CodeIgniter\CodeIgniter->handleRequest(null, Object(Config\Cache), false)
 6 FCPATH/index.php(95): CodeIgniter\CodeIgniter->run()
CRITICAL - 2025-02-14 17:40:13 --> CodeIgniter\Security\Exceptions\SecurityException: The action you requested is not allowed.
in SYSTEMPATH/Security/Security.php on line 300.
 1 SYSTEMPATH/Security/Security.php(300): CodeIgniter\Security\Exceptions\SecurityException::forDisallowedAction()
 2 SYSTEMPATH/Filters/CSRF.php(56): CodeIgniter\Security\Security->verify(Object(CodeIgniter\HTTP\IncomingRequest))
 3 SYSTEMPATH/Filters/Filters.php(184): CodeIgniter\Filters\CSRF->before(Object(CodeIgniter\HTTP\IncomingRequest), null)
 4 SYSTEMPATH/CodeIgniter.php(474): CodeIgniter\Filters\Filters->run('Category/getSubCategories', 'before')
 5 SYSTEMPATH/CodeIgniter.php(360): CodeIgniter\CodeIgniter->handleRequest(null, Object(Config\Cache), false)
 6 FCPATH/index.php(95): CodeIgniter\CodeIgniter->run()
CRITICAL - 2025-02-14 19:58:15 --> TypeError: CodeIgniter\Database\BaseBuilder::like(): Argument #2 ($match) must be of type string, null given, called in /home/digibangla/public_html/app/Models/FileModel.php on line 100
in SYSTEMPATH/Database/BaseBuilder.php on line 984.
 1 APPPATH/Models/FileModel.php(100): CodeIgniter\Database\BaseBuilder->like('file_name', null)
 2 APPPATH/Controllers/FileController.php(69): App\Models\FileModel->searchImages(null)
 3 SYSTEMPATH/CodeIgniter.php(942): App\Controllers\FileController->searchImage()
 4 SYSTEMPATH/CodeIgniter.php(502): CodeIgniter\CodeIgniter->runController(Object(App\Controllers\FileController))
 5 SYSTEMPATH/CodeIgniter.php(360): CodeIgniter\CodeIgniter->handleRequest(null, Object(Config\Cache), false)
 6 FCPATH/index.php(95): CodeIgniter\CodeIgniter->run()
CRITICAL - 2025-02-14 15:58:28 --> ErrorException: ini_set(): Session ini settings cannot be changed when a session is active
in SYSTEMPATH/Session/Handlers/BaseHandler.php on line 171.
 1 [internal function]: CodeIgniter\Debug\Exceptions->errorHandler(2, 'ini_set(): Session ini settings cannot be changed when a session is active', '/home/digibangla/public_html/system/Session/Handlers/BaseHandler.php', 171)
 2 SYSTEMPATH/Session/Handlers/BaseHandler.php(171): ini_set('session.save_path', 'ci_sessions')
 3 SYSTEMPATH/Session/Handlers/Database/MySQLiHandler.php(35): CodeIgniter\Session\Handlers\BaseHandler->fail()
 4 SYSTEMPATH/Session/Handlers/DatabaseHandler.php(115): CodeIgniter\Session\Handlers\Database\MySQLiHandler->lockSession('155b7180676c28540fadfd6909624af1b8afa1cb')
 5 [internal function]: CodeIgniter\Session\Handlers\DatabaseHandler->read('155b7180676c28540fadfd6909624af1b8afa1cb')
 6 SYSTEMPATH/Session/Session.php(919): session_start()
 7 SYSTEMPATH/Session/Session.php(241): CodeIgniter\Session\Session->startSession()
 8 SYSTEMPATH/Config/Services.php(699): CodeIgniter\Session\Session->start()
 9 SYSTEMPATH/Config/BaseService.php(258): CodeIgniter\Config\Services::session(Object(Config\Session), false)
10 SYSTEMPATH/Config/BaseService.php(199): CodeIgniter\Config\BaseService::__callStatic('session', [...])
11 SYSTEMPATH/Config/Services.php(664): CodeIgniter\Config\BaseService::getSharedInstance('session', null)
12 SYSTEMPATH/Config/BaseService.php(258): CodeIgniter\Config\Services::session()
13 APPPATH/Config/Globals.php(46): CodeIgniter\Config\BaseService::__callStatic('session', [])
14 APPPATH/Config/Globals.php(159): Config\Globals::setGlobals()
15 SYSTEMPATH/Autoloader/Autoloader.php(311): include_once('/home/digibangla/public_html/app/Config/Globals.php')
16 SYSTEMPATH/Autoloader/Autoloader.php(290): CodeIgniter\Autoloader\Autoloader->includeFile('/home/digibangla/public_html/app/Config/Globals.php')
17 SYSTEMPATH/Autoloader/Autoloader.php(266): CodeIgniter\Autoloader\Autoloader->loadInNamespace('Config\\Globals')
18 APPPATH/Config/Routes.php(9): CodeIgniter\Autoloader\Autoloader->loadClass('Config\\Globals')
19 SYSTEMPATH/Router/RouteCollection.php(345): require('/home/digibangla/public_html/app/Config/Routes.php')
20 SYSTEMPATH/CodeIgniter.php(810): CodeIgniter\Router\RouteCollection->loadRoutes()
21 SYSTEMPATH/CodeIgniter.php(449): CodeIgniter\CodeIgniter->tryToRouteIt(null)
22 SYSTEMPATH/CodeIgniter.php(360): CodeIgniter\CodeIgniter->handleRequest(null, Object(Config\Cache), false)
23 FCPATH/index.php(95): CodeIgniter\CodeIgniter->run()
CRITICAL - 2025-02-14 17:46:28 --> ErrorException: ini_set(): Session ini settings cannot be changed when a session is active
in SYSTEMPATH/Session/Handlers/BaseHandler.php on line 171.
 1 [internal function]: CodeIgniter\Debug\Exceptions->errorHandler(2, 'ini_set(): Session ini settings cannot be changed when a session is active', '/home/digibangla/public_html/system/Session/Handlers/BaseHandler.php', 171)
 2 SYSTEMPATH/Session/Handlers/BaseHandler.php(171): ini_set('session.save_path', 'ci_sessions')
 3 SYSTEMPATH/Session/Handlers/Database/MySQLiHandler.php(35): CodeIgniter\Session\Handlers\BaseHandler->fail()
 4 SYSTEMPATH/Session/Handlers/DatabaseHandler.php(115): CodeIgniter\Session\Handlers\Database\MySQLiHandler->lockSession('ec98bf4fd06abe2fbfb60b60f3c211c78a89e2d5')
 5 [internal function]: CodeIgniter\Session\Handlers\DatabaseHandler->read('ec98bf4fd06abe2fbfb60b60f3c211c78a89e2d5')
 6 SYSTEMPATH/Session/Session.php(919): session_start()
 7 SYSTEMPATH/Session/Session.php(241): CodeIgniter\Session\Session->startSession()
 8 SYSTEMPATH/Config/Services.php(699): CodeIgniter\Session\Session->start()
 9 SYSTEMPATH/Config/BaseService.php(258): CodeIgniter\Config\Services::session(Object(Config\Session), false)
10 SYSTEMPATH/Config/BaseService.php(199): CodeIgniter\Config\BaseService::__callStatic('session', [...])
11 SYSTEMPATH/Config/Services.php(664): CodeIgniter\Config\BaseService::getSharedInstance('session', null)
12 SYSTEMPATH/Config/BaseService.php(258): CodeIgniter\Config\Services::session()
13 APPPATH/Config/Globals.php(46): CodeIgniter\Config\BaseService::__callStatic('session', [])
14 APPPATH/Config/Globals.php(159): Config\Globals::setGlobals()
15 SYSTEMPATH/Autoloader/Autoloader.php(311): include_once('/home/digibangla/public_html/app/Config/Globals.php')
16 SYSTEMPATH/Autoloader/Autoloader.php(290): CodeIgniter\Autoloader\Autoloader->includeFile('/home/digibangla/public_html/app/Config/Globals.php')
17 SYSTEMPATH/Autoloader/Autoloader.php(266): CodeIgniter\Autoloader\Autoloader->loadInNamespace('Config\\Globals')
18 APPPATH/Config/Routes.php(9): CodeIgniter\Autoloader\Autoloader->loadClass('Config\\Globals')
19 SYSTEMPATH/Router/RouteCollection.php(345): require('/home/digibangla/public_html/app/Config/Routes.php')
20 SYSTEMPATH/CodeIgniter.php(810): CodeIgniter\Router\RouteCollection->loadRoutes()
21 SYSTEMPATH/CodeIgniter.php(449): CodeIgniter\CodeIgniter->tryToRouteIt(null)
22 SYSTEMPATH/CodeIgniter.php(360): CodeIgniter\CodeIgniter->handleRequest(null, Object(Config\Cache), false)
23 FCPATH/index.php(95): CodeIgniter\CodeIgniter->run()
CRITICAL - 2025-02-14 17:46:34 --> ErrorException: ini_set(): Session ini settings cannot be changed when a session is active
in SYSTEMPATH/Session/Handlers/BaseHandler.php on line 171.
 1 [internal function]: CodeIgniter\Debug\Exceptions->errorHandler(2, 'ini_set(): Session ini settings cannot be changed when a session is active', '/home/digibangla/public_html/system/Session/Handlers/BaseHandler.php', 171)
 2 SYSTEMPATH/Session/Handlers/BaseHandler.php(171): ini_set('session.save_path', 'ci_sessions')
 3 SYSTEMPATH/Session/Handlers/Database/MySQLiHandler.php(35): CodeIgniter\Session\Handlers\BaseHandler->fail()
 4 SYSTEMPATH/Session/Handlers/DatabaseHandler.php(115): CodeIgniter\Session\Handlers\Database\MySQLiHandler->lockSession('395c1871be539a46e355980a41408e609a531b8b')
 5 [internal function]: CodeIgniter\Session\Handlers\DatabaseHandler->read('395c1871be539a46e355980a41408e609a531b8b')
 6 SYSTEMPATH/Session/Session.php(919): session_start()
 7 SYSTEMPATH/Session/Session.php(241): CodeIgniter\Session\Session->startSession()
 8 SYSTEMPATH/Config/Services.php(699): CodeIgniter\Session\Session->start()
 9 SYSTEMPATH/Config/BaseService.php(258): CodeIgniter\Config\Services::session(Object(Config\Session), false)
10 SYSTEMPATH/Config/BaseService.php(199): CodeIgniter\Config\BaseService::__callStatic('session', [...])
11 SYSTEMPATH/Config/Services.php(664): CodeIgniter\Config\BaseService::getSharedInstance('session', null)
12 SYSTEMPATH/Config/BaseService.php(258): CodeIgniter\Config\Services::session()
13 APPPATH/Config/Globals.php(46): CodeIgniter\Config\BaseService::__callStatic('session', [])
14 APPPATH/Config/Globals.php(159): Config\Globals::setGlobals()
15 SYSTEMPATH/Autoloader/Autoloader.php(311): include_once('/home/digibangla/public_html/app/Config/Globals.php')
16 SYSTEMPATH/Autoloader/Autoloader.php(290): CodeIgniter\Autoloader\Autoloader->includeFile('/home/digibangla/public_html/app/Config/Globals.php')
17 SYSTEMPATH/Autoloader/Autoloader.php(266): CodeIgniter\Autoloader\Autoloader->loadInNamespace('Config\\Globals')
18 APPPATH/Config/Routes.php(9): CodeIgniter\Autoloader\Autoloader->loadClass('Config\\Globals')
19 SYSTEMPATH/Router/RouteCollection.php(345): require('/home/digibangla/public_html/app/Config/Routes.php')
20 SYSTEMPATH/CodeIgniter.php(810): CodeIgniter\Router\RouteCollection->loadRoutes()
21 SYSTEMPATH/CodeIgniter.php(449): CodeIgniter\CodeIgniter->tryToRouteIt(null)
22 SYSTEMPATH/CodeIgniter.php(360): CodeIgniter\CodeIgniter->handleRequest(null, Object(Config\Cache), false)
23 FCPATH/index.php(95): CodeIgniter\CodeIgniter->run()
CRITICAL - 2025-02-14 17:46:29 --> ErrorException: ini_set(): Session ini settings cannot be changed when a session is active
in SYSTEMPATH/Session/Handlers/BaseHandler.php on line 171.
 1 [internal function]: CodeIgniter\Debug\Exceptions->errorHandler(2, 'ini_set(): Session ini settings cannot be changed when a session is active', '/home/digibangla/public_html/system/Session/Handlers/BaseHandler.php', 171)
 2 SYSTEMPATH/Session/Handlers/BaseHandler.php(171): ini_set('session.save_path', 'ci_sessions')
 3 SYSTEMPATH/Session/Handlers/Database/MySQLiHandler.php(35): CodeIgniter\Session\Handlers\BaseHandler->fail()
 4 SYSTEMPATH/Session/Handlers/DatabaseHandler.php(115): CodeIgniter\Session\Handlers\Database\MySQLiHandler->lockSession('a880f1ae5c5a21f36fde1e5fec55b6f169f6e8df')
 5 [internal function]: CodeIgniter\Session\Handlers\DatabaseHandler->read('a880f1ae5c5a21f36fde1e5fec55b6f169f6e8df')
 6 SYSTEMPATH/Session/Session.php(919): session_start()
 7 SYSTEMPATH/Session/Session.php(241): CodeIgniter\Session\Session->startSession()
 8 SYSTEMPATH/Config/Services.php(699): CodeIgniter\Session\Session->start()
 9 SYSTEMPATH/Config/BaseService.php(258): CodeIgniter\Config\Services::session(Object(Config\Session), false)
10 SYSTEMPATH/Config/BaseService.php(199): CodeIgniter\Config\BaseService::__callStatic('session', [...])
11 SYSTEMPATH/Config/Services.php(664): CodeIgniter\Config\BaseService::getSharedInstance('session', null)
12 SYSTEMPATH/Config/BaseService.php(258): CodeIgniter\Config\Services::session()
13 APPPATH/Config/Globals.php(46): CodeIgniter\Config\BaseService::__callStatic('session', [])
14 APPPATH/Config/Globals.php(159): Config\Globals::setGlobals()
15 SYSTEMPATH/Autoloader/Autoloader.php(311): include_once('/home/digibangla/public_html/app/Config/Globals.php')
16 SYSTEMPATH/Autoloader/Autoloader.php(290): CodeIgniter\Autoloader\Autoloader->includeFile('/home/digibangla/public_html/app/Config/Globals.php')
17 SYSTEMPATH/Autoloader/Autoloader.php(266): CodeIgniter\Autoloader\Autoloader->loadInNamespace('Config\\Globals')
18 APPPATH/Config/Routes.php(9): CodeIgniter\Autoloader\Autoloader->loadClass('Config\\Globals')
19 SYSTEMPATH/Router/RouteCollection.php(345): require('/home/digibangla/public_html/app/Config/Routes.php')
20 SYSTEMPATH/CodeIgniter.php(810): CodeIgniter\Router\RouteCollection->loadRoutes()
21 SYSTEMPATH/CodeIgniter.php(449): CodeIgniter\CodeIgniter->tryToRouteIt(null)
22 SYSTEMPATH/CodeIgniter.php(360): CodeIgniter\CodeIgniter->handleRequest(null, Object(Config\Cache), false)
23 FCPATH/index.php(95): CodeIgniter\CodeIgniter->run()
CRITICAL - 2025-02-14 17:46:34 --> ErrorException: ini_set(): Session ini settings cannot be changed when a session is active
in SYSTEMPATH/Session/Handlers/BaseHandler.php on line 171.
 1 [internal function]: CodeIgniter\Debug\Exceptions->errorHandler(2, 'ini_set(): Session ini settings cannot be changed when a session is active', '/home/digibangla/public_html/system/Session/Handlers/BaseHandler.php', 171)
 2 SYSTEMPATH/Session/Handlers/BaseHandler.php(171): ini_set('session.save_path', 'ci_sessions')
 3 SYSTEMPATH/Session/Handlers/Database/MySQLiHandler.php(35): CodeIgniter\Session\Handlers\BaseHandler->fail()
 4 SYSTEMPATH/Session/Handlers/DatabaseHandler.php(115): CodeIgniter\Session\Handlers\Database\MySQLiHandler->lockSession('395c1871be539a46e355980a41408e609a531b8b')
 5 [internal function]: CodeIgniter\Session\Handlers\DatabaseHandler->read('395c1871be539a46e355980a41408e609a531b8b')
 6 SYSTEMPATH/Session/Session.php(919): session_start()
 7 SYSTEMPATH/Session/Session.php(241): CodeIgniter\Session\Session->startSession()
 8 SYSTEMPATH/Config/Services.php(699): CodeIgniter\Session\Session->start()
 9 SYSTEMPATH/Config/BaseService.php(258): CodeIgniter\Config\Services::session(Object(Config\Session), false)
10 SYSTEMPATH/Config/BaseService.php(199): CodeIgniter\Config\BaseService::__callStatic('session', [...])
11 SYSTEMPATH/Config/Services.php(664): CodeIgniter\Config\BaseService::getSharedInstance('session', null)
12 SYSTEMPATH/Config/BaseService.php(258): CodeIgniter\Config\Services::session()
13 APPPATH/Config/Globals.php(46): CodeIgniter\Config\BaseService::__callStatic('session', [])
14 APPPATH/Config/Globals.php(159): Config\Globals::setGlobals()
15 SYSTEMPATH/Autoloader/Autoloader.php(311): include_once('/home/digibangla/public_html/app/Config/Globals.php')
16 SYSTEMPATH/Autoloader/Autoloader.php(290): CodeIgniter\Autoloader\Autoloader->includeFile('/home/digibangla/public_html/app/Config/Globals.php')
17 SYSTEMPATH/Autoloader/Autoloader.php(266): CodeIgniter\Autoloader\Autoloader->loadInNamespace('Config\\Globals')
18 APPPATH/Config/Routes.php(9): CodeIgniter\Autoloader\Autoloader->loadClass('Config\\Globals')
19 SYSTEMPATH/Router/RouteCollection.php(345): require('/home/digibangla/public_html/app/Config/Routes.php')
20 SYSTEMPATH/CodeIgniter.php(810): CodeIgniter\Router\RouteCollection->loadRoutes()
21 SYSTEMPATH/CodeIgniter.php(449): CodeIgniter\CodeIgniter->tryToRouteIt(null)
22 SYSTEMPATH/CodeIgniter.php(360): CodeIgniter\CodeIgniter->handleRequest(null, Object(Config\Cache), false)
23 FCPATH/index.php(95): CodeIgniter\CodeIgniter->run()
CRITICAL - 2025-02-14 17:46:34 --> ErrorException: ini_set(): Session ini settings cannot be changed when a session is active
in SYSTEMPATH/Session/Handlers/BaseHandler.php on line 171.
 1 [internal function]: CodeIgniter\Debug\Exceptions->errorHandler(2, 'ini_set(): Session ini settings cannot be changed when a session is active', '/home/digibangla/public_html/system/Session/Handlers/BaseHandler.php', 171)
 2 SYSTEMPATH/Session/Handlers/BaseHandler.php(171): ini_set('session.save_path', 'ci_sessions')
 3 SYSTEMPATH/Session/Handlers/Database/MySQLiHandler.php(35): CodeIgniter\Session\Handlers\BaseHandler->fail()
 4 SYSTEMPATH/Session/Handlers/DatabaseHandler.php(115): CodeIgniter\Session\Handlers\Database\MySQLiHandler->lockSession('395c1871be539a46e355980a41408e609a531b8b')
 5 [internal function]: CodeIgniter\Session\Handlers\DatabaseHandler->read('395c1871be539a46e355980a41408e609a531b8b')
 6 SYSTEMPATH/Session/Session.php(919): session_start()
 7 SYSTEMPATH/Session/Session.php(241): CodeIgniter\Session\Session->startSession()
 8 SYSTEMPATH/Config/Services.php(699): CodeIgniter\Session\Session->start()
 9 SYSTEMPATH/Config/BaseService.php(258): CodeIgniter\Config\Services::session(Object(Config\Session), false)
10 SYSTEMPATH/Config/BaseService.php(199): CodeIgniter\Config\BaseService::__callStatic('session', [...])
11 SYSTEMPATH/Config/Services.php(664): CodeIgniter\Config\BaseService::getSharedInstance('session', null)
12 SYSTEMPATH/Config/BaseService.php(258): CodeIgniter\Config\Services::session()
13 APPPATH/Config/Globals.php(46): CodeIgniter\Config\BaseService::__callStatic('session', [])
14 APPPATH/Config/Globals.php(159): Config\Globals::setGlobals()
15 SYSTEMPATH/Autoloader/Autoloader.php(311): include_once('/home/digibangla/public_html/app/Config/Globals.php')
16 SYSTEMPATH/Autoloader/Autoloader.php(290): CodeIgniter\Autoloader\Autoloader->includeFile('/home/digibangla/public_html/app/Config/Globals.php')
17 SYSTEMPATH/Autoloader/Autoloader.php(266): CodeIgniter\Autoloader\Autoloader->loadInNamespace('Config\\Globals')
18 APPPATH/Config/Routes.php(9): CodeIgniter\Autoloader\Autoloader->loadClass('Config\\Globals')
19 SYSTEMPATH/Router/RouteCollection.php(345): require('/home/digibangla/public_html/app/Config/Routes.php')
20 SYSTEMPATH/CodeIgniter.php(810): CodeIgniter\Router\RouteCollection->loadRoutes()
21 SYSTEMPATH/CodeIgniter.php(449): CodeIgniter\CodeIgniter->tryToRouteIt(null)
22 SYSTEMPATH/CodeIgniter.php(360): CodeIgniter\CodeIgniter->handleRequest(null, Object(Config\Cache), false)
23 FCPATH/index.php(95): CodeIgniter\CodeIgniter->run()
CRITICAL - 2025-02-14 18:07:46 --> ErrorException: ini_set(): Session ini settings cannot be changed when a session is active
in SYSTEMPATH/Session/Handlers/BaseHandler.php on line 171.
 1 [internal function]: CodeIgniter\Debug\Exceptions->errorHandler(2, 'ini_set(): Session ini settings cannot be changed when a session is active', '/home/digibangla/public_html/system/Session/Handlers/BaseHandler.php', 171)
 2 SYSTEMPATH/Session/Handlers/BaseHandler.php(171): ini_set('session.save_path', 'ci_sessions')
 3 SYSTEMPATH/Session/Handlers/Database/MySQLiHandler.php(35): CodeIgniter\Session\Handlers\BaseHandler->fail()
 4 SYSTEMPATH/Session/Handlers/DatabaseHandler.php(115): CodeIgniter\Session\Handlers\Database\MySQLiHandler->lockSession('0c3845d218acf1f494df6615a7a6feeef305efc7')
 5 [internal function]: CodeIgniter\Session\Handlers\DatabaseHandler->read('0c3845d218acf1f494df6615a7a6feeef305efc7')
 6 SYSTEMPATH/Session/Session.php(919): session_start()
 7 SYSTEMPATH/Session/Session.php(241): CodeIgniter\Session\Session->startSession()
 8 SYSTEMPATH/Config/Services.php(699): CodeIgniter\Session\Session->start()
 9 SYSTEMPATH/Config/BaseService.php(258): CodeIgniter\Config\Services::session(Object(Config\Session), false)
10 SYSTEMPATH/Config/BaseService.php(199): CodeIgniter\Config\BaseService::__callStatic('session', [...])
11 SYSTEMPATH/Config/Services.php(664): CodeIgniter\Config\BaseService::getSharedInstance('session', null)
12 SYSTEMPATH/Config/BaseService.php(258): CodeIgniter\Config\Services::session()
13 APPPATH/Config/Globals.php(46): CodeIgniter\Config\BaseService::__callStatic('session', [])
14 APPPATH/Config/Globals.php(159): Config\Globals::setGlobals()
15 SYSTEMPATH/Autoloader/Autoloader.php(311): include_once('/home/digibangla/public_html/app/Config/Globals.php')
16 SYSTEMPATH/Autoloader/Autoloader.php(290): CodeIgniter\Autoloader\Autoloader->includeFile('/home/digibangla/public_html/app/Config/Globals.php')
17 SYSTEMPATH/Autoloader/Autoloader.php(266): CodeIgniter\Autoloader\Autoloader->loadInNamespace('Config\\Globals')
18 APPPATH/Config/Routes.php(9): CodeIgniter\Autoloader\Autoloader->loadClass('Config\\Globals')
19 SYSTEMPATH/Router/RouteCollection.php(345): require('/home/digibangla/public_html/app/Config/Routes.php')
20 SYSTEMPATH/CodeIgniter.php(810): CodeIgniter\Router\RouteCollection->loadRoutes()
21 SYSTEMPATH/CodeIgniter.php(449): CodeIgniter\CodeIgniter->tryToRouteIt(null)
22 SYSTEMPATH/CodeIgniter.php(360): CodeIgniter\CodeIgniter->handleRequest(null, Object(Config\Cache), false)
23 FCPATH/index.php(95): CodeIgniter\CodeIgniter->run()
CRITICAL - 2025-02-14 18:07:46 --> ErrorException: ini_set(): Session ini settings cannot be changed when a session is active
in SYSTEMPATH/Session/Handlers/BaseHandler.php on line 171.
 1 [internal function]: CodeIgniter\Debug\Exceptions->errorHandler(2, 'ini_set(): Session ini settings cannot be changed when a session is active', '/home/digibangla/public_html/system/Session/Handlers/BaseHandler.php', 171)
 2 SYSTEMPATH/Session/Handlers/BaseHandler.php(171): ini_set('session.save_path', 'ci_sessions')
 3 SYSTEMPATH/Session/Handlers/Database/MySQLiHandler.php(35): CodeIgniter\Session\Handlers\BaseHandler->fail()
 4 SYSTEMPATH/Session/Handlers/DatabaseHandler.php(115): CodeIgniter\Session\Handlers\Database\MySQLiHandler->lockSession('b608599eb6fc8b5b7770bd4a32058797bce27e1b')
 5 [internal function]: CodeIgniter\Session\Handlers\DatabaseHandler->read('b608599eb6fc8b5b7770bd4a32058797bce27e1b')
 6 SYSTEMPATH/Session/Session.php(919): session_start()
 7 SYSTEMPATH/Session/Session.php(241): CodeIgniter\Session\Session->startSession()
 8 SYSTEMPATH/Config/Services.php(699): CodeIgniter\Session\Session->start()
 9 SYSTEMPATH/Config/BaseService.php(258): CodeIgniter\Config\Services::session(Object(Config\Session), false)
10 SYSTEMPATH/Config/BaseService.php(199): CodeIgniter\Config\BaseService::__callStatic('session', [...])
11 SYSTEMPATH/Config/Services.php(664): CodeIgniter\Config\BaseService::getSharedInstance('session', null)
12 SYSTEMPATH/Config/BaseService.php(258): CodeIgniter\Config\Services::session()
13 APPPATH/Config/Globals.php(46): CodeIgniter\Config\BaseService::__callStatic('session', [])
14 APPPATH/Config/Globals.php(159): Config\Globals::setGlobals()
15 SYSTEMPATH/Autoloader/Autoloader.php(311): include_once('/home/digibangla/public_html/app/Config/Globals.php')
16 SYSTEMPATH/Autoloader/Autoloader.php(290): CodeIgniter\Autoloader\Autoloader->includeFile('/home/digibangla/public_html/app/Config/Globals.php')
17 SYSTEMPATH/Autoloader/Autoloader.php(266): CodeIgniter\Autoloader\Autoloader->loadInNamespace('Config\\Globals')
18 APPPATH/Config/Routes.php(9): CodeIgniter\Autoloader\Autoloader->loadClass('Config\\Globals')
19 SYSTEMPATH/Router/RouteCollection.php(345): require('/home/digibangla/public_html/app/Config/Routes.php')
20 SYSTEMPATH/CodeIgniter.php(810): CodeIgniter\Router\RouteCollection->loadRoutes()
21 SYSTEMPATH/CodeIgniter.php(449): CodeIgniter\CodeIgniter->tryToRouteIt(null)
22 SYSTEMPATH/CodeIgniter.php(360): CodeIgniter\CodeIgniter->handleRequest(null, Object(Config\Cache), false)
23 FCPATH/index.php(95): CodeIgniter\CodeIgniter->run()
