CRITICAL - 2025-05-12 10:24:39 --> ErrorException: Undefined array key "HTTP_USER_AGENT"
in APPPATH/Common.php on line 2410.
 1 APPPATH/Common.php(2410): CodeIgniter\Debug\Exceptions->errorHandler(2, 'Undefined array key "HTTP_USER_AGENT"', '/home/digibangla/public_html/app/Common.php', 2410)
 2 APPPATH/Models/PostModel.php(392): isBot()
 3 APPPATH/Controllers/HomeController.php(197): App\Models\PostModel->increasePostPageviews(Object(stdClass), Object(stdClass))
 4 APPPATH/Controllers/HomeController.php(113): App\Controllers\HomeController->post(Object(stdClass))
 5 SYSTEMPATH/CodeIgniter.php(942): App\Controllers\HomeController->any('153611')
 6 SYSTEMPATH/CodeIgniter.php(502): CodeIgniter\CodeIgniter->runController(Object(App\Controllers\HomeController))
 7 SYSTEMPATH/CodeIgniter.php(360): CodeIgniter\CodeIgniter->handleRequest(null, Object(Config\Cache), false)
 8 FCPATH/index.php(95): CodeIgniter\CodeIgniter->run()
CRITICAL - 2025-05-12 18:41:58 --> TypeError: CodeIgniter\Database\BaseBuilder::like(): Argument #2 ($match) must be of type string, null given, called in /home/digibangla/public_html/app/Models/FileModel.php on line 100
in SYSTEMPATH/Database/BaseBuilder.php on line 984.
 1 APPPATH/Models/FileModel.php(100): CodeIgniter\Database\BaseBuilder->like('file_name', null)
 2 APPPATH/Controllers/FileController.php(69): App\Models\FileModel->searchImages(null)
 3 SYSTEMPATH/CodeIgniter.php(942): App\Controllers\FileController->searchImage()
 4 SYSTEMPATH/CodeIgniter.php(502): CodeIgniter\CodeIgniter->runController(Object(App\Controllers\FileController))
 5 SYSTEMPATH/CodeIgniter.php(360): CodeIgniter\CodeIgniter->handleRequest(null, Object(Config\Cache), false)
 6 FCPATH/index.php(95): CodeIgniter\CodeIgniter->run()
CRITICAL - 2025-05-12 18:46:43 --> TypeError: CodeIgniter\Database\BaseBuilder::like(): Argument #2 ($match) must be of type string, null given, called in /home/digibangla/public_html/app/Models/FileModel.php on line 100
in SYSTEMPATH/Database/BaseBuilder.php on line 984.
 1 APPPATH/Models/FileModel.php(100): CodeIgniter\Database\BaseBuilder->like('file_name', null)
 2 APPPATH/Controllers/FileController.php(69): App\Models\FileModel->searchImages(null)
 3 SYSTEMPATH/CodeIgniter.php(942): App\Controllers\FileController->searchImage()
 4 SYSTEMPATH/CodeIgniter.php(502): CodeIgniter\CodeIgniter->runController(Object(App\Controllers\FileController))
 5 SYSTEMPATH/CodeIgniter.php(360): CodeIgniter\CodeIgniter->handleRequest(null, Object(Config\Cache), false)
 6 FCPATH/index.php(95): CodeIgniter\CodeIgniter->run()
CRITICAL - 2025-05-12 19:30:35 --> ErrorException: Undefined array key "HTTP_USER_AGENT"
in APPPATH/Common.php on line 2410.
 1 APPPATH/Common.php(2410): CodeIgniter\Debug\Exceptions->errorHandler(2, 'Undefined array key "HTTP_USER_AGENT"', '/home/digibangla/public_html/app/Common.php', 2410)
 2 APPPATH/Models/PostModel.php(392): isBot()
 3 APPPATH/Controllers/HomeController.php(197): App\Models\PostModel->increasePostPageviews(Object(stdClass), Object(stdClass))
 4 APPPATH/Controllers/HomeController.php(113): App\Controllers\HomeController->post(Object(stdClass))
 5 SYSTEMPATH/CodeIgniter.php(942): App\Controllers\HomeController->any('153647')
 6 SYSTEMPATH/CodeIgniter.php(502): CodeIgniter\CodeIgniter->runController(Object(App\Controllers\HomeController))
 7 SYSTEMPATH/CodeIgniter.php(360): CodeIgniter\CodeIgniter->handleRequest(null, Object(Config\Cache), false)
 8 FCPATH/index.php(95): CodeIgniter\CodeIgniter->run()
CRITICAL - 2025-05-12 21:16:21 --> ErrorException: Undefined array key "HTTP_USER_AGENT"
in APPPATH/Common.php on line 2410.
 1 APPPATH/Common.php(2410): CodeIgniter\Debug\Exceptions->errorHandler(2, 'Undefined array key "HTTP_USER_AGENT"', '/home/digibangla/public_html/app/Common.php', 2410)
 2 APPPATH/Models/PostModel.php(392): isBot()
 3 APPPATH/Controllers/HomeController.php(197): App\Models\PostModel->increasePostPageviews(Object(stdClass), Object(stdClass))
 4 APPPATH/Controllers/HomeController.php(113): App\Controllers\HomeController->post(Object(stdClass))
 5 SYSTEMPATH/CodeIgniter.php(942): App\Controllers\HomeController->any('153678')
 6 SYSTEMPATH/CodeIgniter.php(502): CodeIgniter\CodeIgniter->runController(Object(App\Controllers\HomeController))
 7 SYSTEMPATH/CodeIgniter.php(360): CodeIgniter\CodeIgniter->handleRequest(null, Object(Config\Cache), false)
 8 FCPATH/index.php(95): CodeIgniter\CodeIgniter->run()
CRITICAL - 2025-05-12 21:58:02 --> CodeIgniter\Security\Exceptions\SecurityException: The action you requested is not allowed.
in SYSTEMPATH/Security/Security.php on line 300.
 1 SYSTEMPATH/Security/Security.php(300): CodeIgniter\Security\Exceptions\SecurityException::forDisallowedAction()
 2 SYSTEMPATH/Filters/CSRF.php(56): CodeIgniter\Security\Security->verify(Object(CodeIgniter\HTTP\IncomingRequest))
 3 SYSTEMPATH/Filters/Filters.php(182): CodeIgniter\Filters\CSRF->before(Object(CodeIgniter\HTTP\IncomingRequest), null)
 4 SYSTEMPATH/CodeIgniter.php(474): CodeIgniter\Filters\Filters->run('Category/getSubCategories', 'before')
 5 SYSTEMPATH/CodeIgniter.php(360): CodeIgniter\CodeIgniter->handleRequest(null, Object(Config\Cache), false)
 6 FCPATH/index.php(95): CodeIgniter\CodeIgniter->run()
