CRITICAL - 2025-09-14 08:34:30 --> ErrorException: Undefined variable $featuredPostsId
in APPPATH/Common.php on line 1837.
 1 APPPATH/Common.php(1837): CodeIgniter\Debug\Exceptions->errorHandler(2, 'Undefined variable $featuredPostsId', '/home/digibangla/public_html/app/Common.php', 1837)
 2 APPPATH/Models/PostModel.php(80): getFeaturedPostsId()
 3 APPPATH/Common.php(1992): App\Models\PostModel->getLatestPosts('1', 20)
 4 APPPATH/Controllers/HomeController.php(36): getLatestPosts('1', 20)
 5 SYSTEMPATH/CodeIgniter.php(942): App\Controllers\HomeController->index()
 6 SYSTEMPATH/CodeIgniter.php(502): CodeIgniter\CodeIgniter->runController(Object(App\Controllers\HomeController))
 7 SYSTEMPATH/CodeIgniter.php(360): CodeIgniter\CodeIgniter->handleRequest(null, Object(Config\Cache), false)
 8 FCPATH/index.php(95): CodeIgniter\CodeIgniter->run()
CRITICAL - 2025-09-14 11:56:43 --> ErrorException: Undefined variable $featuredPostsId
in APPPATH/Common.php on line 1837.
 1 APPPATH/Common.php(1837): CodeIgniter\Debug\Exceptions->errorHandler(2, 'Undefined variable $featuredPostsId', '/home/digibangla/public_html/app/Common.php', 1837)
 2 APPPATH/Models/PostModel.php(80): getFeaturedPostsId()
 3 APPPATH/Common.php(1992): App\Models\PostModel->getLatestPosts('1', 20)
 4 APPPATH/Controllers/HomeController.php(36): getLatestPosts('1', 20)
 5 SYSTEMPATH/CodeIgniter.php(942): App\Controllers\HomeController->index()
 6 SYSTEMPATH/CodeIgniter.php(502): CodeIgniter\CodeIgniter->runController(Object(App\Controllers\HomeController))
 7 SYSTEMPATH/CodeIgniter.php(360): CodeIgniter\CodeIgniter->handleRequest(null, Object(Config\Cache), false)
 8 FCPATH/index.php(95): CodeIgniter\CodeIgniter->run()
CRITICAL - 2025-09-14 12:29:14 --> TypeError: CodeIgniter\Database\BaseBuilder::like(): Argument #2 ($match) must be of type string, null given, called in /home/digibangla/public_html/app/Models/FileModel.php on line 100
in SYSTEMPATH/Database/BaseBuilder.php on line 984.
 1 APPPATH/Models/FileModel.php(100): CodeIgniter\Database\BaseBuilder->like('file_name', null)
 2 APPPATH/Controllers/FileController.php(69): App\Models\FileModel->searchImages(null)
 3 SYSTEMPATH/CodeIgniter.php(942): App\Controllers\FileController->searchImage()
 4 SYSTEMPATH/CodeIgniter.php(502): CodeIgniter\CodeIgniter->runController(Object(App\Controllers\FileController))
 5 SYSTEMPATH/CodeIgniter.php(360): CodeIgniter\CodeIgniter->handleRequest(null, Object(Config\Cache), false)
 6 FCPATH/index.php(95): CodeIgniter\CodeIgniter->run()
CRITICAL - 2025-09-14 12:41:08 --> TypeError: CodeIgniter\Database\BaseBuilder::like(): Argument #2 ($match) must be of type string, null given, called in /home/digibangla/public_html/app/Models/FileModel.php on line 100
in SYSTEMPATH/Database/BaseBuilder.php on line 984.
 1 APPPATH/Models/FileModel.php(100): CodeIgniter\Database\BaseBuilder->like('file_name', null)
 2 APPPATH/Controllers/FileController.php(69): App\Models\FileModel->searchImages(null)
 3 SYSTEMPATH/CodeIgniter.php(942): App\Controllers\FileController->searchImage()
 4 SYSTEMPATH/CodeIgniter.php(502): CodeIgniter\CodeIgniter->runController(Object(App\Controllers\FileController))
 5 SYSTEMPATH/CodeIgniter.php(360): CodeIgniter\CodeIgniter->handleRequest(null, Object(Config\Cache), false)
 6 FCPATH/index.php(95): CodeIgniter\CodeIgniter->run()
CRITICAL - 2025-09-14 12:41:57 --> TypeError: CodeIgniter\Database\BaseBuilder::like(): Argument #2 ($match) must be of type string, null given, called in /home/digibangla/public_html/app/Models/FileModel.php on line 100
in SYSTEMPATH/Database/BaseBuilder.php on line 984.
 1 APPPATH/Models/FileModel.php(100): CodeIgniter\Database\BaseBuilder->like('file_name', null)
 2 APPPATH/Controllers/FileController.php(69): App\Models\FileModel->searchImages(null)
 3 SYSTEMPATH/CodeIgniter.php(942): App\Controllers\FileController->searchImage()
 4 SYSTEMPATH/CodeIgniter.php(502): CodeIgniter\CodeIgniter->runController(Object(App\Controllers\FileController))
 5 SYSTEMPATH/CodeIgniter.php(360): CodeIgniter\CodeIgniter->handleRequest(null, Object(Config\Cache), false)
 6 FCPATH/index.php(95): CodeIgniter\CodeIgniter->run()
CRITICAL - 2025-09-14 12:47:13 --> TypeError: CodeIgniter\Database\BaseBuilder::like(): Argument #2 ($match) must be of type string, null given, called in /home/digibangla/public_html/app/Models/FileModel.php on line 100
in SYSTEMPATH/Database/BaseBuilder.php on line 984.
 1 APPPATH/Models/FileModel.php(100): CodeIgniter\Database\BaseBuilder->like('file_name', null)
 2 APPPATH/Controllers/FileController.php(69): App\Models\FileModel->searchImages(null)
 3 SYSTEMPATH/CodeIgniter.php(942): App\Controllers\FileController->searchImage()
 4 SYSTEMPATH/CodeIgniter.php(502): CodeIgniter\CodeIgniter->runController(Object(App\Controllers\FileController))
 5 SYSTEMPATH/CodeIgniter.php(360): CodeIgniter\CodeIgniter->handleRequest(null, Object(Config\Cache), false)
 6 FCPATH/index.php(95): CodeIgniter\CodeIgniter->run()
CRITICAL - 2025-09-14 13:08:35 --> TypeError: CodeIgniter\Database\BaseBuilder::like(): Argument #2 ($match) must be of type string, null given, called in /home/digibangla/public_html/app/Models/FileModel.php on line 100
in SYSTEMPATH/Database/BaseBuilder.php on line 984.
 1 APPPATH/Models/FileModel.php(100): CodeIgniter\Database\BaseBuilder->like('file_name', null)
 2 APPPATH/Controllers/FileController.php(69): App\Models\FileModel->searchImages(null)
 3 SYSTEMPATH/CodeIgniter.php(942): App\Controllers\FileController->searchImage()
 4 SYSTEMPATH/CodeIgniter.php(502): CodeIgniter\CodeIgniter->runController(Object(App\Controllers\FileController))
 5 SYSTEMPATH/CodeIgniter.php(360): CodeIgniter\CodeIgniter->handleRequest(null, Object(Config\Cache), false)
 6 FCPATH/index.php(95): CodeIgniter\CodeIgniter->run()
CRITICAL - 2025-09-14 15:40:33 --> ErrorException: Undefined array key "HTTP_USER_AGENT"
in APPPATH/Common.php on line 2425.
 1 APPPATH/Common.php(2425): CodeIgniter\Debug\Exceptions->errorHandler(2, 'Undefined array key "HTTP_USER_AGENT"', '/home/digibangla/public_html/app/Common.php', 2425)
 2 APPPATH/Models/PostModel.php(417): isBot()
 3 APPPATH/Controllers/HomeController.php(200): App\Models\PostModel->increasePostPageviews(Object(stdClass), Object(stdClass))
 4 APPPATH/Controllers/HomeController.php(116): App\Controllers\HomeController->post(Object(stdClass))
 5 SYSTEMPATH/CodeIgniter.php(942): App\Controllers\HomeController->any('152896')
 6 SYSTEMPATH/CodeIgniter.php(502): CodeIgniter\CodeIgniter->runController(Object(App\Controllers\HomeController))
 7 SYSTEMPATH/CodeIgniter.php(360): CodeIgniter\CodeIgniter->handleRequest(null, Object(Config\Cache), false)
 8 FCPATH/index.php(95): CodeIgniter\CodeIgniter->run()
CRITICAL - 2025-09-14 16:13:57 --> TypeError: CodeIgniter\Database\BaseBuilder::like(): Argument #2 ($match) must be of type string, null given, called in /home/digibangla/public_html/app/Models/FileModel.php on line 100
in SYSTEMPATH/Database/BaseBuilder.php on line 984.
 1 APPPATH/Models/FileModel.php(100): CodeIgniter\Database\BaseBuilder->like('file_name', null)
 2 APPPATH/Controllers/FileController.php(69): App\Models\FileModel->searchImages(null)
 3 SYSTEMPATH/CodeIgniter.php(942): App\Controllers\FileController->searchImage()
 4 SYSTEMPATH/CodeIgniter.php(502): CodeIgniter\CodeIgniter->runController(Object(App\Controllers\FileController))
 5 SYSTEMPATH/CodeIgniter.php(360): CodeIgniter\CodeIgniter->handleRequest(null, Object(Config\Cache), false)
 6 FCPATH/index.php(95): CodeIgniter\CodeIgniter->run()
CRITICAL - 2025-09-14 17:54:22 --> ErrorException: Undefined variable $featuredPostsId
in APPPATH/Common.php on line 1837.
 1 APPPATH/Common.php(1837): CodeIgniter\Debug\Exceptions->errorHandler(2, 'Undefined variable $featuredPostsId', '/home/digibangla/public_html/app/Common.php', 1837)
 2 APPPATH/Models/PostModel.php(80): getFeaturedPostsId()
 3 APPPATH/Common.php(1992): App\Models\PostModel->getLatestPosts('1', 20)
 4 APPPATH/Controllers/HomeController.php(36): getLatestPosts('1', 20)
 5 SYSTEMPATH/CodeIgniter.php(942): App\Controllers\HomeController->index()
 6 SYSTEMPATH/CodeIgniter.php(502): CodeIgniter\CodeIgniter->runController(Object(App\Controllers\HomeController))
 7 SYSTEMPATH/CodeIgniter.php(360): CodeIgniter\CodeIgniter->handleRequest(null, Object(Config\Cache), false)
 8 FCPATH/index.php(95): CodeIgniter\CodeIgniter->run()
CRITICAL - 2025-09-14 19:25:39 --> ErrorException: Undefined variable $featuredPostsId
in APPPATH/Common.php on line 1837.
 1 APPPATH/Common.php(1837): CodeIgniter\Debug\Exceptions->errorHandler(2, 'Undefined variable $featuredPostsId', '/home/digibangla/public_html/app/Common.php', 1837)
 2 APPPATH/Models/PostModel.php(80): getFeaturedPostsId()
 3 APPPATH/Common.php(1992): App\Models\PostModel->getLatestPosts('1', 20)
 4 APPPATH/Controllers/HomeController.php(36): getLatestPosts('1', 20)
 5 SYSTEMPATH/CodeIgniter.php(942): App\Controllers\HomeController->index()
 6 SYSTEMPATH/CodeIgniter.php(502): CodeIgniter\CodeIgniter->runController(Object(App\Controllers\HomeController))
 7 SYSTEMPATH/CodeIgniter.php(360): CodeIgniter\CodeIgniter->handleRequest(null, Object(Config\Cache), false)
 8 FCPATH/index.php(95): CodeIgniter\CodeIgniter->run()
CRITICAL - 2025-09-14 19:25:39 --> ErrorException: Undefined variable $featuredPostsId
in APPPATH/Common.php on line 1837.
 1 APPPATH/Common.php(1837): CodeIgniter\Debug\Exceptions->errorHandler(2, 'Undefined variable $featuredPostsId', '/home/digibangla/public_html/app/Common.php', 1837)
 2 APPPATH/Models/PostModel.php(80): getFeaturedPostsId()
 3 APPPATH/Common.php(1992): App\Models\PostModel->getLatestPosts('1', 20)
 4 APPPATH/Controllers/HomeController.php(36): getLatestPosts('1', 20)
 5 SYSTEMPATH/CodeIgniter.php(942): App\Controllers\HomeController->index()
 6 SYSTEMPATH/CodeIgniter.php(502): CodeIgniter\CodeIgniter->runController(Object(App\Controllers\HomeController))
 7 SYSTEMPATH/CodeIgniter.php(360): CodeIgniter\CodeIgniter->handleRequest(null, Object(Config\Cache), false)
 8 FCPATH/index.php(95): CodeIgniter\CodeIgniter->run()
CRITICAL - 2025-09-14 20:12:56 --> ErrorException: Undefined variable $featuredPostsId
in APPPATH/Common.php on line 1837.
 1 APPPATH/Common.php(1837): CodeIgniter\Debug\Exceptions->errorHandler(2, 'Undefined variable $featuredPostsId', '/home/digibangla/public_html/app/Common.php', 1837)
 2 APPPATH/Models/PostModel.php(80): getFeaturedPostsId()
 3 APPPATH/Common.php(1992): App\Models\PostModel->getLatestPosts('1', 20)
 4 APPPATH/Controllers/HomeController.php(36): getLatestPosts('1', 20)
 5 SYSTEMPATH/CodeIgniter.php(942): App\Controllers\HomeController->index()
 6 SYSTEMPATH/CodeIgniter.php(502): CodeIgniter\CodeIgniter->runController(Object(App\Controllers\HomeController))
 7 SYSTEMPATH/CodeIgniter.php(360): CodeIgniter\CodeIgniter->handleRequest(null, Object(Config\Cache), false)
 8 FCPATH/index.php(95): CodeIgniter\CodeIgniter->run()
CRITICAL - 2025-09-14 22:26:59 --> ErrorException: Undefined variable $featuredPostsId
in APPPATH/Common.php on line 1837.
 1 APPPATH/Common.php(1837): CodeIgniter\Debug\Exceptions->errorHandler(2, 'Undefined variable $featuredPostsId', '/home/digibangla/public_html/app/Common.php', 1837)
 2 APPPATH/Models/PostModel.php(80): getFeaturedPostsId()
 3 APPPATH/Common.php(1992): App\Models\PostModel->getLatestPosts('1', 20)
 4 APPPATH/Controllers/HomeController.php(36): getLatestPosts('1', 20)
 5 SYSTEMPATH/CodeIgniter.php(942): App\Controllers\HomeController->index()
 6 SYSTEMPATH/CodeIgniter.php(502): CodeIgniter\CodeIgniter->runController(Object(App\Controllers\HomeController))
 7 SYSTEMPATH/CodeIgniter.php(360): CodeIgniter\CodeIgniter->handleRequest(null, Object(Config\Cache), false)
 8 FCPATH/index.php(95): CodeIgniter\CodeIgniter->run()
CRITICAL - 2025-09-14 23:59:53 --> ErrorException: Undefined variable $featuredPostsId
in APPPATH/Common.php on line 1837.
 1 APPPATH/Common.php(1837): CodeIgniter\Debug\Exceptions->errorHandler(2, 'Undefined variable $featuredPostsId', '/home/digibangla/public_html/app/Common.php', 1837)
 2 APPPATH/Models/PostModel.php(80): getFeaturedPostsId()
 3 APPPATH/Common.php(1992): App\Models\PostModel->getLatestPosts('1', 20)
 4 APPPATH/Controllers/HomeController.php(36): getLatestPosts('1', 20)
 5 SYSTEMPATH/CodeIgniter.php(942): App\Controllers\HomeController->index()
 6 SYSTEMPATH/CodeIgniter.php(502): CodeIgniter\CodeIgniter->runController(Object(App\Controllers\HomeController))
 7 SYSTEMPATH/CodeIgniter.php(360): CodeIgniter\CodeIgniter->handleRequest(null, Object(Config\Cache), false)
 8 FCPATH/index.php(95): CodeIgniter\CodeIgniter->run()
