CRITICAL - 2025-02-10 11:18:51 --> ErrorException: Allowed memory size of 134217728 bytes exhausted (tried to allocate 229376 bytes)
in SYSTEMPATH/Database/MySQLi/Connection.php on line 306.
 1 [internal function]: CodeIgniter\Debug\Exceptions->shutdownHandler()
ERROR - 2025-02-10 11:18:51 --> mysqli_sql_exception: Commands out of sync; you can't run this command now in /home/digibangla/public_html/newsite/system/Database/MySQLi/Connection.php:306
Stack trace:
#0 /home/digibangla/public_html/newsite/system/Database/MySQLi/Connection.php(306): mysqli->query('UPDATE `ci_sess...', 0)
#1 /home/digibangla/public_html/newsite/system/Database/BaseConnection.php(693): CodeIgniter\Database\MySQLi\Connection->execute('UPDATE `ci_sess...')
#2 /home/digibangla/public_html/newsite/system/Database/BaseConnection.php(607): CodeIgniter\Database\BaseConnection->simpleQuery('UPDATE `ci_sess...')
#3 /home/digibangla/public_html/newsite/system/Database/BaseBuilder.php(2474): CodeIgniter\Database\BaseConnection->query('UPDATE `ci_sess...', Array, false)
#4 /home/digibangla/public_html/newsite/system/Session/Handlers/DatabaseHandler.php(219): CodeIgniter\Database\BaseBuilder->update(Array)
#5 [internal function]: CodeIgniter\Session\Handlers\DatabaseHandler->write('3335c5b9e866222...', '__ci_last_regen...')
#6 {main}
CRITICAL - 2025-02-10 11:20:14 --> ErrorException: Allowed memory size of 134217728 bytes exhausted (tried to allocate 229376 bytes)
in SYSTEMPATH/Database/MySQLi/Connection.php on line 306.
 1 [internal function]: CodeIgniter\Debug\Exceptions->shutdownHandler()
ERROR - 2025-02-10 11:20:14 --> mysqli_sql_exception: Commands out of sync; you can't run this command now in /home/digibangla/public_html/newsite/system/Database/MySQLi/Connection.php:306
Stack trace:
#0 /home/digibangla/public_html/newsite/system/Database/MySQLi/Connection.php(306): mysqli->query('UPDATE `ci_sess...', 0)
#1 /home/digibangla/public_html/newsite/system/Database/BaseConnection.php(693): CodeIgniter\Database\MySQLi\Connection->execute('UPDATE `ci_sess...')
#2 /home/digibangla/public_html/newsite/system/Database/BaseConnection.php(607): CodeIgniter\Database\BaseConnection->simpleQuery('UPDATE `ci_sess...')
#3 /home/digibangla/public_html/newsite/system/Database/BaseBuilder.php(2474): CodeIgniter\Database\BaseConnection->query('UPDATE `ci_sess...', Array, false)
#4 /home/digibangla/public_html/newsite/system/Session/Handlers/DatabaseHandler.php(219): CodeIgniter\Database\BaseBuilder->update(Array)
#5 [internal function]: CodeIgniter\Session\Handlers\DatabaseHandler->write('ae59b3e42b3d18e...', '__ci_last_regen...')
#6 {main}
CRITICAL - 2025-02-10 12:00:23 --> ErrorException: Allowed memory size of 134217728 bytes exhausted (tried to allocate 229376 bytes)
in SYSTEMPATH/Database/MySQLi/Connection.php on line 306.
 1 [internal function]: CodeIgniter\Debug\Exceptions->shutdownHandler()
ERROR - 2025-02-10 12:00:23 --> mysqli_sql_exception: Commands out of sync; you can't run this command now in /home/digibangla/public_html/newsite/system/Database/MySQLi/Connection.php:306
Stack trace:
#0 /home/digibangla/public_html/newsite/system/Database/MySQLi/Connection.php(306): mysqli->query('UPDATE `ci_sess...', 0)
#1 /home/digibangla/public_html/newsite/system/Database/BaseConnection.php(693): CodeIgniter\Database\MySQLi\Connection->execute('UPDATE `ci_sess...')
#2 /home/digibangla/public_html/newsite/system/Database/BaseConnection.php(607): CodeIgniter\Database\BaseConnection->simpleQuery('UPDATE `ci_sess...')
#3 /home/digibangla/public_html/newsite/system/Database/BaseBuilder.php(2474): CodeIgniter\Database\BaseConnection->query('UPDATE `ci_sess...', Array, false)
#4 /home/digibangla/public_html/newsite/system/Session/Handlers/DatabaseHandler.php(219): CodeIgniter\Database\BaseBuilder->update(Array)
#5 [internal function]: CodeIgniter\Session\Handlers\DatabaseHandler->write('ae59b3e42b3d18e...', '__ci_last_regen...')
#6 {main}
CRITICAL - 2025-02-10 12:00:34 --> ErrorException: Allowed memory size of 134217728 bytes exhausted (tried to allocate 229376 bytes)
in SYSTEMPATH/Database/MySQLi/Connection.php on line 306.
 1 [internal function]: CodeIgniter\Debug\Exceptions->shutdownHandler()
ERROR - 2025-02-10 12:00:34 --> mysqli_sql_exception: Commands out of sync; you can't run this command now in /home/digibangla/public_html/newsite/system/Database/MySQLi/Connection.php:306
Stack trace:
#0 /home/digibangla/public_html/newsite/system/Database/MySQLi/Connection.php(306): mysqli->query('UPDATE `ci_sess...', 0)
#1 /home/digibangla/public_html/newsite/system/Database/BaseConnection.php(693): CodeIgniter\Database\MySQLi\Connection->execute('UPDATE `ci_sess...')
#2 /home/digibangla/public_html/newsite/system/Database/BaseConnection.php(607): CodeIgniter\Database\BaseConnection->simpleQuery('UPDATE `ci_sess...')
#3 /home/digibangla/public_html/newsite/system/Database/BaseBuilder.php(2474): CodeIgniter\Database\BaseConnection->query('UPDATE `ci_sess...', Array, false)
#4 /home/digibangla/public_html/newsite/system/Session/Handlers/DatabaseHandler.php(219): CodeIgniter\Database\BaseBuilder->update(Array)
#5 [internal function]: CodeIgniter\Session\Handlers\DatabaseHandler->write('ae59b3e42b3d18e...', '__ci_last_regen...')
#6 {main}
CRITICAL - 2025-02-10 12:01:11 --> ErrorException: Allowed memory size of 134217728 bytes exhausted (tried to allocate 229376 bytes)
in SYSTEMPATH/Database/MySQLi/Connection.php on line 306.
 1 [internal function]: CodeIgniter\Debug\Exceptions->shutdownHandler()
ERROR - 2025-02-10 12:01:11 --> mysqli_sql_exception: Commands out of sync; you can't run this command now in /home/digibangla/public_html/newsite/system/Database/MySQLi/Connection.php:306
Stack trace:
#0 /home/digibangla/public_html/newsite/system/Database/MySQLi/Connection.php(306): mysqli->query('UPDATE `ci_sess...', 0)
#1 /home/digibangla/public_html/newsite/system/Database/BaseConnection.php(693): CodeIgniter\Database\MySQLi\Connection->execute('UPDATE `ci_sess...')
#2 /home/digibangla/public_html/newsite/system/Database/BaseConnection.php(607): CodeIgniter\Database\BaseConnection->simpleQuery('UPDATE `ci_sess...')
#3 /home/digibangla/public_html/newsite/system/Database/BaseBuilder.php(2474): CodeIgniter\Database\BaseConnection->query('UPDATE `ci_sess...', Array, false)
#4 /home/digibangla/public_html/newsite/system/Session/Handlers/DatabaseHandler.php(219): CodeIgniter\Database\BaseBuilder->update(Array)
#5 [internal function]: CodeIgniter\Session\Handlers\DatabaseHandler->write('ae59b3e42b3d18e...', '__ci_last_regen...')
#6 {main}
CRITICAL - 2025-02-10 12:02:58 --> ErrorException: Allowed memory size of 134217728 bytes exhausted (tried to allocate 229376 bytes)
in SYSTEMPATH/Database/MySQLi/Connection.php on line 306.
 1 [internal function]: CodeIgniter\Debug\Exceptions->shutdownHandler()
ERROR - 2025-02-10 12:02:58 --> mysqli_sql_exception: Commands out of sync; you can't run this command now in /home/digibangla/public_html/newsite/system/Database/MySQLi/Connection.php:306
Stack trace:
#0 /home/digibangla/public_html/newsite/system/Database/MySQLi/Connection.php(306): mysqli->query('UPDATE `ci_sess...', 0)
#1 /home/digibangla/public_html/newsite/system/Database/BaseConnection.php(693): CodeIgniter\Database\MySQLi\Connection->execute('UPDATE `ci_sess...')
#2 /home/digibangla/public_html/newsite/system/Database/BaseConnection.php(607): CodeIgniter\Database\BaseConnection->simpleQuery('UPDATE `ci_sess...')
#3 /home/digibangla/public_html/newsite/system/Database/BaseBuilder.php(2474): CodeIgniter\Database\BaseConnection->query('UPDATE `ci_sess...', Array, false)
#4 /home/digibangla/public_html/newsite/system/Session/Handlers/DatabaseHandler.php(219): CodeIgniter\Database\BaseBuilder->update(Array)
#5 [internal function]: CodeIgniter\Session\Handlers\DatabaseHandler->write('ae59b3e42b3d18e...', '__ci_last_regen...')
#6 {main}
CRITICAL - 2025-02-10 12:04:31 --> ErrorException: Allowed memory size of 134217728 bytes exhausted (tried to allocate 229376 bytes)
in SYSTEMPATH/Database/MySQLi/Connection.php on line 306.
 1 [internal function]: CodeIgniter\Debug\Exceptions->shutdownHandler()
ERROR - 2025-02-10 12:04:31 --> mysqli_sql_exception: Commands out of sync; you can't run this command now in /home/digibangla/public_html/newsite/system/Database/MySQLi/Connection.php:306
Stack trace:
#0 /home/digibangla/public_html/newsite/system/Database/MySQLi/Connection.php(306): mysqli->query('UPDATE `ci_sess...', 0)
#1 /home/digibangla/public_html/newsite/system/Database/BaseConnection.php(693): CodeIgniter\Database\MySQLi\Connection->execute('UPDATE `ci_sess...')
#2 /home/digibangla/public_html/newsite/system/Database/BaseConnection.php(607): CodeIgniter\Database\BaseConnection->simpleQuery('UPDATE `ci_sess...')
#3 /home/digibangla/public_html/newsite/system/Database/BaseBuilder.php(2474): CodeIgniter\Database\BaseConnection->query('UPDATE `ci_sess...', Array, false)
#4 /home/digibangla/public_html/newsite/system/Session/Handlers/DatabaseHandler.php(219): CodeIgniter\Database\BaseBuilder->update(Array)
#5 [internal function]: CodeIgniter\Session\Handlers\DatabaseHandler->write('ae59b3e42b3d18e...', '__ci_last_regen...')
#6 {main}
CRITICAL - 2025-02-10 17:16:16 --> CodeIgniter\Security\Exceptions\SecurityException: The action you requested is not allowed.
in SYSTEMPATH/Security/Security.php on line 300.
 1 SYSTEMPATH/Security/Security.php(300): CodeIgniter\Security\Exceptions\SecurityException::forDisallowedAction()
 2 SYSTEMPATH/Filters/CSRF.php(56): CodeIgniter\Security\Security->verify(Object(CodeIgniter\HTTP\IncomingRequest))
 3 SYSTEMPATH/Filters/Filters.php(184): CodeIgniter\Filters\CSRF->before(Object(CodeIgniter\HTTP\IncomingRequest), null)
 4 SYSTEMPATH/CodeIgniter.php(474): CodeIgniter\Filters\Filters->run('File/getImages', 'before')
 5 SYSTEMPATH/CodeIgniter.php(360): CodeIgniter\CodeIgniter->handleRequest(null, Object(Config\Cache), false)
 6 FCPATH/index.php(95): CodeIgniter\CodeIgniter->run()
CRITICAL - 2025-02-10 17:16:27 --> CodeIgniter\Security\Exceptions\SecurityException: The action you requested is not allowed.
in SYSTEMPATH/Security/Security.php on line 300.
 1 SYSTEMPATH/Security/Security.php(300): CodeIgniter\Security\Exceptions\SecurityException::forDisallowedAction()
 2 SYSTEMPATH/Filters/CSRF.php(56): CodeIgniter\Security\Security->verify(Object(CodeIgniter\HTTP\IncomingRequest))
 3 SYSTEMPATH/Filters/Filters.php(184): CodeIgniter\Filters\CSRF->before(Object(CodeIgniter\HTTP\IncomingRequest), null)
 4 SYSTEMPATH/CodeIgniter.php(474): CodeIgniter\Filters\Filters->run('File/uploadImage', 'before')
 5 SYSTEMPATH/CodeIgniter.php(360): CodeIgniter\CodeIgniter->handleRequest(null, Object(Config\Cache), false)
 6 FCPATH/index.php(95): CodeIgniter\CodeIgniter->run()
