CRITICAL - 2025-10-01 07:32:15 --> ErrorException: Undefined variable $featuredPostsId
in APPPATH/Common.php on line 1923.
 1 APPPATH/Common.php(1923): CodeIgniter\Debug\Exceptions->errorHandler(2, 'Undefined variable $featuredPostsId', '/home/digibangla/public_html/app/Common.php', 1923)
 2 APPPATH/Models/PostModel.php(80): getFeaturedPostsId()
 3 APPPATH/Common.php(2078): App\Models\PostModel->getLatestPosts('1', 20)
 4 APPPATH/Controllers/HomeController.php(36): getLatestPosts('1', 20)
 5 SYSTEMPATH/CodeIgniter.php(942): App\Controllers\HomeController->index()
 6 SYSTEMPATH/CodeIgniter.php(502): CodeIgniter\CodeIgniter->runController(Object(App\Controllers\HomeController))
 7 SYSTEMPATH/CodeIgniter.php(360): CodeIgniter\CodeIgniter->handleRequest(null, Object(Config\Cache), false)
 8 FCPATH/index.php(95): CodeIgniter\CodeIgniter->run()
CRITICAL - 2025-10-01 10:02:48 --> ErrorException: Undefined variable $featuredPostsId
in APPPATH/Common.php on line 1923.
 1 APPPATH/Common.php(1923): CodeIgniter\Debug\Exceptions->errorHandler(2, 'Undefined variable $featuredPostsId', '/home/digibangla/public_html/app/Common.php', 1923)
 2 APPPATH/Models/PostModel.php(80): getFeaturedPostsId()
 3 APPPATH/Common.php(2078): App\Models\PostModel->getLatestPosts('1', 20)
 4 APPPATH/Controllers/HomeController.php(36): getLatestPosts('1', 20)
 5 SYSTEMPATH/CodeIgniter.php(942): App\Controllers\HomeController->index()
 6 SYSTEMPATH/CodeIgniter.php(502): CodeIgniter\CodeIgniter->runController(Object(App\Controllers\HomeController))
 7 SYSTEMPATH/CodeIgniter.php(360): CodeIgniter\CodeIgniter->handleRequest(null, Object(Config\Cache), false)
 8 FCPATH/index.php(95): CodeIgniter\CodeIgniter->run()
CRITICAL - 2025-10-01 12:13:43 --> ErrorException: Undefined variable $featuredPostsId
in APPPATH/Common.php on line 1923.
 1 APPPATH/Common.php(1923): CodeIgniter\Debug\Exceptions->errorHandler(2, 'Undefined variable $featuredPostsId', '/home/digibangla/public_html/app/Common.php', 1923)
 2 APPPATH/Models/PostModel.php(80): getFeaturedPostsId()
 3 APPPATH/Common.php(2078): App\Models\PostModel->getLatestPosts('1', 20)
 4 APPPATH/Controllers/HomeController.php(36): getLatestPosts('1', 20)
 5 SYSTEMPATH/CodeIgniter.php(942): App\Controllers\HomeController->index()
 6 SYSTEMPATH/CodeIgniter.php(502): CodeIgniter\CodeIgniter->runController(Object(App\Controllers\HomeController))
 7 SYSTEMPATH/CodeIgniter.php(360): CodeIgniter\CodeIgniter->handleRequest(null, Object(Config\Cache), false)
 8 FCPATH/index.php(95): CodeIgniter\CodeIgniter->run()
CRITICAL - 2025-10-01 12:32:09 --> ErrorException: Undefined variable $featuredPostsId
in APPPATH/Common.php on line 1923.
 1 APPPATH/Common.php(1923): CodeIgniter\Debug\Exceptions->errorHandler(2, 'Undefined variable $featuredPostsId', '/home/digibangla/public_html/app/Common.php', 1923)
 2 APPPATH/Models/PostModel.php(80): getFeaturedPostsId()
 3 APPPATH/Common.php(2078): App\Models\PostModel->getLatestPosts('1', 20)
 4 APPPATH/Controllers/HomeController.php(36): getLatestPosts('1', 20)
 5 SYSTEMPATH/CodeIgniter.php(942): App\Controllers\HomeController->index()
 6 SYSTEMPATH/CodeIgniter.php(502): CodeIgniter\CodeIgniter->runController(Object(App\Controllers\HomeController))
 7 SYSTEMPATH/CodeIgniter.php(360): CodeIgniter\CodeIgniter->handleRequest(null, Object(Config\Cache), false)
 8 FCPATH/index.php(95): CodeIgniter\CodeIgniter->run()
CRITICAL - 2025-10-01 13:47:58 --> ErrorException: Undefined variable $featuredPostsId
in APPPATH/Common.php on line 1923.
 1 APPPATH/Common.php(1923): CodeIgniter\Debug\Exceptions->errorHandler(2, 'Undefined variable $featuredPostsId', '/home/digibangla/public_html/app/Common.php', 1923)
 2 APPPATH/Models/PostModel.php(80): getFeaturedPostsId()
 3 APPPATH/Common.php(2078): App\Models\PostModel->getLatestPosts('1', 20)
 4 APPPATH/Controllers/HomeController.php(36): getLatestPosts('1', 20)
 5 SYSTEMPATH/CodeIgniter.php(942): App\Controllers\HomeController->index()
 6 SYSTEMPATH/CodeIgniter.php(502): CodeIgniter\CodeIgniter->runController(Object(App\Controllers\HomeController))
 7 SYSTEMPATH/CodeIgniter.php(360): CodeIgniter\CodeIgniter->handleRequest(null, Object(Config\Cache), false)
 8 FCPATH/index.php(95): CodeIgniter\CodeIgniter->run()
CRITICAL - 2025-10-01 16:27:43 --> TypeError: CodeIgniter\Database\BaseBuilder::like(): Argument #2 ($match) must be of type string, null given, called in /home/digibangla/public_html/app/Models/FileModel.php on line 100
in SYSTEMPATH/Database/BaseBuilder.php on line 984.
 1 APPPATH/Models/FileModel.php(100): CodeIgniter\Database\BaseBuilder->like('file_name', null)
 2 APPPATH/Controllers/FileController.php(69): App\Models\FileModel->searchImages(null)
 3 SYSTEMPATH/CodeIgniter.php(942): App\Controllers\FileController->searchImage()
 4 SYSTEMPATH/CodeIgniter.php(502): CodeIgniter\CodeIgniter->runController(Object(App\Controllers\FileController))
 5 SYSTEMPATH/CodeIgniter.php(360): CodeIgniter\CodeIgniter->handleRequest(null, Object(Config\Cache), false)
 6 FCPATH/index.php(95): CodeIgniter\CodeIgniter->run()
CRITICAL - 2025-10-01 17:17:32 --> ErrorException: Undefined variable $featuredPostsId
in APPPATH/Common.php on line 1923.
 1 APPPATH/Common.php(1923): CodeIgniter\Debug\Exceptions->errorHandler(2, 'Undefined variable $featuredPostsId', '/home/digibangla/public_html/app/Common.php', 1923)
 2 APPPATH/Models/PostModel.php(80): getFeaturedPostsId()
 3 APPPATH/Common.php(2078): App\Models\PostModel->getLatestPosts('1', 20)
 4 APPPATH/Controllers/HomeController.php(36): getLatestPosts('1', 20)
 5 SYSTEMPATH/CodeIgniter.php(942): App\Controllers\HomeController->index()
 6 SYSTEMPATH/CodeIgniter.php(502): CodeIgniter\CodeIgniter->runController(Object(App\Controllers\HomeController))
 7 SYSTEMPATH/CodeIgniter.php(360): CodeIgniter\CodeIgniter->handleRequest(null, Object(Config\Cache), false)
 8 FCPATH/index.php(95): CodeIgniter\CodeIgniter->run()
CRITICAL - 2025-10-01 17:27:56 --> ErrorException: Undefined variable $featuredPostsId
in APPPATH/Common.php on line 1923.
 1 APPPATH/Common.php(1923): CodeIgniter\Debug\Exceptions->errorHandler(2, 'Undefined variable $featuredPostsId', '/home/digibangla/public_html/app/Common.php', 1923)
 2 APPPATH/Models/PostModel.php(80): getFeaturedPostsId()
 3 APPPATH/Common.php(2078): App\Models\PostModel->getLatestPosts('1', 20)
 4 APPPATH/Controllers/HomeController.php(36): getLatestPosts('1', 20)
 5 SYSTEMPATH/CodeIgniter.php(942): App\Controllers\HomeController->index()
 6 SYSTEMPATH/CodeIgniter.php(502): CodeIgniter\CodeIgniter->runController(Object(App\Controllers\HomeController))
 7 SYSTEMPATH/CodeIgniter.php(360): CodeIgniter\CodeIgniter->handleRequest(null, Object(Config\Cache), false)
 8 FCPATH/index.php(95): CodeIgniter\CodeIgniter->run()
CRITICAL - 2025-10-01 17:27:56 --> ErrorException: Undefined variable $featuredPostsId
in APPPATH/Common.php on line 1923.
 1 APPPATH/Common.php(1923): CodeIgniter\Debug\Exceptions->errorHandler(2, 'Undefined variable $featuredPostsId', '/home/digibangla/public_html/app/Common.php', 1923)
 2 APPPATH/Models/PostModel.php(80): getFeaturedPostsId()
 3 APPPATH/Common.php(2078): App\Models\PostModel->getLatestPosts('1', 20)
 4 APPPATH/Controllers/HomeController.php(36): getLatestPosts('1', 20)
 5 SYSTEMPATH/CodeIgniter.php(942): App\Controllers\HomeController->index()
 6 SYSTEMPATH/CodeIgniter.php(502): CodeIgniter\CodeIgniter->runController(Object(App\Controllers\HomeController))
 7 SYSTEMPATH/CodeIgniter.php(360): CodeIgniter\CodeIgniter->handleRequest(null, Object(Config\Cache), false)
 8 FCPATH/index.php(95): CodeIgniter\CodeIgniter->run()
CRITICAL - 2025-10-01 18:51:52 --> ErrorException: Undefined variable $featuredPostsId
in APPPATH/Common.php on line 1923.
 1 APPPATH/Common.php(1923): CodeIgniter\Debug\Exceptions->errorHandler(2, 'Undefined variable $featuredPostsId', '/home/digibangla/public_html/app/Common.php', 1923)
 2 APPPATH/Models/PostModel.php(80): getFeaturedPostsId()
 3 APPPATH/Common.php(2078): App\Models\PostModel->getLatestPosts('1', 20)
 4 APPPATH/Controllers/HomeController.php(36): getLatestPosts('1', 20)
 5 SYSTEMPATH/CodeIgniter.php(942): App\Controllers\HomeController->index()
 6 SYSTEMPATH/CodeIgniter.php(502): CodeIgniter\CodeIgniter->runController(Object(App\Controllers\HomeController))
 7 SYSTEMPATH/CodeIgniter.php(360): CodeIgniter\CodeIgniter->handleRequest(null, Object(Config\Cache), false)
 8 FCPATH/index.php(95): CodeIgniter\CodeIgniter->run()
CRITICAL - 2025-10-01 19:48:19 --> ErrorException: Undefined variable $featuredPostsId
in APPPATH/Common.php on line 1923.
 1 APPPATH/Common.php(1923): CodeIgniter\Debug\Exceptions->errorHandler(2, 'Undefined variable $featuredPostsId', '/home/digibangla/public_html/app/Common.php', 1923)
 2 APPPATH/Models/PostModel.php(80): getFeaturedPostsId()
 3 APPPATH/Common.php(2078): App\Models\PostModel->getLatestPosts('1', 20)
 4 APPPATH/Controllers/HomeController.php(36): getLatestPosts('1', 20)
 5 SYSTEMPATH/CodeIgniter.php(942): App\Controllers\HomeController->index()
 6 SYSTEMPATH/CodeIgniter.php(502): CodeIgniter\CodeIgniter->runController(Object(App\Controllers\HomeController))
 7 SYSTEMPATH/CodeIgniter.php(360): CodeIgniter\CodeIgniter->handleRequest(null, Object(Config\Cache), false)
 8 FCPATH/index.php(95): CodeIgniter\CodeIgniter->run()
CRITICAL - 2025-10-01 20:03:39 --> ErrorException: Undefined variable $featuredPostsId
in APPPATH/Common.php on line 1923.
 1 APPPATH/Common.php(1923): CodeIgniter\Debug\Exceptions->errorHandler(2, 'Undefined variable $featuredPostsId', '/home/digibangla/public_html/app/Common.php', 1923)
 2 APPPATH/Models/PostModel.php(80): getFeaturedPostsId()
 3 APPPATH/Common.php(2078): App\Models\PostModel->getLatestPosts('1', 20)
 4 APPPATH/Controllers/HomeController.php(36): getLatestPosts('1', 20)
 5 SYSTEMPATH/CodeIgniter.php(942): App\Controllers\HomeController->index()
 6 SYSTEMPATH/CodeIgniter.php(502): CodeIgniter\CodeIgniter->runController(Object(App\Controllers\HomeController))
 7 SYSTEMPATH/CodeIgniter.php(360): CodeIgniter\CodeIgniter->handleRequest(null, Object(Config\Cache), false)
 8 FCPATH/index.php(95): CodeIgniter\CodeIgniter->run()
CRITICAL - 2025-10-01 20:54:09 --> ErrorException: Undefined variable $featuredPostsId
in APPPATH/Common.php on line 1923.
 1 APPPATH/Common.php(1923): CodeIgniter\Debug\Exceptions->errorHandler(2, 'Undefined variable $featuredPostsId', '/home/digibangla/public_html/app/Common.php', 1923)
 2 APPPATH/Models/PostModel.php(80): getFeaturedPostsId()
 3 APPPATH/Common.php(2078): App\Models\PostModel->getLatestPosts('1', 20)
 4 APPPATH/Controllers/HomeController.php(36): getLatestPosts('1', 20)
 5 SYSTEMPATH/CodeIgniter.php(942): App\Controllers\HomeController->index()
 6 SYSTEMPATH/CodeIgniter.php(502): CodeIgniter\CodeIgniter->runController(Object(App\Controllers\HomeController))
 7 SYSTEMPATH/CodeIgniter.php(360): CodeIgniter\CodeIgniter->handleRequest(null, Object(Config\Cache), false)
 8 FCPATH/index.php(95): CodeIgniter\CodeIgniter->run()
CRITICAL - 2025-10-01 21:33:16 --> ErrorException: Undefined variable $featuredPostsId
in APPPATH/Common.php on line 1923.
 1 APPPATH/Common.php(1923): CodeIgniter\Debug\Exceptions->errorHandler(2, 'Undefined variable $featuredPostsId', '/home/digibangla/public_html/app/Common.php', 1923)
 2 APPPATH/Models/PostModel.php(80): getFeaturedPostsId()
 3 APPPATH/Common.php(2078): App\Models\PostModel->getLatestPosts('1', 20)
 4 APPPATH/Controllers/HomeController.php(36): getLatestPosts('1', 20)
 5 SYSTEMPATH/CodeIgniter.php(942): App\Controllers\HomeController->index()
 6 SYSTEMPATH/CodeIgniter.php(502): CodeIgniter\CodeIgniter->runController(Object(App\Controllers\HomeController))
 7 SYSTEMPATH/CodeIgniter.php(360): CodeIgniter\CodeIgniter->handleRequest(null, Object(Config\Cache), false)
 8 FCPATH/index.php(95): CodeIgniter\CodeIgniter->run()
CRITICAL - 2025-10-01 23:06:00 --> CodeIgniter\Security\Exceptions\SecurityException: The action you requested is not allowed.
in SYSTEMPATH/Security/Security.php on line 300.
 1 SYSTEMPATH/Security/Security.php(300): CodeIgniter\Security\Exceptions\SecurityException::forDisallowedAction()
 2 SYSTEMPATH/Filters/CSRF.php(56): CodeIgniter\Security\Security->verify(Object(CodeIgniter\HTTP\IncomingRequest))
 3 SYSTEMPATH/Filters/Filters.php(182): CodeIgniter\Filters\CSRF->before(Object(CodeIgniter\HTTP\IncomingRequest), null)
 4 SYSTEMPATH/CodeIgniter.php(474): CodeIgniter\Filters\Filters->run('File/getImages', 'before')
 5 SYSTEMPATH/CodeIgniter.php(360): CodeIgniter\CodeIgniter->handleRequest(null, Object(Config\Cache), false)
 6 FCPATH/index.php(95): CodeIgniter\CodeIgniter->run()
CRITICAL - 2025-10-01 23:06:05 --> CodeIgniter\Security\Exceptions\SecurityException: The action you requested is not allowed.
in SYSTEMPATH/Security/Security.php on line 300.
 1 SYSTEMPATH/Security/Security.php(300): CodeIgniter\Security\Exceptions\SecurityException::forDisallowedAction()
 2 SYSTEMPATH/Filters/CSRF.php(56): CodeIgniter\Security\Security->verify(Object(CodeIgniter\HTTP\IncomingRequest))
 3 SYSTEMPATH/Filters/Filters.php(182): CodeIgniter\Filters\CSRF->before(Object(CodeIgniter\HTTP\IncomingRequest), null)
 4 SYSTEMPATH/CodeIgniter.php(474): CodeIgniter\Filters\Filters->run('File/uploadImage', 'before')
 5 SYSTEMPATH/CodeIgniter.php(360): CodeIgniter\CodeIgniter->handleRequest(null, Object(Config\Cache), false)
 6 FCPATH/index.php(95): CodeIgniter\CodeIgniter->run()
CRITICAL - 2025-10-01 23:06:28 --> CodeIgniter\Security\Exceptions\SecurityException: The action you requested is not allowed.
in SYSTEMPATH/Security/Security.php on line 300.
 1 SYSTEMPATH/Security/Security.php(300): CodeIgniter\Security\Exceptions\SecurityException::forDisallowedAction()
 2 SYSTEMPATH/Filters/CSRF.php(56): CodeIgniter\Security\Security->verify(Object(CodeIgniter\HTTP\IncomingRequest))
 3 SYSTEMPATH/Filters/Filters.php(182): CodeIgniter\Filters\CSRF->before(Object(CodeIgniter\HTTP\IncomingRequest), null)
 4 SYSTEMPATH/CodeIgniter.php(474): CodeIgniter\Filters\Filters->run('Category/getSubCategories', 'before')
 5 SYSTEMPATH/CodeIgniter.php(360): CodeIgniter\CodeIgniter->handleRequest(null, Object(Config\Cache), false)
 6 FCPATH/index.php(95): CodeIgniter\CodeIgniter->run()
