CRITICAL - 2025-04-27 11:49:23 --> TypeError: CodeIgniter\Database\BaseBuilder::like(): Argument #2 ($match) must be of type string, null given, called in /home/digibangla/public_html/app/Models/FileModel.php on line 100
in SYSTEMPATH/Database/BaseBuilder.php on line 984.
 1 APPPATH/Models/FileModel.php(100): CodeIgniter\Database\BaseBuilder->like('file_name', null)
 2 APPPATH/Controllers/FileController.php(69): App\Models\FileModel->searchImages(null)
 3 SYSTEMPATH/CodeIgniter.php(942): App\Controllers\FileController->searchImage()
 4 SYSTEMPATH/CodeIgniter.php(502): CodeIgniter\CodeIgniter->runController(Object(App\Controllers\FileController))
 5 SYSTEMPATH/CodeIgniter.php(360): CodeIgniter\CodeIgniter->handleRequest(null, Object(Config\Cache), false)
 6 FCPATH/index.php(95): CodeIgniter\CodeIgniter->run()
CRITICAL - 2025-04-27 11:53:01 --> TypeError: CodeIgniter\Database\BaseBuilder::like(): Argument #2 ($match) must be of type string, null given, called in /home/digibangla/public_html/app/Models/FileModel.php on line 100
in SYSTEMPATH/Database/BaseBuilder.php on line 984.
 1 APPPATH/Models/FileModel.php(100): CodeIgniter\Database\BaseBuilder->like('file_name', null)
 2 APPPATH/Controllers/FileController.php(69): App\Models\FileModel->searchImages(null)
 3 SYSTEMPATH/CodeIgniter.php(942): App\Controllers\FileController->searchImage()
 4 SYSTEMPATH/CodeIgniter.php(502): CodeIgniter\CodeIgniter->runController(Object(App\Controllers\FileController))
 5 SYSTEMPATH/CodeIgniter.php(360): CodeIgniter\CodeIgniter->handleRequest(null, Object(Config\Cache), false)
 6 FCPATH/index.php(95): CodeIgniter\CodeIgniter->run()
CRITICAL - 2025-04-27 11:59:42 --> TypeError: CodeIgniter\Database\BaseBuilder::like(): Argument #2 ($match) must be of type string, null given, called in /home/digibangla/public_html/app/Models/FileModel.php on line 100
in SYSTEMPATH/Database/BaseBuilder.php on line 984.
 1 APPPATH/Models/FileModel.php(100): CodeIgniter\Database\BaseBuilder->like('file_name', null)
 2 APPPATH/Controllers/FileController.php(69): App\Models\FileModel->searchImages(null)
 3 SYSTEMPATH/CodeIgniter.php(942): App\Controllers\FileController->searchImage()
 4 SYSTEMPATH/CodeIgniter.php(502): CodeIgniter\CodeIgniter->runController(Object(App\Controllers\FileController))
 5 SYSTEMPATH/CodeIgniter.php(360): CodeIgniter\CodeIgniter->handleRequest(null, Object(Config\Cache), false)
 6 FCPATH/index.php(95): CodeIgniter\CodeIgniter->run()
CRITICAL - 2025-04-27 15:09:23 --> Intervention\Image\Exception\NotReadableException: Unable to decode image from file (uploads/tmp/temp_680df4438c8433-05157331.jpg).
in APPPATH/ThirdParty/intervention-image/vendor/intervention/image/src/Intervention/Image/Gd/Decoder.php on line 65.
 1 APPPATH/ThirdParty/intervention-image/vendor/intervention/image/src/Intervention/Image/AbstractDecoder.php(339): Intervention\Image\Gd\Decoder->initFromPath('uploads/tmp/temp_680df4438c8433-05157331.jpg')
 2 APPPATH/ThirdParty/intervention-image/vendor/intervention/image/src/Intervention/Image/AbstractDriver.php(66): Intervention\Image\AbstractDecoder->init('uploads/tmp/temp_680df4438c8433-05157331.jpg')
 3 APPPATH/ThirdParty/intervention-image/vendor/intervention/image/src/Intervention/Image/ImageManager.php(54): Intervention\Image\AbstractDriver->init('uploads/tmp/temp_680df4438c8433-05157331.jpg')
 4 APPPATH/ThirdParty/intervention-image/vendor/intervention/image/src/Intervention/Image/ImageManagerStatic.php(58): Intervention\Image\ImageManager->make('uploads/tmp/temp_680df4438c8433-05157331.jpg')
 5 APPPATH/Models/UploadModel.php(88): Intervention\Image\ImageManagerStatic::make('uploads/tmp/temp_680df4438c8433-05157331.jpg')
 6 APPPATH/Models/FileModel.php(48): App\Models\UploadModel->uploadPostImage('uploads/tmp/temp_680df4438c8433-05157331.jpg', 'big')
 7 APPPATH/Controllers/FileController.php(31): App\Models\FileModel->uploadImage()
 8 SYSTEMPATH/CodeIgniter.php(942): App\Controllers\FileController->uploadImage()
 9 SYSTEMPATH/CodeIgniter.php(502): CodeIgniter\CodeIgniter->runController(Object(App\Controllers\FileController))
10 SYSTEMPATH/CodeIgniter.php(360): CodeIgniter\CodeIgniter->handleRequest(null, Object(Config\Cache), false)
11 FCPATH/index.php(95): CodeIgniter\CodeIgniter->run()
CRITICAL - 2025-04-27 15:09:46 --> Intervention\Image\Exception\NotReadableException: Unable to decode image from file (uploads/tmp/temp_680df45a378657-41122258.jpg).
in APPPATH/ThirdParty/intervention-image/vendor/intervention/image/src/Intervention/Image/Gd/Decoder.php on line 65.
 1 APPPATH/ThirdParty/intervention-image/vendor/intervention/image/src/Intervention/Image/AbstractDecoder.php(339): Intervention\Image\Gd\Decoder->initFromPath('uploads/tmp/temp_680df45a378657-41122258.jpg')
 2 APPPATH/ThirdParty/intervention-image/vendor/intervention/image/src/Intervention/Image/AbstractDriver.php(66): Intervention\Image\AbstractDecoder->init('uploads/tmp/temp_680df45a378657-41122258.jpg')
 3 APPPATH/ThirdParty/intervention-image/vendor/intervention/image/src/Intervention/Image/ImageManager.php(54): Intervention\Image\AbstractDriver->init('uploads/tmp/temp_680df45a378657-41122258.jpg')
 4 APPPATH/ThirdParty/intervention-image/vendor/intervention/image/src/Intervention/Image/ImageManagerStatic.php(58): Intervention\Image\ImageManager->make('uploads/tmp/temp_680df45a378657-41122258.jpg')
 5 APPPATH/Models/UploadModel.php(88): Intervention\Image\ImageManagerStatic::make('uploads/tmp/temp_680df45a378657-41122258.jpg')
 6 APPPATH/Models/FileModel.php(48): App\Models\UploadModel->uploadPostImage('uploads/tmp/temp_680df45a378657-41122258.jpg', 'big')
 7 APPPATH/Controllers/FileController.php(31): App\Models\FileModel->uploadImage()
 8 SYSTEMPATH/CodeIgniter.php(942): App\Controllers\FileController->uploadImage()
 9 SYSTEMPATH/CodeIgniter.php(502): CodeIgniter\CodeIgniter->runController(Object(App\Controllers\FileController))
10 SYSTEMPATH/CodeIgniter.php(360): CodeIgniter\CodeIgniter->handleRequest(null, Object(Config\Cache), false)
11 FCPATH/index.php(95): CodeIgniter\CodeIgniter->run()
CRITICAL - 2025-04-27 15:13:00 --> Intervention\Image\Exception\NotReadableException: Unable to decode image from file (uploads/tmp/temp_680df51c53eff8-18112588.jpg).
in APPPATH/ThirdParty/intervention-image/vendor/intervention/image/src/Intervention/Image/Gd/Decoder.php on line 65.
 1 APPPATH/ThirdParty/intervention-image/vendor/intervention/image/src/Intervention/Image/AbstractDecoder.php(339): Intervention\Image\Gd\Decoder->initFromPath('uploads/tmp/temp_680df51c53eff8-18112588.jpg')
 2 APPPATH/ThirdParty/intervention-image/vendor/intervention/image/src/Intervention/Image/AbstractDriver.php(66): Intervention\Image\AbstractDecoder->init('uploads/tmp/temp_680df51c53eff8-18112588.jpg')
 3 APPPATH/ThirdParty/intervention-image/vendor/intervention/image/src/Intervention/Image/ImageManager.php(54): Intervention\Image\AbstractDriver->init('uploads/tmp/temp_680df51c53eff8-18112588.jpg')
 4 APPPATH/ThirdParty/intervention-image/vendor/intervention/image/src/Intervention/Image/ImageManagerStatic.php(58): Intervention\Image\ImageManager->make('uploads/tmp/temp_680df51c53eff8-18112588.jpg')
 5 APPPATH/Models/UploadModel.php(88): Intervention\Image\ImageManagerStatic::make('uploads/tmp/temp_680df51c53eff8-18112588.jpg')
 6 APPPATH/Models/FileModel.php(48): App\Models\UploadModel->uploadPostImage('uploads/tmp/temp_680df51c53eff8-18112588.jpg', 'big')
 7 APPPATH/Controllers/FileController.php(31): App\Models\FileModel->uploadImage()
 8 SYSTEMPATH/CodeIgniter.php(942): App\Controllers\FileController->uploadImage()
 9 SYSTEMPATH/CodeIgniter.php(502): CodeIgniter\CodeIgniter->runController(Object(App\Controllers\FileController))
10 SYSTEMPATH/CodeIgniter.php(360): CodeIgniter\CodeIgniter->handleRequest(null, Object(Config\Cache), false)
11 FCPATH/index.php(95): CodeIgniter\CodeIgniter->run()
CRITICAL - 2025-04-27 16:24:35 --> TypeError: CodeIgniter\Database\BaseBuilder::like(): Argument #2 ($match) must be of type string, null given, called in /home/digibangla/public_html/app/Models/FileModel.php on line 100
in SYSTEMPATH/Database/BaseBuilder.php on line 984.
 1 APPPATH/Models/FileModel.php(100): CodeIgniter\Database\BaseBuilder->like('file_name', null)
 2 APPPATH/Controllers/FileController.php(69): App\Models\FileModel->searchImages(null)
 3 SYSTEMPATH/CodeIgniter.php(942): App\Controllers\FileController->searchImage()
 4 SYSTEMPATH/CodeIgniter.php(502): CodeIgniter\CodeIgniter->runController(Object(App\Controllers\FileController))
 5 SYSTEMPATH/CodeIgniter.php(360): CodeIgniter\CodeIgniter->handleRequest(null, Object(Config\Cache), false)
 6 FCPATH/index.php(95): CodeIgniter\CodeIgniter->run()
CRITICAL - 2025-04-27 16:24:50 --> TypeError: CodeIgniter\Database\BaseBuilder::like(): Argument #2 ($match) must be of type string, null given, called in /home/digibangla/public_html/app/Models/FileModel.php on line 100
in SYSTEMPATH/Database/BaseBuilder.php on line 984.
 1 APPPATH/Models/FileModel.php(100): CodeIgniter\Database\BaseBuilder->like('file_name', null)
 2 APPPATH/Controllers/FileController.php(69): App\Models\FileModel->searchImages(null)
 3 SYSTEMPATH/CodeIgniter.php(942): App\Controllers\FileController->searchImage()
 4 SYSTEMPATH/CodeIgniter.php(502): CodeIgniter\CodeIgniter->runController(Object(App\Controllers\FileController))
 5 SYSTEMPATH/CodeIgniter.php(360): CodeIgniter\CodeIgniter->handleRequest(null, Object(Config\Cache), false)
 6 FCPATH/index.php(95): CodeIgniter\CodeIgniter->run()
CRITICAL - 2025-04-27 16:25:01 --> TypeError: CodeIgniter\Database\BaseBuilder::like(): Argument #2 ($match) must be of type string, null given, called in /home/digibangla/public_html/app/Models/FileModel.php on line 100
in SYSTEMPATH/Database/BaseBuilder.php on line 984.
 1 APPPATH/Models/FileModel.php(100): CodeIgniter\Database\BaseBuilder->like('file_name', null)
 2 APPPATH/Controllers/FileController.php(69): App\Models\FileModel->searchImages(null)
 3 SYSTEMPATH/CodeIgniter.php(942): App\Controllers\FileController->searchImage()
 4 SYSTEMPATH/CodeIgniter.php(502): CodeIgniter\CodeIgniter->runController(Object(App\Controllers\FileController))
 5 SYSTEMPATH/CodeIgniter.php(360): CodeIgniter\CodeIgniter->handleRequest(null, Object(Config\Cache), false)
 6 FCPATH/index.php(95): CodeIgniter\CodeIgniter->run()
