CRITICAL - 2025-09-30 00:16:18 --> ErrorException: Undefined variable $featuredPostsId
in APPPATH/Common.php on line 1923.
 1 APPPATH/Common.php(1923): CodeIgniter\Debug\Exceptions->errorHandler(2, 'Undefined variable $featuredPostsId', '/home/digibangla/public_html/app/Common.php', 1923)
 2 APPPATH/Models/PostModel.php(80): getFeaturedPostsId()
 3 APPPATH/Common.php(2078): App\Models\PostModel->getLatestPosts('1', 20)
 4 APPPATH/Controllers/HomeController.php(36): getLatestPosts('1', 20)
 5 SYSTEMPATH/CodeIgniter.php(942): App\Controllers\HomeController->index()
 6 SYSTEMPATH/CodeIgniter.php(502): CodeIgniter\CodeIgniter->runController(Object(App\Controllers\HomeController))
 7 SYSTEMPATH/CodeIgniter.php(360): CodeIgniter\CodeIgniter->handleRequest(null, Object(Config\Cache), false)
 8 FCPATH/index.php(95): CodeIgniter\CodeIgniter->run()
CRITICAL - 2025-09-30 00:37:38 --> ErrorException: Undefined variable $featuredPostsId
in APPPATH/Common.php on line 1923.
 1 APPPATH/Common.php(1923): CodeIgniter\Debug\Exceptions->errorHandler(2, 'Undefined variable $featuredPostsId', '/home/digibangla/public_html/app/Common.php', 1923)
 2 APPPATH/Models/PostModel.php(80): getFeaturedPostsId()
 3 APPPATH/Common.php(2078): App\Models\PostModel->getLatestPosts(1, 38)
 4 APPPATH/Controllers/AjaxController.php(44): getLatestPosts(1, 38)
 5 SYSTEMPATH/CodeIgniter.php(942): App\Controllers\AjaxController->loadMorePosts()
 6 SYSTEMPATH/CodeIgniter.php(502): CodeIgniter\CodeIgniter->runController(Object(App\Controllers\AjaxController))
 7 SYSTEMPATH/CodeIgniter.php(360): CodeIgniter\CodeIgniter->handleRequest(null, Object(Config\Cache), false)
 8 FCPATH/index.php(95): CodeIgniter\CodeIgniter->run()
CRITICAL - 2025-09-30 00:50:54 --> ErrorException: Undefined variable $featuredPostsId
in APPPATH/Common.php on line 1923.
 1 APPPATH/Common.php(1923): CodeIgniter\Debug\Exceptions->errorHandler(2, 'Undefined variable $featuredPostsId', '/home/digibangla/public_html/app/Common.php', 1923)
 2 APPPATH/Models/PostModel.php(80): getFeaturedPostsId()
 3 APPPATH/Common.php(2078): App\Models\PostModel->getLatestPosts(1, 38)
 4 APPPATH/Controllers/AjaxController.php(44): getLatestPosts(1, 38)
 5 SYSTEMPATH/CodeIgniter.php(942): App\Controllers\AjaxController->loadMorePosts()
 6 SYSTEMPATH/CodeIgniter.php(502): CodeIgniter\CodeIgniter->runController(Object(App\Controllers\AjaxController))
 7 SYSTEMPATH/CodeIgniter.php(360): CodeIgniter\CodeIgniter->handleRequest(null, Object(Config\Cache), false)
 8 FCPATH/index.php(95): CodeIgniter\CodeIgniter->run()
CRITICAL - 2025-09-30 01:24:17 --> ErrorException: Undefined variable $featuredPostsId
in APPPATH/Common.php on line 1923.
 1 APPPATH/Common.php(1923): CodeIgniter\Debug\Exceptions->errorHandler(2, 'Undefined variable $featuredPostsId', '/home/digibangla/public_html/app/Common.php', 1923)
 2 APPPATH/Models/PostModel.php(80): getFeaturedPostsId()
 3 APPPATH/Common.php(2078): App\Models\PostModel->getLatestPosts(1, 38)
 4 APPPATH/Controllers/AjaxController.php(44): getLatestPosts(1, 38)
 5 SYSTEMPATH/CodeIgniter.php(942): App\Controllers\AjaxController->loadMorePosts()
 6 SYSTEMPATH/CodeIgniter.php(502): CodeIgniter\CodeIgniter->runController(Object(App\Controllers\AjaxController))
 7 SYSTEMPATH/CodeIgniter.php(360): CodeIgniter\CodeIgniter->handleRequest(null, Object(Config\Cache), false)
 8 FCPATH/index.php(95): CodeIgniter\CodeIgniter->run()
CRITICAL - 2025-09-30 09:55:44 --> ErrorException: Undefined array key "HTTP_USER_AGENT"
in APPPATH/Common.php on line 2511.
 1 APPPATH/Common.php(2511): CodeIgniter\Debug\Exceptions->errorHandler(2, 'Undefined array key "HTTP_USER_AGENT"', '/home/digibangla/public_html/app/Common.php', 2511)
 2 APPPATH/Models/PostModel.php(417): isBot()
 3 APPPATH/Controllers/HomeController.php(200): App\Models\PostModel->increasePostPageviews(Object(stdClass), Object(stdClass))
 4 APPPATH/Controllers/HomeController.php(116): App\Controllers\HomeController->post(Object(stdClass))
 5 SYSTEMPATH/CodeIgniter.php(942): App\Controllers\HomeController->any('157890')
 6 SYSTEMPATH/CodeIgniter.php(502): CodeIgniter\CodeIgniter->runController(Object(App\Controllers\HomeController))
 7 SYSTEMPATH/CodeIgniter.php(360): CodeIgniter\CodeIgniter->handleRequest(null, Object(Config\Cache), false)
 8 FCPATH/index.php(95): CodeIgniter\CodeIgniter->run()
CRITICAL - 2025-09-30 15:34:35 --> ErrorException: Undefined variable $featuredPostsId
in APPPATH/Common.php on line 1923.
 1 APPPATH/Common.php(1923): CodeIgniter\Debug\Exceptions->errorHandler(2, 'Undefined variable $featuredPostsId', '/home/digibangla/public_html/app/Common.php', 1923)
 2 APPPATH/Models/PostModel.php(80): getFeaturedPostsId()
 3 APPPATH/Common.php(2078): App\Models\PostModel->getLatestPosts('1', 20)
 4 APPPATH/Controllers/HomeController.php(36): getLatestPosts('1', 20)
 5 SYSTEMPATH/CodeIgniter.php(942): App\Controllers\HomeController->index()
 6 SYSTEMPATH/CodeIgniter.php(502): CodeIgniter\CodeIgniter->runController(Object(App\Controllers\HomeController))
 7 SYSTEMPATH/CodeIgniter.php(360): CodeIgniter\CodeIgniter->handleRequest(null, Object(Config\Cache), false)
 8 FCPATH/index.php(95): CodeIgniter\CodeIgniter->run()
CRITICAL - 2025-09-30 19:00:31 --> CodeIgniter\Security\Exceptions\SecurityException: The action you requested is not allowed.
in SYSTEMPATH/Security/Security.php on line 300.
 1 SYSTEMPATH/Security/Security.php(300): CodeIgniter\Security\Exceptions\SecurityException::forDisallowedAction()
 2 SYSTEMPATH/Filters/CSRF.php(56): CodeIgniter\Security\Security->verify(Object(CodeIgniter\HTTP\IncomingRequest))
 3 SYSTEMPATH/Filters/Filters.php(182): CodeIgniter\Filters\CSRF->before(Object(CodeIgniter\HTTP\IncomingRequest), null)
 4 SYSTEMPATH/CodeIgniter.php(474): CodeIgniter\Filters\Filters->run('File/getImages', 'before')
 5 SYSTEMPATH/CodeIgniter.php(360): CodeIgniter\CodeIgniter->handleRequest(null, Object(Config\Cache), false)
 6 FCPATH/index.php(95): CodeIgniter\CodeIgniter->run()
CRITICAL - 2025-09-30 19:00:51 --> CodeIgniter\Security\Exceptions\SecurityException: The action you requested is not allowed.
in SYSTEMPATH/Security/Security.php on line 300.
 1 SYSTEMPATH/Security/Security.php(300): CodeIgniter\Security\Exceptions\SecurityException::forDisallowedAction()
 2 SYSTEMPATH/Filters/CSRF.php(56): CodeIgniter\Security\Security->verify(Object(CodeIgniter\HTTP\IncomingRequest))
 3 SYSTEMPATH/Filters/Filters.php(182): CodeIgniter\Filters\CSRF->before(Object(CodeIgniter\HTTP\IncomingRequest), null)
 4 SYSTEMPATH/CodeIgniter.php(474): CodeIgniter\Filters\Filters->run('File/uploadImage', 'before')
 5 SYSTEMPATH/CodeIgniter.php(360): CodeIgniter\CodeIgniter->handleRequest(null, Object(Config\Cache), false)
 6 FCPATH/index.php(95): CodeIgniter\CodeIgniter->run()
CRITICAL - 2025-09-30 19:01:04 --> CodeIgniter\Security\Exceptions\SecurityException: The action you requested is not allowed.
in SYSTEMPATH/Security/Security.php on line 300.
 1 SYSTEMPATH/Security/Security.php(300): CodeIgniter\Security\Exceptions\SecurityException::forDisallowedAction()
 2 SYSTEMPATH/Filters/CSRF.php(56): CodeIgniter\Security\Security->verify(Object(CodeIgniter\HTTP\IncomingRequest))
 3 SYSTEMPATH/Filters/Filters.php(182): CodeIgniter\Filters\CSRF->before(Object(CodeIgniter\HTTP\IncomingRequest), null)
 4 SYSTEMPATH/CodeIgniter.php(474): CodeIgniter\Filters\Filters->run('File/getImages', 'before')
 5 SYSTEMPATH/CodeIgniter.php(360): CodeIgniter\CodeIgniter->handleRequest(null, Object(Config\Cache), false)
 6 FCPATH/index.php(95): CodeIgniter\CodeIgniter->run()
CRITICAL - 2025-09-30 19:01:30 --> CodeIgniter\Security\Exceptions\SecurityException: The action you requested is not allowed.
in SYSTEMPATH/Security/Security.php on line 300.
 1 SYSTEMPATH/Security/Security.php(300): CodeIgniter\Security\Exceptions\SecurityException::forDisallowedAction()
 2 SYSTEMPATH/Filters/CSRF.php(56): CodeIgniter\Security\Security->verify(Object(CodeIgniter\HTTP\IncomingRequest))
 3 SYSTEMPATH/Filters/Filters.php(182): CodeIgniter\Filters\CSRF->before(Object(CodeIgniter\HTTP\IncomingRequest), null)
 4 SYSTEMPATH/CodeIgniter.php(474): CodeIgniter\Filters\Filters->run('File/uploadImage', 'before')
 5 SYSTEMPATH/CodeIgniter.php(360): CodeIgniter\CodeIgniter->handleRequest(null, Object(Config\Cache), false)
 6 FCPATH/index.php(95): CodeIgniter\CodeIgniter->run()
CRITICAL - 2025-09-30 19:02:44 --> CodeIgniter\Security\Exceptions\SecurityException: The action you requested is not allowed.
in SYSTEMPATH/Security/Security.php on line 300.
 1 SYSTEMPATH/Security/Security.php(300): CodeIgniter\Security\Exceptions\SecurityException::forDisallowedAction()
 2 SYSTEMPATH/Filters/CSRF.php(56): CodeIgniter\Security\Security->verify(Object(CodeIgniter\HTTP\IncomingRequest))
 3 SYSTEMPATH/Filters/Filters.php(182): CodeIgniter\Filters\CSRF->before(Object(CodeIgniter\HTTP\IncomingRequest), null)
 4 SYSTEMPATH/CodeIgniter.php(474): CodeIgniter\Filters\Filters->run('Category/getSubCategories', 'before')
 5 SYSTEMPATH/CodeIgniter.php(360): CodeIgniter\CodeIgniter->handleRequest(null, Object(Config\Cache), false)
 6 FCPATH/index.php(95): CodeIgniter\CodeIgniter->run()
CRITICAL - 2025-09-30 19:02:51 --> CodeIgniter\Security\Exceptions\SecurityException: The action you requested is not allowed.
in SYSTEMPATH/Security/Security.php on line 300.
 1 SYSTEMPATH/Security/Security.php(300): CodeIgniter\Security\Exceptions\SecurityException::forDisallowedAction()
 2 SYSTEMPATH/Filters/CSRF.php(56): CodeIgniter\Security\Security->verify(Object(CodeIgniter\HTTP\IncomingRequest))
 3 SYSTEMPATH/Filters/Filters.php(182): CodeIgniter\Filters\CSRF->before(Object(CodeIgniter\HTTP\IncomingRequest), null)
 4 SYSTEMPATH/CodeIgniter.php(474): CodeIgniter\Filters\Filters->run('Category/getSubCategories', 'before')
 5 SYSTEMPATH/CodeIgniter.php(360): CodeIgniter\CodeIgniter->handleRequest(null, Object(Config\Cache), false)
 6 FCPATH/index.php(95): CodeIgniter\CodeIgniter->run()
CRITICAL - 2025-09-30 19:02:56 --> CodeIgniter\Security\Exceptions\SecurityException: The action you requested is not allowed.
in SYSTEMPATH/Security/Security.php on line 300.
 1 SYSTEMPATH/Security/Security.php(300): CodeIgniter\Security\Exceptions\SecurityException::forDisallowedAction()
 2 SYSTEMPATH/Filters/CSRF.php(56): CodeIgniter\Security\Security->verify(Object(CodeIgniter\HTTP\IncomingRequest))
 3 SYSTEMPATH/Filters/Filters.php(182): CodeIgniter\Filters\CSRF->before(Object(CodeIgniter\HTTP\IncomingRequest), null)
 4 SYSTEMPATH/CodeIgniter.php(474): CodeIgniter\Filters\Filters->run('File/getImages', 'before')
 5 SYSTEMPATH/CodeIgniter.php(360): CodeIgniter\CodeIgniter->handleRequest(null, Object(Config\Cache), false)
 6 FCPATH/index.php(95): CodeIgniter\CodeIgniter->run()
CRITICAL - 2025-09-30 19:03:30 --> CodeIgniter\Security\Exceptions\SecurityException: The action you requested is not allowed.
in SYSTEMPATH/Security/Security.php on line 300.
 1 SYSTEMPATH/Security/Security.php(300): CodeIgniter\Security\Exceptions\SecurityException::forDisallowedAction()
 2 SYSTEMPATH/Filters/CSRF.php(56): CodeIgniter\Security\Security->verify(Object(CodeIgniter\HTTP\IncomingRequest))
 3 SYSTEMPATH/Filters/Filters.php(182): CodeIgniter\Filters\CSRF->before(Object(CodeIgniter\HTTP\IncomingRequest), null)
 4 SYSTEMPATH/CodeIgniter.php(474): CodeIgniter\Filters\Filters->run('File/getImages', 'before')
 5 SYSTEMPATH/CodeIgniter.php(360): CodeIgniter\CodeIgniter->handleRequest(null, Object(Config\Cache), false)
 6 FCPATH/index.php(95): CodeIgniter\CodeIgniter->run()
CRITICAL - 2025-09-30 19:04:09 --> CodeIgniter\Security\Exceptions\SecurityException: The action you requested is not allowed.
in SYSTEMPATH/Security/Security.php on line 300.
 1 SYSTEMPATH/Security/Security.php(300): CodeIgniter\Security\Exceptions\SecurityException::forDisallowedAction()
 2 SYSTEMPATH/Filters/CSRF.php(56): CodeIgniter\Security\Security->verify(Object(CodeIgniter\HTTP\IncomingRequest))
 3 SYSTEMPATH/Filters/Filters.php(182): CodeIgniter\Filters\CSRF->before(Object(CodeIgniter\HTTP\IncomingRequest), null)
 4 SYSTEMPATH/CodeIgniter.php(474): CodeIgniter\Filters\Filters->run('File/getImages', 'before')
 5 SYSTEMPATH/CodeIgniter.php(360): CodeIgniter\CodeIgniter->handleRequest(null, Object(Config\Cache), false)
 6 FCPATH/index.php(95): CodeIgniter\CodeIgniter->run()
CRITICAL - 2025-09-30 19:04:55 --> CodeIgniter\Security\Exceptions\SecurityException: The action you requested is not allowed.
in SYSTEMPATH/Security/Security.php on line 300.
 1 SYSTEMPATH/Security/Security.php(300): CodeIgniter\Security\Exceptions\SecurityException::forDisallowedAction()
 2 SYSTEMPATH/Filters/CSRF.php(56): CodeIgniter\Security\Security->verify(Object(CodeIgniter\HTTP\IncomingRequest))
 3 SYSTEMPATH/Filters/Filters.php(182): CodeIgniter\Filters\CSRF->before(Object(CodeIgniter\HTTP\IncomingRequest), null)
 4 SYSTEMPATH/CodeIgniter.php(474): CodeIgniter\Filters\Filters->run('File/getImages', 'before')
 5 SYSTEMPATH/CodeIgniter.php(360): CodeIgniter\CodeIgniter->handleRequest(null, Object(Config\Cache), false)
 6 FCPATH/index.php(95): CodeIgniter\CodeIgniter->run()
CRITICAL - 2025-09-30 19:08:06 --> CodeIgniter\Security\Exceptions\SecurityException: The action you requested is not allowed.
in SYSTEMPATH/Security/Security.php on line 300.
 1 SYSTEMPATH/Security/Security.php(300): CodeIgniter\Security\Exceptions\SecurityException::forDisallowedAction()
 2 SYSTEMPATH/Filters/CSRF.php(56): CodeIgniter\Security\Security->verify(Object(CodeIgniter\HTTP\IncomingRequest))
 3 SYSTEMPATH/Filters/Filters.php(182): CodeIgniter\Filters\CSRF->before(Object(CodeIgniter\HTTP\IncomingRequest), null)
 4 SYSTEMPATH/CodeIgniter.php(474): CodeIgniter\Filters\Filters->run('File/getImages', 'before')
 5 SYSTEMPATH/CodeIgniter.php(360): CodeIgniter\CodeIgniter->handleRequest(null, Object(Config\Cache), false)
 6 FCPATH/index.php(95): CodeIgniter\CodeIgniter->run()
CRITICAL - 2025-09-30 19:10:23 --> ErrorException: Undefined variable $featuredPostsId
in APPPATH/Common.php on line 1923.
 1 APPPATH/Common.php(1923): CodeIgniter\Debug\Exceptions->errorHandler(2, 'Undefined variable $featuredPostsId', '/home/digibangla/public_html/app/Common.php', 1923)
 2 APPPATH/Models/PostModel.php(80): getFeaturedPostsId()
 3 APPPATH/Common.php(2078): App\Models\PostModel->getLatestPosts('1', 20)
 4 APPPATH/Controllers/HomeController.php(36): getLatestPosts('1', 20)
 5 SYSTEMPATH/CodeIgniter.php(942): App\Controllers\HomeController->index()
 6 SYSTEMPATH/CodeIgniter.php(502): CodeIgniter\CodeIgniter->runController(Object(App\Controllers\HomeController))
 7 SYSTEMPATH/CodeIgniter.php(360): CodeIgniter\CodeIgniter->handleRequest(null, Object(Config\Cache), false)
 8 FCPATH/index.php(95): CodeIgniter\CodeIgniter->run()
CRITICAL - 2025-09-30 19:34:08 --> CodeIgniter\Security\Exceptions\SecurityException: The action you requested is not allowed.
in SYSTEMPATH/Security/Security.php on line 300.
 1 SYSTEMPATH/Security/Security.php(300): CodeIgniter\Security\Exceptions\SecurityException::forDisallowedAction()
 2 SYSTEMPATH/Filters/CSRF.php(56): CodeIgniter\Security\Security->verify(Object(CodeIgniter\HTTP\IncomingRequest))
 3 SYSTEMPATH/Filters/Filters.php(182): CodeIgniter\Filters\CSRF->before(Object(CodeIgniter\HTTP\IncomingRequest), null)
 4 SYSTEMPATH/CodeIgniter.php(474): CodeIgniter\Filters\Filters->run('File/getImages', 'before')
 5 SYSTEMPATH/CodeIgniter.php(360): CodeIgniter\CodeIgniter->handleRequest(null, Object(Config\Cache), false)
 6 FCPATH/index.php(95): CodeIgniter\CodeIgniter->run()
CRITICAL - 2025-09-30 19:34:57 --> CodeIgniter\Security\Exceptions\SecurityException: The action you requested is not allowed.
in SYSTEMPATH/Security/Security.php on line 300.
 1 SYSTEMPATH/Security/Security.php(300): CodeIgniter\Security\Exceptions\SecurityException::forDisallowedAction()
 2 SYSTEMPATH/Filters/CSRF.php(56): CodeIgniter\Security\Security->verify(Object(CodeIgniter\HTTP\IncomingRequest))
 3 SYSTEMPATH/Filters/Filters.php(182): CodeIgniter\Filters\CSRF->before(Object(CodeIgniter\HTTP\IncomingRequest), null)
 4 SYSTEMPATH/CodeIgniter.php(474): CodeIgniter\Filters\Filters->run('Category/getSubCategories', 'before')
 5 SYSTEMPATH/CodeIgniter.php(360): CodeIgniter\CodeIgniter->handleRequest(null, Object(Config\Cache), false)
 6 FCPATH/index.php(95): CodeIgniter\CodeIgniter->run()
CRITICAL - 2025-09-30 19:35:22 --> CodeIgniter\Security\Exceptions\SecurityException: The action you requested is not allowed.
in SYSTEMPATH/Security/Security.php on line 300.
 1 SYSTEMPATH/Security/Security.php(300): CodeIgniter\Security\Exceptions\SecurityException::forDisallowedAction()
 2 SYSTEMPATH/Filters/CSRF.php(56): CodeIgniter\Security\Security->verify(Object(CodeIgniter\HTTP\IncomingRequest))
 3 SYSTEMPATH/Filters/Filters.php(182): CodeIgniter\Filters\CSRF->before(Object(CodeIgniter\HTTP\IncomingRequest), null)
 4 SYSTEMPATH/CodeIgniter.php(474): CodeIgniter\Filters\Filters->run('File/getImages', 'before')
 5 SYSTEMPATH/CodeIgniter.php(360): CodeIgniter\CodeIgniter->handleRequest(null, Object(Config\Cache), false)
 6 FCPATH/index.php(95): CodeIgniter\CodeIgniter->run()
