CRITICAL - 2025-02-28 01:01:36 --> ErrorException: Undefined array key "HTTP_USER_AGENT"
in APPPATH/Common.php on line 2360.
 1 APPPATH/Common.php(2360): CodeIgniter\Debug\Exceptions->errorHandler(2, 'Undefined array key "HTTP_USER_AGENT"', '/home/digibangla/public_html/app/Common.php', 2360)
 2 APPPATH/Models/PostModel.php(392): isBot()
 3 APPPATH/Controllers/HomeController.php(197): App\Models\PostModel->increasePostPageviews(Object(stdClass), Object(stdClass))
 4 APPPATH/Controllers/HomeController.php(113): App\Controllers\HomeController->post(Object(stdClass))
 5 SYSTEMPATH/CodeIgniter.php(942): App\Controllers\HomeController->any('151468')
 6 SYSTEMPATH/CodeIgniter.php(502): CodeIgniter\CodeIgniter->runController(Object(App\Controllers\HomeController))
 7 SYSTEMPATH/CodeIgniter.php(360): CodeIgniter\CodeIgniter->handleRequest(null, Object(Config\Cache), false)
 8 FCPATH/index.php(95): CodeIgniter\CodeIgniter->run()
CRITICAL - 2025-02-28 06:40:24 --> ErrorException: Undefined array key "HTTP_USER_AGENT"
in APPPATH/Common.php on line 2360.
 1 APPPATH/Common.php(2360): CodeIgniter\Debug\Exceptions->errorHandler(2, 'Undefined array key "HTTP_USER_AGENT"', '/home/digibangla/public_html/app/Common.php', 2360)
 2 APPPATH/Models/PostModel.php(392): isBot()
 3 APPPATH/Controllers/HomeController.php(197): App\Models\PostModel->increasePostPageviews(Object(stdClass), Object(stdClass))
 4 APPPATH/Controllers/HomeController.php(113): App\Controllers\HomeController->post(Object(stdClass))
 5 SYSTEMPATH/CodeIgniter.php(942): App\Controllers\HomeController->any('151574')
 6 SYSTEMPATH/CodeIgniter.php(502): CodeIgniter\CodeIgniter->runController(Object(App\Controllers\HomeController))
 7 SYSTEMPATH/CodeIgniter.php(360): CodeIgniter\CodeIgniter->handleRequest(null, Object(Config\Cache), false)
 8 FCPATH/index.php(95): CodeIgniter\CodeIgniter->run()
CRITICAL - 2025-02-28 11:17:29 --> ErrorException: Undefined array key "HTTP_USER_AGENT"
in APPPATH/Common.php on line 2360.
 1 APPPATH/Common.php(2360): CodeIgniter\Debug\Exceptions->errorHandler(2, 'Undefined array key "HTTP_USER_AGENT"', '/home/digibangla/public_html/app/Common.php', 2360)
 2 APPPATH/Models/PostModel.php(392): isBot()
 3 APPPATH/Controllers/HomeController.php(197): App\Models\PostModel->increasePostPageviews(Object(stdClass), Object(stdClass))
 4 APPPATH/Controllers/HomeController.php(113): App\Controllers\HomeController->post(Object(stdClass))
 5 SYSTEMPATH/CodeIgniter.php(942): App\Controllers\HomeController->any('151568')
 6 SYSTEMPATH/CodeIgniter.php(502): CodeIgniter\CodeIgniter->runController(Object(App\Controllers\HomeController))
 7 SYSTEMPATH/CodeIgniter.php(360): CodeIgniter\CodeIgniter->handleRequest(null, Object(Config\Cache), false)
 8 FCPATH/index.php(95): CodeIgniter\CodeIgniter->run()
CRITICAL - 2025-02-28 15:48:30 --> TypeError: CodeIgniter\Database\BaseBuilder::like(): Argument #2 ($match) must be of type string, null given, called in /home/digibangla/public_html/app/Models/FileModel.php on line 100
in SYSTEMPATH/Database/BaseBuilder.php on line 984.
 1 APPPATH/Models/FileModel.php(100): CodeIgniter\Database\BaseBuilder->like('file_name', null)
 2 APPPATH/Controllers/FileController.php(69): App\Models\FileModel->searchImages(null)
 3 SYSTEMPATH/CodeIgniter.php(942): App\Controllers\FileController->searchImage()
 4 SYSTEMPATH/CodeIgniter.php(502): CodeIgniter\CodeIgniter->runController(Object(App\Controllers\FileController))
 5 SYSTEMPATH/CodeIgniter.php(360): CodeIgniter\CodeIgniter->handleRequest(null, Object(Config\Cache), false)
 6 FCPATH/index.php(95): CodeIgniter\CodeIgniter->run()
CRITICAL - 2025-02-28 20:05:31 --> ErrorException: Undefined array key "HTTP_USER_AGENT"
in APPPATH/Common.php on line 2360.
 1 APPPATH/Common.php(2360): CodeIgniter\Debug\Exceptions->errorHandler(2, 'Undefined array key "HTTP_USER_AGENT"', '/home/digibangla/public_html/app/Common.php', 2360)
 2 APPPATH/Models/PostModel.php(392): isBot()
 3 APPPATH/Controllers/HomeController.php(197): App\Models\PostModel->increasePostPageviews(Object(stdClass), Object(stdClass))
 4 APPPATH/Controllers/HomeController.php(113): App\Controllers\HomeController->post(Object(stdClass))
 5 SYSTEMPATH/CodeIgniter.php(942): App\Controllers\HomeController->any('151621')
 6 SYSTEMPATH/CodeIgniter.php(502): CodeIgniter\CodeIgniter->runController(Object(App\Controllers\HomeController))
 7 SYSTEMPATH/CodeIgniter.php(360): CodeIgniter\CodeIgniter->handleRequest(null, Object(Config\Cache), false)
 8 FCPATH/index.php(95): CodeIgniter\CodeIgniter->run()
