CRITICAL - 2025-05-09 01:16:55 --> ErrorException: Undefined array key "HTTP_USER_AGENT"
in APPPATH/Common.php on line 2410.
 1 APPPATH/Common.php(2410): CodeIgniter\Debug\Exceptions->errorHandler(2, 'Undefined array key "HTTP_USER_AGENT"', '/home/digibangla/public_html/app/Common.php', 2410)
 2 APPPATH/Models/PostModel.php(392): isBot()
 3 APPPATH/Controllers/HomeController.php(197): App\Models\PostModel->increasePostPageviews(Object(stdClass), Object(stdClass))
 4 APPPATH/Controllers/HomeController.php(113): App\Controllers\HomeController->post(Object(stdClass))
 5 SYSTEMPATH/CodeIgniter.php(942): App\Controllers\HomeController->any('153573')
 6 SYSTEMPATH/CodeIgniter.php(502): CodeIgniter\CodeIgniter->runController(Object(App\Controllers\HomeController))
 7 SYSTEMPATH/CodeIgniter.php(360): CodeIgniter\CodeIgniter->handleRequest(null, Object(Config\Cache), false)
 8 FCPATH/index.php(95): CodeIgniter\CodeIgniter->run()
CRITICAL - 2025-05-09 08:50:09 --> ErrorException: Undefined array key "HTTP_USER_AGENT"
in APPPATH/Common.php on line 2410.
 1 APPPATH/Common.php(2410): CodeIgniter\Debug\Exceptions->errorHandler(2, 'Undefined array key "HTTP_USER_AGENT"', '/home/digibangla/public_html/app/Common.php', 2410)
 2 APPPATH/Models/PostModel.php(392): isBot()
 3 APPPATH/Controllers/HomeController.php(197): App\Models\PostModel->increasePostPageviews(Object(stdClass), Object(stdClass))
 4 APPPATH/Controllers/HomeController.php(113): App\Controllers\HomeController->post(Object(stdClass))
 5 SYSTEMPATH/CodeIgniter.php(942): App\Controllers\HomeController->any('153571')
 6 SYSTEMPATH/CodeIgniter.php(502): CodeIgniter\CodeIgniter->runController(Object(App\Controllers\HomeController))
 7 SYSTEMPATH/CodeIgniter.php(360): CodeIgniter\CodeIgniter->handleRequest(null, Object(Config\Cache), false)
 8 FCPATH/index.php(95): CodeIgniter\CodeIgniter->run()
CRITICAL - 2025-05-09 19:07:28 --> Intervention\Image\Exception\NotReadableException: Unsupported image type. GD driver is only able to decode JPG, PNG, GIF or WebP files.
in APPPATH/ThirdParty/intervention-image/vendor/intervention/image/src/Intervention/Image/Gd/Decoder.php on line 59.
 1 APPPATH/ThirdParty/intervention-image/vendor/intervention/image/src/Intervention/Image/AbstractDecoder.php(339): Intervention\Image\Gd\Decoder->initFromPath('uploads/tmp/temp_681dfe1007e2d6-33963954.jpeg')
 2 APPPATH/ThirdParty/intervention-image/vendor/intervention/image/src/Intervention/Image/AbstractDriver.php(66): Intervention\Image\AbstractDecoder->init('uploads/tmp/temp_681dfe1007e2d6-33963954.jpeg')
 3 APPPATH/ThirdParty/intervention-image/vendor/intervention/image/src/Intervention/Image/ImageManager.php(54): Intervention\Image\AbstractDriver->init('uploads/tmp/temp_681dfe1007e2d6-33963954.jpeg')
 4 APPPATH/ThirdParty/intervention-image/vendor/intervention/image/src/Intervention/Image/ImageManagerStatic.php(58): Intervention\Image\ImageManager->make('uploads/tmp/temp_681dfe1007e2d6-33963954.jpeg')
 5 APPPATH/Models/UploadModel.php(88): Intervention\Image\ImageManagerStatic::make('uploads/tmp/temp_681dfe1007e2d6-33963954.jpeg')
 6 APPPATH/Models/FileModel.php(48): App\Models\UploadModel->uploadPostImage('uploads/tmp/temp_681dfe1007e2d6-33963954.jpeg', 'big')
 7 APPPATH/Controllers/FileController.php(31): App\Models\FileModel->uploadImage()
 8 SYSTEMPATH/CodeIgniter.php(942): App\Controllers\FileController->uploadImage()
 9 SYSTEMPATH/CodeIgniter.php(502): CodeIgniter\CodeIgniter->runController(Object(App\Controllers\FileController))
10 SYSTEMPATH/CodeIgniter.php(360): CodeIgniter\CodeIgniter->handleRequest(null, Object(Config\Cache), false)
11 FCPATH/index.php(95): CodeIgniter\CodeIgniter->run()
