CRITICAL - 2025-07-18 20:14:19 --> ErrorException: Undefined array key "HTTP_USER_AGENT"
in APPPATH/Common.php on line 2410.
 1 APPPATH/Common.php(2410): CodeIgniter\Debug\Exceptions->errorHandler(2, 'Undefined array key "HTTP_USER_AGENT"', '/home/digibangla/public_html/app/Common.php', 2410)
 2 APPPATH/Models/PostModel.php(392): isBot()
 3 APPPATH/Controllers/HomeController.php(197): App\Models\PostModel->increasePostPageviews(Object(stdClass), Object(stdClass))
 4 APPPATH/Controllers/HomeController.php(113): App\Controllers\HomeController->post(Object(stdClass))
 5 SYSTEMPATH/CodeIgniter.php(942): App\Controllers\HomeController->any('155712')
 6 SYSTEMPATH/CodeIgniter.php(502): CodeIgniter\CodeIgniter->runController(Object(App\Controllers\HomeController))
 7 SYSTEMPATH/CodeIgniter.php(360): CodeIgniter\CodeIgniter->handleRequest(null, Object(Config\Cache), false)
 8 FCPATH/index.php(95): CodeIgniter\CodeIgniter->run()
CRITICAL - 2025-07-18 20:47:47 --> ErrorException: Undefined array key "HTTP_USER_AGENT"
in APPPATH/Common.php on line 2410.
 1 APPPATH/Common.php(2410): CodeIgniter\Debug\Exceptions->errorHandler(2, 'Undefined array key "HTTP_USER_AGENT"', '/home/digibangla/public_html/app/Common.php', 2410)
 2 APPPATH/Models/PostModel.php(392): isBot()
 3 APPPATH/Controllers/HomeController.php(197): App\Models\PostModel->increasePostPageviews(Object(stdClass), Object(stdClass))
 4 APPPATH/Controllers/HomeController.php(113): App\Controllers\HomeController->post(Object(stdClass))
 5 SYSTEMPATH/CodeIgniter.php(942): App\Controllers\HomeController->any('155713')
 6 SYSTEMPATH/CodeIgniter.php(502): CodeIgniter\CodeIgniter->runController(Object(App\Controllers\HomeController))
 7 SYSTEMPATH/CodeIgniter.php(360): CodeIgniter\CodeIgniter->handleRequest(null, Object(Config\Cache), false)
 8 FCPATH/index.php(95): CodeIgniter\CodeIgniter->run()
CRITICAL - 2025-07-18 21:44:18 --> TypeError: CodeIgniter\Database\BaseBuilder::like(): Argument #2 ($match) must be of type string, null given, called in /home/digibangla/public_html/app/Models/FileModel.php on line 100
in SYSTEMPATH/Database/BaseBuilder.php on line 984.
 1 APPPATH/Models/FileModel.php(100): CodeIgniter\Database\BaseBuilder->like('file_name', null)
 2 APPPATH/Controllers/FileController.php(69): App\Models\FileModel->searchImages(null)
 3 SYSTEMPATH/CodeIgniter.php(942): App\Controllers\FileController->searchImage()
 4 SYSTEMPATH/CodeIgniter.php(502): CodeIgniter\CodeIgniter->runController(Object(App\Controllers\FileController))
 5 SYSTEMPATH/CodeIgniter.php(360): CodeIgniter\CodeIgniter->handleRequest(null, Object(Config\Cache), false)
 6 FCPATH/index.php(95): CodeIgniter\CodeIgniter->run()
CRITICAL - 2025-07-18 21:57:01 --> TypeError: CodeIgniter\Database\BaseBuilder::like(): Argument #2 ($match) must be of type string, null given, called in /home/digibangla/public_html/app/Models/FileModel.php on line 100
in SYSTEMPATH/Database/BaseBuilder.php on line 984.
 1 APPPATH/Models/FileModel.php(100): CodeIgniter\Database\BaseBuilder->like('file_name', null)
 2 APPPATH/Controllers/FileController.php(69): App\Models\FileModel->searchImages(null)
 3 SYSTEMPATH/CodeIgniter.php(942): App\Controllers\FileController->searchImage()
 4 SYSTEMPATH/CodeIgniter.php(502): CodeIgniter\CodeIgniter->runController(Object(App\Controllers\FileController))
 5 SYSTEMPATH/CodeIgniter.php(360): CodeIgniter\CodeIgniter->handleRequest(null, Object(Config\Cache), false)
 6 FCPATH/index.php(95): CodeIgniter\CodeIgniter->run()
CRITICAL - 2025-07-18 21:57:01 --> TypeError: CodeIgniter\Database\BaseBuilder::like(): Argument #2 ($match) must be of type string, null given, called in /home/digibangla/public_html/app/Models/FileModel.php on line 100
in SYSTEMPATH/Database/BaseBuilder.php on line 984.
 1 APPPATH/Models/FileModel.php(100): CodeIgniter\Database\BaseBuilder->like('file_name', null)
 2 APPPATH/Controllers/FileController.php(69): App\Models\FileModel->searchImages(null)
 3 SYSTEMPATH/CodeIgniter.php(942): App\Controllers\FileController->searchImage()
 4 SYSTEMPATH/CodeIgniter.php(502): CodeIgniter\CodeIgniter->runController(Object(App\Controllers\FileController))
 5 SYSTEMPATH/CodeIgniter.php(360): CodeIgniter\CodeIgniter->handleRequest(null, Object(Config\Cache), false)
 6 FCPATH/index.php(95): CodeIgniter\CodeIgniter->run()
CRITICAL - 2025-07-18 22:10:25 --> TypeError: CodeIgniter\Database\BaseBuilder::like(): Argument #2 ($match) must be of type string, null given, called in /home/digibangla/public_html/app/Models/FileModel.php on line 100
in SYSTEMPATH/Database/BaseBuilder.php on line 984.
 1 APPPATH/Models/FileModel.php(100): CodeIgniter\Database\BaseBuilder->like('file_name', null)
 2 APPPATH/Controllers/FileController.php(69): App\Models\FileModel->searchImages(null)
 3 SYSTEMPATH/CodeIgniter.php(942): App\Controllers\FileController->searchImage()
 4 SYSTEMPATH/CodeIgniter.php(502): CodeIgniter\CodeIgniter->runController(Object(App\Controllers\FileController))
 5 SYSTEMPATH/CodeIgniter.php(360): CodeIgniter\CodeIgniter->handleRequest(null, Object(Config\Cache), false)
 6 FCPATH/index.php(95): CodeIgniter\CodeIgniter->run()
CRITICAL - 2025-07-18 22:19:09 --> TypeError: CodeIgniter\Database\BaseBuilder::like(): Argument #2 ($match) must be of type string, null given, called in /home/digibangla/public_html/app/Models/FileModel.php on line 100
in SYSTEMPATH/Database/BaseBuilder.php on line 984.
 1 APPPATH/Models/FileModel.php(100): CodeIgniter\Database\BaseBuilder->like('file_name', null)
 2 APPPATH/Controllers/FileController.php(69): App\Models\FileModel->searchImages(null)
 3 SYSTEMPATH/CodeIgniter.php(942): App\Controllers\FileController->searchImage()
 4 SYSTEMPATH/CodeIgniter.php(502): CodeIgniter\CodeIgniter->runController(Object(App\Controllers\FileController))
 5 SYSTEMPATH/CodeIgniter.php(360): CodeIgniter\CodeIgniter->handleRequest(null, Object(Config\Cache), false)
 6 FCPATH/index.php(95): CodeIgniter\CodeIgniter->run()
CRITICAL - 2025-07-18 23:27:25 --> ErrorException: Undefined array key "HTTP_USER_AGENT"
in APPPATH/Common.php on line 2410.
 1 APPPATH/Common.php(2410): CodeIgniter\Debug\Exceptions->errorHandler(2, 'Undefined array key "HTTP_USER_AGENT"', '/home/digibangla/public_html/app/Common.php', 2410)
 2 APPPATH/Models/PostModel.php(392): isBot()
 3 APPPATH/Controllers/HomeController.php(197): App\Models\PostModel->increasePostPageviews(Object(stdClass), Object(stdClass))
 4 APPPATH/Controllers/HomeController.php(113): App\Controllers\HomeController->post(Object(stdClass))
 5 SYSTEMPATH/CodeIgniter.php(942): App\Controllers\HomeController->any('155720')
 6 SYSTEMPATH/CodeIgniter.php(502): CodeIgniter\CodeIgniter->runController(Object(App\Controllers\HomeController))
 7 SYSTEMPATH/CodeIgniter.php(360): CodeIgniter\CodeIgniter->handleRequest(null, Object(Config\Cache), false)
 8 FCPATH/index.php(95): CodeIgniter\CodeIgniter->run()
