CRITICAL - 2025-04-24 11:50:00 --> TypeError: CodeIgniter\Database\BaseBuilder::like(): Argument #2 ($match) must be of type string, null given, called in /home/digibangla/public_html/app/Models/FileModel.php on line 100
in SYSTEMPATH/Database/BaseBuilder.php on line 984.
 1 APPPATH/Models/FileModel.php(100): CodeIgniter\Database\BaseBuilder->like('file_name', null)
 2 APPPATH/Controllers/FileController.php(69): App\Models\FileModel->searchImages(null)
 3 SYSTEMPATH/CodeIgniter.php(942): App\Controllers\FileController->searchImage()
 4 SYSTEMPATH/CodeIgniter.php(502): CodeIgniter\CodeIgniter->runController(Object(App\Controllers\FileController))
 5 SYSTEMPATH/CodeIgniter.php(360): CodeIgniter\CodeIgniter->handleRequest(null, Object(Config\Cache), false)
 6 FCPATH/index.php(95): CodeIgniter\CodeIgniter->run()
CRITICAL - 2025-04-24 12:11:54 --> TypeError: CodeIgniter\Database\BaseBuilder::like(): Argument #2 ($match) must be of type string, null given, called in /home/digibangla/public_html/app/Models/FileModel.php on line 100
in SYSTEMPATH/Database/BaseBuilder.php on line 984.
 1 APPPATH/Models/FileModel.php(100): CodeIgniter\Database\BaseBuilder->like('file_name', null)
 2 APPPATH/Controllers/FileController.php(69): App\Models\FileModel->searchImages(null)
 3 SYSTEMPATH/CodeIgniter.php(942): App\Controllers\FileController->searchImage()
 4 SYSTEMPATH/CodeIgniter.php(502): CodeIgniter\CodeIgniter->runController(Object(App\Controllers\FileController))
 5 SYSTEMPATH/CodeIgniter.php(360): CodeIgniter\CodeIgniter->handleRequest(null, Object(Config\Cache), false)
 6 FCPATH/index.php(95): CodeIgniter\CodeIgniter->run()
CRITICAL - 2025-04-24 12:13:21 --> TypeError: CodeIgniter\Database\BaseBuilder::like(): Argument #2 ($match) must be of type string, null given, called in /home/digibangla/public_html/app/Models/FileModel.php on line 100
in SYSTEMPATH/Database/BaseBuilder.php on line 984.
 1 APPPATH/Models/FileModel.php(100): CodeIgniter\Database\BaseBuilder->like('file_name', null)
 2 APPPATH/Controllers/FileController.php(69): App\Models\FileModel->searchImages(null)
 3 SYSTEMPATH/CodeIgniter.php(942): App\Controllers\FileController->searchImage()
 4 SYSTEMPATH/CodeIgniter.php(502): CodeIgniter\CodeIgniter->runController(Object(App\Controllers\FileController))
 5 SYSTEMPATH/CodeIgniter.php(360): CodeIgniter\CodeIgniter->handleRequest(null, Object(Config\Cache), false)
 6 FCPATH/index.php(95): CodeIgniter\CodeIgniter->run()
CRITICAL - 2025-04-24 12:19:52 --> Intervention\Image\Exception\NotReadableException: Unsupported image type. GD driver is only able to decode JPG, PNG, GIF or WebP files.
in APPPATH/ThirdParty/intervention-image/vendor/intervention/image/src/Intervention/Image/Gd/Decoder.php on line 59.
 1 APPPATH/ThirdParty/intervention-image/vendor/intervention/image/src/Intervention/Image/AbstractDecoder.php(339): Intervention\Image\Gd\Decoder->initFromPath('uploads/tmp/temp_6809d8089eda70-36405404.jpg')
 2 APPPATH/ThirdParty/intervention-image/vendor/intervention/image/src/Intervention/Image/AbstractDriver.php(66): Intervention\Image\AbstractDecoder->init('uploads/tmp/temp_6809d8089eda70-36405404.jpg')
 3 APPPATH/ThirdParty/intervention-image/vendor/intervention/image/src/Intervention/Image/ImageManager.php(54): Intervention\Image\AbstractDriver->init('uploads/tmp/temp_6809d8089eda70-36405404.jpg')
 4 APPPATH/ThirdParty/intervention-image/vendor/intervention/image/src/Intervention/Image/ImageManagerStatic.php(58): Intervention\Image\ImageManager->make('uploads/tmp/temp_6809d8089eda70-36405404.jpg')
 5 APPPATH/Models/UploadModel.php(88): Intervention\Image\ImageManagerStatic::make('uploads/tmp/temp_6809d8089eda70-36405404.jpg')
 6 APPPATH/Models/FileModel.php(48): App\Models\UploadModel->uploadPostImage('uploads/tmp/temp_6809d8089eda70-36405404.jpg', 'big')
 7 APPPATH/Controllers/FileController.php(31): App\Models\FileModel->uploadImage()
 8 SYSTEMPATH/CodeIgniter.php(942): App\Controllers\FileController->uploadImage()
 9 SYSTEMPATH/CodeIgniter.php(502): CodeIgniter\CodeIgniter->runController(Object(App\Controllers\FileController))
10 SYSTEMPATH/CodeIgniter.php(360): CodeIgniter\CodeIgniter->handleRequest(null, Object(Config\Cache), false)
11 FCPATH/index.php(95): CodeIgniter\CodeIgniter->run()
CRITICAL - 2025-04-24 12:20:43 --> Intervention\Image\Exception\NotReadableException: Unsupported image type. GD driver is only able to decode JPG, PNG, GIF or WebP files.
in APPPATH/ThirdParty/intervention-image/vendor/intervention/image/src/Intervention/Image/Gd/Decoder.php on line 59.
 1 APPPATH/ThirdParty/intervention-image/vendor/intervention/image/src/Intervention/Image/AbstractDecoder.php(339): Intervention\Image\Gd\Decoder->initFromPath('uploads/tmp/temp_6809d83b565cb4-27986869.jpg')
 2 APPPATH/ThirdParty/intervention-image/vendor/intervention/image/src/Intervention/Image/AbstractDriver.php(66): Intervention\Image\AbstractDecoder->init('uploads/tmp/temp_6809d83b565cb4-27986869.jpg')
 3 APPPATH/ThirdParty/intervention-image/vendor/intervention/image/src/Intervention/Image/ImageManager.php(54): Intervention\Image\AbstractDriver->init('uploads/tmp/temp_6809d83b565cb4-27986869.jpg')
 4 APPPATH/ThirdParty/intervention-image/vendor/intervention/image/src/Intervention/Image/ImageManagerStatic.php(58): Intervention\Image\ImageManager->make('uploads/tmp/temp_6809d83b565cb4-27986869.jpg')
 5 APPPATH/Models/UploadModel.php(88): Intervention\Image\ImageManagerStatic::make('uploads/tmp/temp_6809d83b565cb4-27986869.jpg')
 6 APPPATH/Models/FileModel.php(48): App\Models\UploadModel->uploadPostImage('uploads/tmp/temp_6809d83b565cb4-27986869.jpg', 'big')
 7 APPPATH/Controllers/FileController.php(31): App\Models\FileModel->uploadImage()
 8 SYSTEMPATH/CodeIgniter.php(942): App\Controllers\FileController->uploadImage()
 9 SYSTEMPATH/CodeIgniter.php(502): CodeIgniter\CodeIgniter->runController(Object(App\Controllers\FileController))
10 SYSTEMPATH/CodeIgniter.php(360): CodeIgniter\CodeIgniter->handleRequest(null, Object(Config\Cache), false)
11 FCPATH/index.php(95): CodeIgniter\CodeIgniter->run()
CRITICAL - 2025-04-24 15:01:25 --> ErrorException: Undefined array key "HTTP_USER_AGENT"
in APPPATH/Common.php on line 2410.
 1 APPPATH/Common.php(2410): CodeIgniter\Debug\Exceptions->errorHandler(2, 'Undefined array key "HTTP_USER_AGENT"', '/home/digibangla/public_html/app/Common.php', 2410)
 2 APPPATH/Models/PostModel.php(392): isBot()
 3 APPPATH/Controllers/HomeController.php(197): App\Models\PostModel->increasePostPageviews(Object(stdClass), Object(stdClass))
 4 APPPATH/Controllers/HomeController.php(113): App\Controllers\HomeController->post(Object(stdClass))
 5 SYSTEMPATH/CodeIgniter.php(942): App\Controllers\HomeController->any('153059')
 6 SYSTEMPATH/CodeIgniter.php(502): CodeIgniter\CodeIgniter->runController(Object(App\Controllers\HomeController))
 7 SYSTEMPATH/CodeIgniter.php(360): CodeIgniter\CodeIgniter->handleRequest(null, Object(Config\Cache), false)
 8 FCPATH/index.php(95): CodeIgniter\CodeIgniter->run()
CRITICAL - 2025-04-24 15:57:56 --> CodeIgniter\Security\Exceptions\SecurityException: The action you requested is not allowed.
in SYSTEMPATH/Security/Security.php on line 300.
 1 SYSTEMPATH/Security/Security.php(300): CodeIgniter\Security\Exceptions\SecurityException::forDisallowedAction()
 2 SYSTEMPATH/Filters/CSRF.php(56): CodeIgniter\Security\Security->verify(Object(CodeIgniter\HTTP\IncomingRequest))
 3 SYSTEMPATH/Filters/Filters.php(182): CodeIgniter\Filters\CSRF->before(Object(CodeIgniter\HTTP\IncomingRequest), null)
 4 SYSTEMPATH/CodeIgniter.php(474): CodeIgniter\Filters\Filters->run('Category/getSubCategories', 'before')
 5 SYSTEMPATH/CodeIgniter.php(360): CodeIgniter\CodeIgniter->handleRequest(null, Object(Config\Cache), false)
 6 FCPATH/index.php(95): CodeIgniter\CodeIgniter->run()
CRITICAL - 2025-04-24 17:25:08 --> ErrorException: Undefined array key "HTTP_USER_AGENT"
in APPPATH/Common.php on line 2410.
 1 APPPATH/Common.php(2410): CodeIgniter\Debug\Exceptions->errorHandler(2, 'Undefined array key "HTTP_USER_AGENT"', '/home/digibangla/public_html/app/Common.php', 2410)
 2 APPPATH/Models/PostModel.php(392): isBot()
 3 APPPATH/Controllers/HomeController.php(197): App\Models\PostModel->increasePostPageviews(Object(stdClass), Object(stdClass))
 4 APPPATH/Controllers/HomeController.php(113): App\Controllers\HomeController->post(Object(stdClass))
 5 SYSTEMPATH/CodeIgniter.php(942): App\Controllers\HomeController->any('153034')
 6 SYSTEMPATH/CodeIgniter.php(502): CodeIgniter\CodeIgniter->runController(Object(App\Controllers\HomeController))
 7 SYSTEMPATH/CodeIgniter.php(360): CodeIgniter\CodeIgniter->handleRequest(null, Object(Config\Cache), false)
 8 FCPATH/index.php(95): CodeIgniter\CodeIgniter->run()
