ERROR - 2025-12-01 07:44:43 --> Error connecting to the database: mysqli_sql_exception: No connection could be made because the target machine actively refused it in G:\wamp64\www\digibangla\system\Database\MySQLi\Connection.php:184
Stack trace:
#0 G:\wamp64\www\digibangla\system\Database\MySQLi\Connection.php(184): mysqli->real_connect('localhost', 'root', Object(SensitiveParameterValue), 'digibangla_loca...', 3306, '', 0)
#1 G:\wamp64\www\digibangla\system\Database\BaseConnection.php(392): CodeIgniter\Database\MySQLi\Connection->connect(false)
#2 G:\wamp64\www\digibangla\system\Session\Handlers\DatabaseHandler.php(98): CodeIgniter\Database\BaseConnection->initialize()
#3 [internal function]: CodeIgniter\Session\Handlers\DatabaseHandler->open('ci_sessions', 'vr_session')
#4 G:\wamp64\www\digibangla\system\Session\Session.php(919): session_start()
#5 G:\wamp64\www\digibangla\system\Session\Session.php(241): CodeIgniter\Session\Session->startSession()
#6 G:\wamp64\www\digibangla\system\Config\Services.php(699): CodeIgniter\Session\Session->start()
#7 G:\wamp64\www\digibangla\system\Config\BaseService.php(258): CodeIgniter\Config\Services::session(Object(Config\Session), false)
#8 G:\wamp64\www\digibangla\system\Config\BaseService.php(199): CodeIgniter\Config\BaseService::__callStatic('session', Array)
#9 G:\wamp64\www\digibangla\system\Config\Services.php(664): CodeIgniter\Config\BaseService::getSharedInstance('session', NULL)
#10 G:\wamp64\www\digibangla\system\Config\BaseService.php(258): CodeIgniter\Config\Services::session()
#11 G:\wamp64\www\digibangla\app\Config\Globals.php(46): CodeIgniter\Config\BaseService::__callStatic('session', Array)
#12 G:\wamp64\www\digibangla\app\Config\Globals.php(159): Config\Globals::setGlobals()
#13 G:\wamp64\www\digibangla\system\Autoloader\Autoloader.php(311): include_once('G:\\wamp64\\www\\d...')
#14 G:\wamp64\www\digibangla\system\Autoloader\Autoloader.php(290): CodeIgniter\Autoloader\Autoloader->includeFile('G:\\wamp64\\www\\d...')
#15 G:\wamp64\www\digibangla\system\Autoloader\Autoloader.php(266): CodeIgniter\Autoloader\Autoloader->loadInNamespace('Config\\Globals')
#16 G:\wamp64\www\digibangla\app\Config\Routes.php(9): CodeIgniter\Autoloader\Autoloader->loadClass('Config\\Globals')
#17 G:\wamp64\www\digibangla\system\Router\RouteCollection.php(345): require('G:\\wamp64\\www\\d...')
#18 G:\wamp64\www\digibangla\system\CodeIgniter.php(810): CodeIgniter\Router\RouteCollection->loadRoutes()
#19 G:\wamp64\www\digibangla\system\CodeIgniter.php(449): CodeIgniter\CodeIgniter->tryToRouteIt(NULL)
#20 G:\wamp64\www\digibangla\system\CodeIgniter.php(360): CodeIgniter\CodeIgniter->handleRequest(NULL, Object(Config\Cache), false)
#21 G:\wamp64\www\digibangla\index.php(95): CodeIgniter\CodeIgniter->run()
#22 {main}

Next CodeIgniter\Database\Exceptions\DatabaseException: No connection could be made because the target machine actively refused it in G:\wamp64\www\digibangla\system\Database\MySQLi\Connection.php:229
Stack trace:
#0 G:\wamp64\www\digibangla\system\Database\BaseConnection.php(392): CodeIgniter\Database\MySQLi\Connection->connect(false)
#1 G:\wamp64\www\digibangla\system\Session\Handlers\DatabaseHandler.php(98): CodeIgniter\Database\BaseConnection->initialize()
#2 [internal function]: CodeIgniter\Session\Handlers\DatabaseHandler->open('ci_sessions', 'vr_session')
#3 G:\wamp64\www\digibangla\system\Session\Session.php(919): session_start()
#4 G:\wamp64\www\digibangla\system\Session\Session.php(241): CodeIgniter\Session\Session->startSession()
#5 G:\wamp64\www\digibangla\system\Config\Services.php(699): CodeIgniter\Session\Session->start()
#6 G:\wamp64\www\digibangla\system\Config\BaseService.php(258): CodeIgniter\Config\Services::session(Object(Config\Session), false)
#7 G:\wamp64\www\digibangla\system\Config\BaseService.php(199): CodeIgniter\Config\BaseService::__callStatic('session', Array)
#8 G:\wamp64\www\digibangla\system\Config\Services.php(664): CodeIgniter\Config\BaseService::getSharedInstance('session', NULL)
#9 G:\wamp64\www\digibangla\system\Config\BaseService.php(258): CodeIgniter\Config\Services::session()
#10 G:\wamp64\www\digibangla\app\Config\Globals.php(46): CodeIgniter\Config\BaseService::__callStatic('session', Array)
#11 G:\wamp64\www\digibangla\app\Config\Globals.php(159): Config\Globals::setGlobals()
#12 G:\wamp64\www\digibangla\system\Autoloader\Autoloader.php(311): include_once('G:\\wamp64\\www\\d...')
#13 G:\wamp64\www\digibangla\system\Autoloader\Autoloader.php(290): CodeIgniter\Autoloader\Autoloader->includeFile('G:\\wamp64\\www\\d...')
#14 G:\wamp64\www\digibangla\system\Autoloader\Autoloader.php(266): CodeIgniter\Autoloader\Autoloader->loadInNamespace('Config\\Globals')
#15 G:\wamp64\www\digibangla\app\Config\Routes.php(9): CodeIgniter\Autoloader\Autoloader->loadClass('Config\\Globals')
#16 G:\wamp64\www\digibangla\system\Router\RouteCollection.php(345): require('G:\\wamp64\\www\\d...')
#17 G:\wamp64\www\digibangla\system\CodeIgniter.php(810): CodeIgniter\Router\RouteCollection->loadRoutes()
#18 G:\wamp64\www\digibangla\system\CodeIgniter.php(449): CodeIgniter\CodeIgniter->tryToRouteIt(NULL)
#19 G:\wamp64\www\digibangla\system\CodeIgniter.php(360): CodeIgniter\CodeIgniter->handleRequest(NULL, Object(Config\Cache), false)
#20 G:\wamp64\www\digibangla\index.php(95): CodeIgniter\CodeIgniter->run()
#21 {main}
CRITICAL - 2025-12-01 07:44:43 --> CodeIgniter\Database\Exceptions\DatabaseException: Unable to connect to the database.
Main connection [MySQLi]: No connection could be made because the target machine actively refused it
in SYSTEMPATH\Database\BaseConnection.php on line 428.
 1 SYSTEMPATH\Session\Handlers\DatabaseHandler.php(98): CodeIgniter\Database\BaseConnection->initialize()
 2 [internal function]: CodeIgniter\Session\Handlers\DatabaseHandler->open('ci_sessions', 'vr_session')
 3 SYSTEMPATH\Session\Session.php(919): session_start()
 4 SYSTEMPATH\Session\Session.php(241): CodeIgniter\Session\Session->startSession()
 5 SYSTEMPATH\Config\Services.php(699): CodeIgniter\Session\Session->start()
 6 SYSTEMPATH\Config\BaseService.php(258): CodeIgniter\Config\Services::session(Object(Config\Session), false)
 7 SYSTEMPATH\Config\BaseService.php(199): CodeIgniter\Config\BaseService::__callStatic('session', [...])
 8 SYSTEMPATH\Config\Services.php(664): CodeIgniter\Config\BaseService::getSharedInstance('session', null)
 9 SYSTEMPATH\Config\BaseService.php(258): CodeIgniter\Config\Services::session()
10 APPPATH\Config\Globals.php(46): CodeIgniter\Config\BaseService::__callStatic('session', [])
11 APPPATH\Config\Globals.php(159): Config\Globals::setGlobals()
12 SYSTEMPATH\Autoloader\Autoloader.php(311): include_once('G:\\wamp64\\www\\digibangla\\app\\Config\\Globals.php')
13 SYSTEMPATH\Autoloader\Autoloader.php(290): CodeIgniter\Autoloader\Autoloader->includeFile('G:\\wamp64\\www\\digibangla\\app\\Config\\Globals.php')
14 SYSTEMPATH\Autoloader\Autoloader.php(266): CodeIgniter\Autoloader\Autoloader->loadInNamespace('Config\\Globals')
15 APPPATH\Config\Routes.php(9): CodeIgniter\Autoloader\Autoloader->loadClass('Config\\Globals')
16 SYSTEMPATH\Router\RouteCollection.php(345): require('G:\\wamp64\\www\\digibangla\\app\\Config\\Routes.php')
17 SYSTEMPATH\CodeIgniter.php(810): CodeIgniter\Router\RouteCollection->loadRoutes()
18 SYSTEMPATH\CodeIgniter.php(449): CodeIgniter\CodeIgniter->tryToRouteIt(null)
19 SYSTEMPATH\CodeIgniter.php(360): CodeIgniter\CodeIgniter->handleRequest(null, Object(Config\Cache), false)
20 FCPATH\index.php(95): CodeIgniter\CodeIgniter->run()
ERROR - 2025-12-01 07:44:49 --> Error connecting to the database: mysqli_sql_exception: No connection could be made because the target machine actively refused it in G:\wamp64\www\digibangla\system\Database\MySQLi\Connection.php:184
Stack trace:
#0 G:\wamp64\www\digibangla\system\Database\MySQLi\Connection.php(184): mysqli->real_connect('localhost', 'root', Object(SensitiveParameterValue), 'digibangla_loca...', 3306, '', 0)
#1 G:\wamp64\www\digibangla\system\Database\BaseConnection.php(392): CodeIgniter\Database\MySQLi\Connection->connect(false)
#2 G:\wamp64\www\digibangla\system\Session\Handlers\DatabaseHandler.php(98): CodeIgniter\Database\BaseConnection->initialize()
#3 [internal function]: CodeIgniter\Session\Handlers\DatabaseHandler->open('ci_sessions', 'vr_session')
#4 G:\wamp64\www\digibangla\system\Session\Session.php(919): session_start()
#5 G:\wamp64\www\digibangla\system\Session\Session.php(241): CodeIgniter\Session\Session->startSession()
#6 G:\wamp64\www\digibangla\system\Config\Services.php(699): CodeIgniter\Session\Session->start()
#7 G:\wamp64\www\digibangla\system\Config\BaseService.php(258): CodeIgniter\Config\Services::session(Object(Config\Session), false)
#8 G:\wamp64\www\digibangla\system\Config\BaseService.php(199): CodeIgniter\Config\BaseService::__callStatic('session', Array)
#9 G:\wamp64\www\digibangla\system\Config\Services.php(664): CodeIgniter\Config\BaseService::getSharedInstance('session', NULL)
#10 G:\wamp64\www\digibangla\system\Config\BaseService.php(258): CodeIgniter\Config\Services::session()
#11 G:\wamp64\www\digibangla\app\Config\Globals.php(46): CodeIgniter\Config\BaseService::__callStatic('session', Array)
#12 G:\wamp64\www\digibangla\app\Config\Globals.php(159): Config\Globals::setGlobals()
#13 G:\wamp64\www\digibangla\system\Autoloader\Autoloader.php(311): include_once('G:\\wamp64\\www\\d...')
#14 G:\wamp64\www\digibangla\system\Autoloader\Autoloader.php(290): CodeIgniter\Autoloader\Autoloader->includeFile('G:\\wamp64\\www\\d...')
#15 G:\wamp64\www\digibangla\system\Autoloader\Autoloader.php(266): CodeIgniter\Autoloader\Autoloader->loadInNamespace('Config\\Globals')
#16 G:\wamp64\www\digibangla\app\Config\Routes.php(9): CodeIgniter\Autoloader\Autoloader->loadClass('Config\\Globals')
#17 G:\wamp64\www\digibangla\system\Router\RouteCollection.php(345): require('G:\\wamp64\\www\\d...')
#18 G:\wamp64\www\digibangla\system\CodeIgniter.php(810): CodeIgniter\Router\RouteCollection->loadRoutes()
#19 G:\wamp64\www\digibangla\system\CodeIgniter.php(449): CodeIgniter\CodeIgniter->tryToRouteIt(NULL)
#20 G:\wamp64\www\digibangla\system\CodeIgniter.php(360): CodeIgniter\CodeIgniter->handleRequest(NULL, Object(Config\Cache), false)
#21 G:\wamp64\www\digibangla\index.php(95): CodeIgniter\CodeIgniter->run()
#22 {main}

Next CodeIgniter\Database\Exceptions\DatabaseException: No connection could be made because the target machine actively refused it in G:\wamp64\www\digibangla\system\Database\MySQLi\Connection.php:229
Stack trace:
#0 G:\wamp64\www\digibangla\system\Database\BaseConnection.php(392): CodeIgniter\Database\MySQLi\Connection->connect(false)
#1 G:\wamp64\www\digibangla\system\Session\Handlers\DatabaseHandler.php(98): CodeIgniter\Database\BaseConnection->initialize()
#2 [internal function]: CodeIgniter\Session\Handlers\DatabaseHandler->open('ci_sessions', 'vr_session')
#3 G:\wamp64\www\digibangla\system\Session\Session.php(919): session_start()
#4 G:\wamp64\www\digibangla\system\Session\Session.php(241): CodeIgniter\Session\Session->startSession()
#5 G:\wamp64\www\digibangla\system\Config\Services.php(699): CodeIgniter\Session\Session->start()
#6 G:\wamp64\www\digibangla\system\Config\BaseService.php(258): CodeIgniter\Config\Services::session(Object(Config\Session), false)
#7 G:\wamp64\www\digibangla\system\Config\BaseService.php(199): CodeIgniter\Config\BaseService::__callStatic('session', Array)
#8 G:\wamp64\www\digibangla\system\Config\Services.php(664): CodeIgniter\Config\BaseService::getSharedInstance('session', NULL)
#9 G:\wamp64\www\digibangla\system\Config\BaseService.php(258): CodeIgniter\Config\Services::session()
#10 G:\wamp64\www\digibangla\app\Config\Globals.php(46): CodeIgniter\Config\BaseService::__callStatic('session', Array)
#11 G:\wamp64\www\digibangla\app\Config\Globals.php(159): Config\Globals::setGlobals()
#12 G:\wamp64\www\digibangla\system\Autoloader\Autoloader.php(311): include_once('G:\\wamp64\\www\\d...')
#13 G:\wamp64\www\digibangla\system\Autoloader\Autoloader.php(290): CodeIgniter\Autoloader\Autoloader->includeFile('G:\\wamp64\\www\\d...')
#14 G:\wamp64\www\digibangla\system\Autoloader\Autoloader.php(266): CodeIgniter\Autoloader\Autoloader->loadInNamespace('Config\\Globals')
#15 G:\wamp64\www\digibangla\app\Config\Routes.php(9): CodeIgniter\Autoloader\Autoloader->loadClass('Config\\Globals')
#16 G:\wamp64\www\digibangla\system\Router\RouteCollection.php(345): require('G:\\wamp64\\www\\d...')
#17 G:\wamp64\www\digibangla\system\CodeIgniter.php(810): CodeIgniter\Router\RouteCollection->loadRoutes()
#18 G:\wamp64\www\digibangla\system\CodeIgniter.php(449): CodeIgniter\CodeIgniter->tryToRouteIt(NULL)
#19 G:\wamp64\www\digibangla\system\CodeIgniter.php(360): CodeIgniter\CodeIgniter->handleRequest(NULL, Object(Config\Cache), false)
#20 G:\wamp64\www\digibangla\index.php(95): CodeIgniter\CodeIgniter->run()
#21 {main}
CRITICAL - 2025-12-01 07:44:49 --> CodeIgniter\Database\Exceptions\DatabaseException: Unable to connect to the database.
Main connection [MySQLi]: No connection could be made because the target machine actively refused it
in SYSTEMPATH\Database\BaseConnection.php on line 428.
 1 SYSTEMPATH\Session\Handlers\DatabaseHandler.php(98): CodeIgniter\Database\BaseConnection->initialize()
 2 [internal function]: CodeIgniter\Session\Handlers\DatabaseHandler->open('ci_sessions', 'vr_session')
 3 SYSTEMPATH\Session\Session.php(919): session_start()
 4 SYSTEMPATH\Session\Session.php(241): CodeIgniter\Session\Session->startSession()
 5 SYSTEMPATH\Config\Services.php(699): CodeIgniter\Session\Session->start()
 6 SYSTEMPATH\Config\BaseService.php(258): CodeIgniter\Config\Services::session(Object(Config\Session), false)
 7 SYSTEMPATH\Config\BaseService.php(199): CodeIgniter\Config\BaseService::__callStatic('session', [...])
 8 SYSTEMPATH\Config\Services.php(664): CodeIgniter\Config\BaseService::getSharedInstance('session', null)
 9 SYSTEMPATH\Config\BaseService.php(258): CodeIgniter\Config\Services::session()
10 APPPATH\Config\Globals.php(46): CodeIgniter\Config\BaseService::__callStatic('session', [])
11 APPPATH\Config\Globals.php(159): Config\Globals::setGlobals()
12 SYSTEMPATH\Autoloader\Autoloader.php(311): include_once('G:\\wamp64\\www\\digibangla\\app\\Config\\Globals.php')
13 SYSTEMPATH\Autoloader\Autoloader.php(290): CodeIgniter\Autoloader\Autoloader->includeFile('G:\\wamp64\\www\\digibangla\\app\\Config\\Globals.php')
14 SYSTEMPATH\Autoloader\Autoloader.php(266): CodeIgniter\Autoloader\Autoloader->loadInNamespace('Config\\Globals')
15 APPPATH\Config\Routes.php(9): CodeIgniter\Autoloader\Autoloader->loadClass('Config\\Globals')
16 SYSTEMPATH\Router\RouteCollection.php(345): require('G:\\wamp64\\www\\digibangla\\app\\Config\\Routes.php')
17 SYSTEMPATH\CodeIgniter.php(810): CodeIgniter\Router\RouteCollection->loadRoutes()
18 SYSTEMPATH\CodeIgniter.php(449): CodeIgniter\CodeIgniter->tryToRouteIt(null)
19 SYSTEMPATH\CodeIgniter.php(360): CodeIgniter\CodeIgniter->handleRequest(null, Object(Config\Cache), false)
20 FCPATH\index.php(95): CodeIgniter\CodeIgniter->run()
ERROR - 2025-12-01 07:44:52 --> Error connecting to the database: mysqli_sql_exception: No connection could be made because the target machine actively refused it in G:\wamp64\www\digibangla\system\Database\MySQLi\Connection.php:184
Stack trace:
#0 G:\wamp64\www\digibangla\system\Database\MySQLi\Connection.php(184): mysqli->real_connect('localhost', 'root', Object(SensitiveParameterValue), 'digibangla_loca...', 3306, '', 0)
#1 G:\wamp64\www\digibangla\system\Database\BaseConnection.php(392): CodeIgniter\Database\MySQLi\Connection->connect(false)
#2 G:\wamp64\www\digibangla\system\Session\Handlers\DatabaseHandler.php(98): CodeIgniter\Database\BaseConnection->initialize()
#3 [internal function]: CodeIgniter\Session\Handlers\DatabaseHandler->open('ci_sessions', 'vr_session')
#4 G:\wamp64\www\digibangla\system\Session\Session.php(919): session_start()
#5 G:\wamp64\www\digibangla\system\Session\Session.php(241): CodeIgniter\Session\Session->startSession()
#6 G:\wamp64\www\digibangla\system\Config\Services.php(699): CodeIgniter\Session\Session->start()
#7 G:\wamp64\www\digibangla\system\Config\BaseService.php(258): CodeIgniter\Config\Services::session(Object(Config\Session), false)
#8 G:\wamp64\www\digibangla\system\Config\BaseService.php(199): CodeIgniter\Config\BaseService::__callStatic('session', Array)
#9 G:\wamp64\www\digibangla\system\Config\Services.php(664): CodeIgniter\Config\BaseService::getSharedInstance('session', NULL)
#10 G:\wamp64\www\digibangla\system\Config\BaseService.php(258): CodeIgniter\Config\Services::session()
#11 G:\wamp64\www\digibangla\app\Config\Globals.php(46): CodeIgniter\Config\BaseService::__callStatic('session', Array)
#12 G:\wamp64\www\digibangla\app\Config\Globals.php(159): Config\Globals::setGlobals()
#13 G:\wamp64\www\digibangla\system\Autoloader\Autoloader.php(311): include_once('G:\\wamp64\\www\\d...')
#14 G:\wamp64\www\digibangla\system\Autoloader\Autoloader.php(290): CodeIgniter\Autoloader\Autoloader->includeFile('G:\\wamp64\\www\\d...')
#15 G:\wamp64\www\digibangla\system\Autoloader\Autoloader.php(266): CodeIgniter\Autoloader\Autoloader->loadInNamespace('Config\\Globals')
#16 G:\wamp64\www\digibangla\app\Config\Routes.php(9): CodeIgniter\Autoloader\Autoloader->loadClass('Config\\Globals')
#17 G:\wamp64\www\digibangla\system\Router\RouteCollection.php(345): require('G:\\wamp64\\www\\d...')
#18 G:\wamp64\www\digibangla\system\CodeIgniter.php(810): CodeIgniter\Router\RouteCollection->loadRoutes()
#19 G:\wamp64\www\digibangla\system\CodeIgniter.php(449): CodeIgniter\CodeIgniter->tryToRouteIt(NULL)
#20 G:\wamp64\www\digibangla\system\CodeIgniter.php(360): CodeIgniter\CodeIgniter->handleRequest(NULL, Object(Config\Cache), false)
#21 G:\wamp64\www\digibangla\index.php(95): CodeIgniter\CodeIgniter->run()
#22 {main}

Next CodeIgniter\Database\Exceptions\DatabaseException: No connection could be made because the target machine actively refused it in G:\wamp64\www\digibangla\system\Database\MySQLi\Connection.php:229
Stack trace:
#0 G:\wamp64\www\digibangla\system\Database\BaseConnection.php(392): CodeIgniter\Database\MySQLi\Connection->connect(false)
#1 G:\wamp64\www\digibangla\system\Session\Handlers\DatabaseHandler.php(98): CodeIgniter\Database\BaseConnection->initialize()
#2 [internal function]: CodeIgniter\Session\Handlers\DatabaseHandler->open('ci_sessions', 'vr_session')
#3 G:\wamp64\www\digibangla\system\Session\Session.php(919): session_start()
#4 G:\wamp64\www\digibangla\system\Session\Session.php(241): CodeIgniter\Session\Session->startSession()
#5 G:\wamp64\www\digibangla\system\Config\Services.php(699): CodeIgniter\Session\Session->start()
#6 G:\wamp64\www\digibangla\system\Config\BaseService.php(258): CodeIgniter\Config\Services::session(Object(Config\Session), false)
#7 G:\wamp64\www\digibangla\system\Config\BaseService.php(199): CodeIgniter\Config\BaseService::__callStatic('session', Array)
#8 G:\wamp64\www\digibangla\system\Config\Services.php(664): CodeIgniter\Config\BaseService::getSharedInstance('session', NULL)
#9 G:\wamp64\www\digibangla\system\Config\BaseService.php(258): CodeIgniter\Config\Services::session()
#10 G:\wamp64\www\digibangla\app\Config\Globals.php(46): CodeIgniter\Config\BaseService::__callStatic('session', Array)
#11 G:\wamp64\www\digibangla\app\Config\Globals.php(159): Config\Globals::setGlobals()
#12 G:\wamp64\www\digibangla\system\Autoloader\Autoloader.php(311): include_once('G:\\wamp64\\www\\d...')
#13 G:\wamp64\www\digibangla\system\Autoloader\Autoloader.php(290): CodeIgniter\Autoloader\Autoloader->includeFile('G:\\wamp64\\www\\d...')
#14 G:\wamp64\www\digibangla\system\Autoloader\Autoloader.php(266): CodeIgniter\Autoloader\Autoloader->loadInNamespace('Config\\Globals')
#15 G:\wamp64\www\digibangla\app\Config\Routes.php(9): CodeIgniter\Autoloader\Autoloader->loadClass('Config\\Globals')
#16 G:\wamp64\www\digibangla\system\Router\RouteCollection.php(345): require('G:\\wamp64\\www\\d...')
#17 G:\wamp64\www\digibangla\system\CodeIgniter.php(810): CodeIgniter\Router\RouteCollection->loadRoutes()
#18 G:\wamp64\www\digibangla\system\CodeIgniter.php(449): CodeIgniter\CodeIgniter->tryToRouteIt(NULL)
#19 G:\wamp64\www\digibangla\system\CodeIgniter.php(360): CodeIgniter\CodeIgniter->handleRequest(NULL, Object(Config\Cache), false)
#20 G:\wamp64\www\digibangla\index.php(95): CodeIgniter\CodeIgniter->run()
#21 {main}
CRITICAL - 2025-12-01 07:44:52 --> CodeIgniter\Database\Exceptions\DatabaseException: Unable to connect to the database.
Main connection [MySQLi]: No connection could be made because the target machine actively refused it
in SYSTEMPATH\Database\BaseConnection.php on line 428.
 1 SYSTEMPATH\Session\Handlers\DatabaseHandler.php(98): CodeIgniter\Database\BaseConnection->initialize()
 2 [internal function]: CodeIgniter\Session\Handlers\DatabaseHandler->open('ci_sessions', 'vr_session')
 3 SYSTEMPATH\Session\Session.php(919): session_start()
 4 SYSTEMPATH\Session\Session.php(241): CodeIgniter\Session\Session->startSession()
 5 SYSTEMPATH\Config\Services.php(699): CodeIgniter\Session\Session->start()
 6 SYSTEMPATH\Config\BaseService.php(258): CodeIgniter\Config\Services::session(Object(Config\Session), false)
 7 SYSTEMPATH\Config\BaseService.php(199): CodeIgniter\Config\BaseService::__callStatic('session', [...])
 8 SYSTEMPATH\Config\Services.php(664): CodeIgniter\Config\BaseService::getSharedInstance('session', null)
 9 SYSTEMPATH\Config\BaseService.php(258): CodeIgniter\Config\Services::session()
10 APPPATH\Config\Globals.php(46): CodeIgniter\Config\BaseService::__callStatic('session', [])
11 APPPATH\Config\Globals.php(159): Config\Globals::setGlobals()
12 SYSTEMPATH\Autoloader\Autoloader.php(311): include_once('G:\\wamp64\\www\\digibangla\\app\\Config\\Globals.php')
13 SYSTEMPATH\Autoloader\Autoloader.php(290): CodeIgniter\Autoloader\Autoloader->includeFile('G:\\wamp64\\www\\digibangla\\app\\Config\\Globals.php')
14 SYSTEMPATH\Autoloader\Autoloader.php(266): CodeIgniter\Autoloader\Autoloader->loadInNamespace('Config\\Globals')
15 APPPATH\Config\Routes.php(9): CodeIgniter\Autoloader\Autoloader->loadClass('Config\\Globals')
16 SYSTEMPATH\Router\RouteCollection.php(345): require('G:\\wamp64\\www\\digibangla\\app\\Config\\Routes.php')
17 SYSTEMPATH\CodeIgniter.php(810): CodeIgniter\Router\RouteCollection->loadRoutes()
18 SYSTEMPATH\CodeIgniter.php(449): CodeIgniter\CodeIgniter->tryToRouteIt(null)
19 SYSTEMPATH\CodeIgniter.php(360): CodeIgniter\CodeIgniter->handleRequest(null, Object(Config\Cache), false)
20 FCPATH\index.php(95): CodeIgniter\CodeIgniter->run()
INFO - 2025-12-01 07:44:53 --> Session: Class initialized using 'CodeIgniter\Session\Handlers\DatabaseHandler' driver.
INFO - 2025-12-01 07:44:56 --> Session: Class initialized using 'CodeIgniter\Session\Handlers\DatabaseHandler' driver.
INFO - 2025-12-01 07:45:36 --> Session: Class initialized using 'CodeIgniter\Session\Handlers\DatabaseHandler' driver.
INFO - 2025-12-01 07:45:47 --> Session: Class initialized using 'CodeIgniter\Session\Handlers\DatabaseHandler' driver.
INFO - 2025-12-01 07:47:02 --> Session: Class initialized using 'CodeIgniter\Session\Handlers\DatabaseHandler' driver.
INFO - 2025-12-01 07:48:24 --> Session: Class initialized using 'CodeIgniter\Session\Handlers\DatabaseHandler' driver.
INFO - 2025-12-01 07:57:20 --> Session: Class initialized using 'CodeIgniter\Session\Handlers\DatabaseHandler' driver.
INFO - 2025-12-01 07:58:02 --> Session: Class initialized using 'CodeIgniter\Session\Handlers\DatabaseHandler' driver.
INFO - 2025-12-01 07:58:44 --> Session: Class initialized using 'CodeIgniter\Session\Handlers\DatabaseHandler' driver.
INFO - 2025-12-01 08:07:14 --> Session: Class initialized using 'CodeIgniter\Session\Handlers\DatabaseHandler' driver.
INFO - 2025-12-01 08:07:24 --> Session: Class initialized using 'CodeIgniter\Session\Handlers\DatabaseHandler' driver.
INFO - 2025-12-01 08:08:22 --> Session: Class initialized using 'CodeIgniter\Session\Handlers\DatabaseHandler' driver.
INFO - 2025-12-01 08:09:12 --> Session: Class initialized using 'CodeIgniter\Session\Handlers\DatabaseHandler' driver.
INFO - 2025-12-01 08:09:34 --> Session: Class initialized using 'CodeIgniter\Session\Handlers\DatabaseHandler' driver.
INFO - 2025-12-01 08:09:39 --> Session: Class initialized using 'CodeIgniter\Session\Handlers\DatabaseHandler' driver.
INFO - 2025-12-01 08:14:52 --> Session: Class initialized using 'CodeIgniter\Session\Handlers\DatabaseHandler' driver.
INFO - 2025-12-01 08:15:11 --> Session: Class initialized using 'CodeIgniter\Session\Handlers\DatabaseHandler' driver.
INFO - 2025-12-01 08:15:29 --> Session: Class initialized using 'CodeIgniter\Session\Handlers\DatabaseHandler' driver.
INFO - 2025-12-01 08:15:29 --> Session: Class initialized using 'CodeIgniter\Session\Handlers\DatabaseHandler' driver.
INFO - 2025-12-01 08:15:30 --> Session: Class initialized using 'CodeIgniter\Session\Handlers\DatabaseHandler' driver.
INFO - 2025-12-01 08:15:45 --> Session: Class initialized using 'CodeIgniter\Session\Handlers\DatabaseHandler' driver.
INFO - 2025-12-01 08:15:45 --> Session: Class initialized using 'CodeIgniter\Session\Handlers\DatabaseHandler' driver.
INFO - 2025-12-01 08:15:46 --> Session: Class initialized using 'CodeIgniter\Session\Handlers\DatabaseHandler' driver.
INFO - 2025-12-01 08:15:46 --> Session: Class initialized using 'CodeIgniter\Session\Handlers\DatabaseHandler' driver.
INFO - 2025-12-01 08:15:46 --> Session: Class initialized using 'CodeIgniter\Session\Handlers\DatabaseHandler' driver.
INFO - 2025-12-01 08:15:50 --> Session: Class initialized using 'CodeIgniter\Session\Handlers\DatabaseHandler' driver.
INFO - 2025-12-01 14:15:50 --> CSRF token verified.
INFO - 2025-12-01 08:15:50 --> Session: Class initialized using 'CodeIgniter\Session\Handlers\DatabaseHandler' driver.
INFO - 2025-12-01 08:15:56 --> Session: Class initialized using 'CodeIgniter\Session\Handlers\DatabaseHandler' driver.
INFO - 2025-12-01 08:15:56 --> Session: Class initialized using 'CodeIgniter\Session\Handlers\DatabaseHandler' driver.
INFO - 2025-12-01 08:16:00 --> Session: Class initialized using 'CodeIgniter\Session\Handlers\DatabaseHandler' driver.
INFO - 2025-12-01 14:16:00 --> CSRF token verified.
INFO - 2025-12-01 08:16:01 --> Session: Class initialized using 'CodeIgniter\Session\Handlers\DatabaseHandler' driver.
INFO - 2025-12-01 08:16:01 --> Session: Class initialized using 'CodeIgniter\Session\Handlers\DatabaseHandler' driver.
INFO - 2025-12-01 08:16:03 --> Session: Class initialized using 'CodeIgniter\Session\Handlers\DatabaseHandler' driver.
INFO - 2025-12-01 08:16:08 --> Session: Class initialized using 'CodeIgniter\Session\Handlers\DatabaseHandler' driver.
INFO - 2025-12-01 08:16:24 --> Session: Class initialized using 'CodeIgniter\Session\Handlers\DatabaseHandler' driver.
INFO - 2025-12-01 08:18:03 --> Session: Class initialized using 'CodeIgniter\Session\Handlers\DatabaseHandler' driver.
INFO - 2025-12-01 14:18:03 --> CSRF token verified.
INFO - 2025-12-01 08:18:03 --> Session: Class initialized using 'CodeIgniter\Session\Handlers\DatabaseHandler' driver.
INFO - 2025-12-01 08:18:07 --> Session: Class initialized using 'CodeIgniter\Session\Handlers\DatabaseHandler' driver.
INFO - 2025-12-01 14:18:07 --> CSRF token verified.
INFO - 2025-12-01 08:18:07 --> Session: Class initialized using 'CodeIgniter\Session\Handlers\DatabaseHandler' driver.
INFO - 2025-12-01 08:21:48 --> Session: Class initialized using 'CodeIgniter\Session\Handlers\DatabaseHandler' driver.
INFO - 2025-12-01 08:22:31 --> Session: Class initialized using 'CodeIgniter\Session\Handlers\DatabaseHandler' driver.
INFO - 2025-12-01 08:22:54 --> Session: Class initialized using 'CodeIgniter\Session\Handlers\DatabaseHandler' driver.
INFO - 2025-12-01 08:23:14 --> Session: Class initialized using 'CodeIgniter\Session\Handlers\DatabaseHandler' driver.
INFO - 2025-12-01 08:24:02 --> Session: Class initialized using 'CodeIgniter\Session\Handlers\DatabaseHandler' driver.
INFO - 2025-12-01 08:24:29 --> Session: Class initialized using 'CodeIgniter\Session\Handlers\DatabaseHandler' driver.
INFO - 2025-12-01 08:27:19 --> Session: Class initialized using 'CodeIgniter\Session\Handlers\DatabaseHandler' driver.
INFO - 2025-12-01 08:28:30 --> Session: Class initialized using 'CodeIgniter\Session\Handlers\DatabaseHandler' driver.
INFO - 2025-12-01 08:28:52 --> Session: Class initialized using 'CodeIgniter\Session\Handlers\DatabaseHandler' driver.
INFO - 2025-12-01 08:29:04 --> Session: Class initialized using 'CodeIgniter\Session\Handlers\DatabaseHandler' driver.
INFO - 2025-12-01 14:29:04 --> CSRF token verified.
INFO - 2025-12-01 08:29:04 --> Session: Class initialized using 'CodeIgniter\Session\Handlers\DatabaseHandler' driver.
INFO - 2025-12-01 08:29:15 --> Session: Class initialized using 'CodeIgniter\Session\Handlers\DatabaseHandler' driver.
INFO - 2025-12-01 14:29:15 --> CSRF token verified.
INFO - 2025-12-01 08:29:15 --> Session: Class initialized using 'CodeIgniter\Session\Handlers\DatabaseHandler' driver.
INFO - 2025-12-01 08:30:48 --> Session: Class initialized using 'CodeIgniter\Session\Handlers\DatabaseHandler' driver.
INFO - 2025-12-01 14:30:48 --> CSRF token verified.
INFO - 2025-12-01 08:30:49 --> Session: Class initialized using 'CodeIgniter\Session\Handlers\DatabaseHandler' driver.
INFO - 2025-12-01 08:30:50 --> Session: Class initialized using 'CodeIgniter\Session\Handlers\DatabaseHandler' driver.
INFO - 2025-12-01 14:30:50 --> CSRF token verified.
INFO - 2025-12-01 08:30:50 --> Session: Class initialized using 'CodeIgniter\Session\Handlers\DatabaseHandler' driver.
INFO - 2025-12-01 08:32:40 --> Session: Class initialized using 'CodeIgniter\Session\Handlers\DatabaseHandler' driver.
INFO - 2025-12-01 08:33:27 --> Session: Class initialized using 'CodeIgniter\Session\Handlers\DatabaseHandler' driver.
INFO - 2025-12-01 08:33:45 --> Session: Class initialized using 'CodeIgniter\Session\Handlers\DatabaseHandler' driver.
INFO - 2025-12-01 14:33:45 --> CSRF token verified.
INFO - 2025-12-01 08:33:46 --> Session: Class initialized using 'CodeIgniter\Session\Handlers\DatabaseHandler' driver.
INFO - 2025-12-01 08:33:53 --> Session: Class initialized using 'CodeIgniter\Session\Handlers\DatabaseHandler' driver.
INFO - 2025-12-01 08:34:55 --> Session: Class initialized using 'CodeIgniter\Session\Handlers\DatabaseHandler' driver.
INFO - 2025-12-01 09:17:08 --> Session: Class initialized using 'CodeIgniter\Session\Handlers\DatabaseHandler' driver.
INFO - 2025-12-01 09:18:00 --> Session: Class initialized using 'CodeIgniter\Session\Handlers\DatabaseHandler' driver.
INFO - 2025-12-01 09:20:14 --> Session: Class initialized using 'CodeIgniter\Session\Handlers\DatabaseHandler' driver.
INFO - 2025-12-01 09:21:50 --> Session: Class initialized using 'CodeIgniter\Session\Handlers\DatabaseHandler' driver.
INFO - 2025-12-01 09:22:59 --> Session: Class initialized using 'CodeIgniter\Session\Handlers\DatabaseHandler' driver.
INFO - 2025-12-01 09:23:20 --> Session: Class initialized using 'CodeIgniter\Session\Handlers\DatabaseHandler' driver.
INFO - 2025-12-01 09:23:25 --> Session: Class initialized using 'CodeIgniter\Session\Handlers\DatabaseHandler' driver.
INFO - 2025-12-01 09:24:26 --> Session: Class initialized using 'CodeIgniter\Session\Handlers\DatabaseHandler' driver.
INFO - 2025-12-01 09:24:26 --> Session: Class initialized using 'CodeIgniter\Session\Handlers\DatabaseHandler' driver.
INFO - 2025-12-01 09:24:59 --> Session: Class initialized using 'CodeIgniter\Session\Handlers\DatabaseHandler' driver.
INFO - 2025-12-01 09:26:18 --> Session: Class initialized using 'CodeIgniter\Session\Handlers\DatabaseHandler' driver.
INFO - 2025-12-01 09:26:22 --> Session: Class initialized using 'CodeIgniter\Session\Handlers\DatabaseHandler' driver.
INFO - 2025-12-01 15:26:22 --> CSRF token verified.
INFO - 2025-12-01 10:20:16 --> Session: Class initialized using 'CodeIgniter\Session\Handlers\DatabaseHandler' driver.
INFO - 2025-12-01 10:20:21 --> Session: Class initialized using 'CodeIgniter\Session\Handlers\DatabaseHandler' driver.
INFO - 2025-12-01 10:20:25 --> Session: Class initialized using 'CodeIgniter\Session\Handlers\DatabaseHandler' driver.
INFO - 2025-12-01 10:52:10 --> Session: Class initialized using 'CodeIgniter\Session\Handlers\DatabaseHandler' driver.
INFO - 2025-12-01 10:53:03 --> Session: Class initialized using 'CodeIgniter\Session\Handlers\DatabaseHandler' driver.
INFO - 2025-12-01 10:53:48 --> Session: Class initialized using 'CodeIgniter\Session\Handlers\DatabaseHandler' driver.
INFO - 2025-12-01 10:54:49 --> Session: Class initialized using 'CodeIgniter\Session\Handlers\DatabaseHandler' driver.
INFO - 2025-12-01 10:55:07 --> Session: Class initialized using 'CodeIgniter\Session\Handlers\DatabaseHandler' driver.
INFO - 2025-12-01 10:55:08 --> Session: Class initialized using 'CodeIgniter\Session\Handlers\DatabaseHandler' driver.
INFO - 2025-12-01 10:55:10 --> Session: Class initialized using 'CodeIgniter\Session\Handlers\DatabaseHandler' driver.
INFO - 2025-12-01 10:55:11 --> Session: Class initialized using 'CodeIgniter\Session\Handlers\DatabaseHandler' driver.
INFO - 2025-12-01 10:55:16 --> Session: Class initialized using 'CodeIgniter\Session\Handlers\DatabaseHandler' driver.
INFO - 2025-12-01 10:55:20 --> Session: Class initialized using 'CodeIgniter\Session\Handlers\DatabaseHandler' driver.
INFO - 2025-12-01 10:55:21 --> Session: Class initialized using 'CodeIgniter\Session\Handlers\DatabaseHandler' driver.
INFO - 2025-12-01 10:55:25 --> Session: Class initialized using 'CodeIgniter\Session\Handlers\DatabaseHandler' driver.
INFO - 2025-12-01 10:55:25 --> Session: Class initialized using 'CodeIgniter\Session\Handlers\DatabaseHandler' driver.
INFO - 2025-12-01 10:55:27 --> Session: Class initialized using 'CodeIgniter\Session\Handlers\DatabaseHandler' driver.
INFO - 2025-12-01 10:55:28 --> Session: Class initialized using 'CodeIgniter\Session\Handlers\DatabaseHandler' driver.
INFO - 2025-12-01 10:55:42 --> Session: Class initialized using 'CodeIgniter\Session\Handlers\DatabaseHandler' driver.
INFO - 2025-12-01 10:55:59 --> Session: Class initialized using 'CodeIgniter\Session\Handlers\DatabaseHandler' driver.
INFO - 2025-12-01 10:56:07 --> Session: Class initialized using 'CodeIgniter\Session\Handlers\DatabaseHandler' driver.
INFO - 2025-12-01 10:57:38 --> Session: Class initialized using 'CodeIgniter\Session\Handlers\DatabaseHandler' driver.
INFO - 2025-12-01 10:57:39 --> Session: Class initialized using 'CodeIgniter\Session\Handlers\DatabaseHandler' driver.
INFO - 2025-12-01 10:57:42 --> Session: Class initialized using 'CodeIgniter\Session\Handlers\DatabaseHandler' driver.
INFO - 2025-12-01 10:57:44 --> Session: Class initialized using 'CodeIgniter\Session\Handlers\DatabaseHandler' driver.
INFO - 2025-12-01 10:57:46 --> Session: Class initialized using 'CodeIgniter\Session\Handlers\DatabaseHandler' driver.
INFO - 2025-12-01 10:57:48 --> Session: Class initialized using 'CodeIgniter\Session\Handlers\DatabaseHandler' driver.
INFO - 2025-12-01 10:57:52 --> Session: Class initialized using 'CodeIgniter\Session\Handlers\DatabaseHandler' driver.
INFO - 2025-12-01 10:57:53 --> Session: Class initialized using 'CodeIgniter\Session\Handlers\DatabaseHandler' driver.
INFO - 2025-12-01 10:58:35 --> Session: Class initialized using 'CodeIgniter\Session\Handlers\DatabaseHandler' driver.
INFO - 2025-12-01 16:58:35 --> CSRF token verified.
INFO - 2025-12-01 10:58:35 --> Session: Class initialized using 'CodeIgniter\Session\Handlers\DatabaseHandler' driver.
INFO - 2025-12-01 10:58:47 --> Session: Class initialized using 'CodeIgniter\Session\Handlers\DatabaseHandler' driver.
INFO - 2025-12-01 10:58:52 --> Session: Class initialized using 'CodeIgniter\Session\Handlers\DatabaseHandler' driver.
