INFO - 2025-12-08 04:25:49 --> Session: Class initialized using 'CodeIgniter\Session\Handlers\DatabaseHandler' driver.
INFO - 2025-12-08 04:26:20 --> Session: Class initialized using 'CodeIgniter\Session\Handlers\DatabaseHandler' driver.
INFO - 2025-12-08 04:26:20 --> Session: Class initialized using 'CodeIgniter\Session\Handlers\DatabaseHandler' driver.
INFO - 2025-12-08 04:26:20 --> Session: Class initialized using 'CodeIgniter\Session\Handlers\DatabaseHandler' driver.
INFO - 2025-12-08 04:26:21 --> Session: Class initialized using 'CodeIgniter\Session\Handlers\DatabaseHandler' driver.
INFO - 2025-12-08 04:26:25 --> Session: Class initialized using 'CodeIgniter\Session\Handlers\DatabaseHandler' driver.
INFO - 2025-12-08 10:26:25 --> CSRF token verified.
INFO - 2025-12-08 04:26:25 --> Session: Class initialized using 'CodeIgniter\Session\Handlers\DatabaseHandler' driver.
INFO - 2025-12-08 04:26:41 --> Session: Class initialized using 'CodeIgniter\Session\Handlers\DatabaseHandler' driver.
INFO - 2025-12-08 04:26:51 --> Session: Class initialized using 'CodeIgniter\Session\Handlers\DatabaseHandler' driver.
INFO - 2025-12-08 04:27:39 --> Session: Class initialized using 'CodeIgniter\Session\Handlers\DatabaseHandler' driver.
INFO - 2025-12-08 04:28:03 --> Session: Class initialized using 'CodeIgniter\Session\Handlers\DatabaseHandler' driver.
INFO - 2025-12-08 04:28:27 --> Session: Class initialized using 'CodeIgniter\Session\Handlers\DatabaseHandler' driver.
INFO - 2025-12-08 04:29:14 --> Session: Class initialized using 'CodeIgniter\Session\Handlers\DatabaseHandler' driver.
INFO - 2025-12-08 04:29:27 --> Session: Class initialized using 'CodeIgniter\Session\Handlers\DatabaseHandler' driver.
INFO - 2025-12-08 04:29:41 --> Session: Class initialized using 'CodeIgniter\Session\Handlers\DatabaseHandler' driver.
INFO - 2025-12-08 10:29:41 --> CSRF token verified.
INFO - 2025-12-08 04:29:41 --> Session: Class initialized using 'CodeIgniter\Session\Handlers\DatabaseHandler' driver.
INFO - 2025-12-08 04:29:51 --> Session: Class initialized using 'CodeIgniter\Session\Handlers\DatabaseHandler' driver.
INFO - 2025-12-08 04:29:57 --> Session: Class initialized using 'CodeIgniter\Session\Handlers\DatabaseHandler' driver.
INFO - 2025-12-08 04:30:03 --> Session: Class initialized using 'CodeIgniter\Session\Handlers\DatabaseHandler' driver.
INFO - 2025-12-08 10:30:03 --> CSRF token verified.
INFO - 2025-12-08 04:30:03 --> Session: Class initialized using 'CodeIgniter\Session\Handlers\DatabaseHandler' driver.
INFO - 2025-12-08 04:30:08 --> Session: Class initialized using 'CodeIgniter\Session\Handlers\DatabaseHandler' driver.
INFO - 2025-12-08 04:31:05 --> Session: Class initialized using 'CodeIgniter\Session\Handlers\DatabaseHandler' driver.
INFO - 2025-12-08 04:31:10 --> Session: Class initialized using 'CodeIgniter\Session\Handlers\DatabaseHandler' driver.
INFO - 2025-12-08 04:36:01 --> Session: Class initialized using 'CodeIgniter\Session\Handlers\DatabaseHandler' driver.
INFO - 2025-12-08 04:36:19 --> Session: Class initialized using 'CodeIgniter\Session\Handlers\DatabaseHandler' driver.
INFO - 2025-12-08 04:38:57 --> Session: Class initialized using 'CodeIgniter\Session\Handlers\DatabaseHandler' driver.
CRITICAL - 2025-12-08 10:38:59 --> ParseError: syntax error, unexpected token "(", expecting ":"
in APPPATH\Views\themes\magazine\partials\_load_widget.php on line 162.
 1 SYSTEMPATH\View\View.php(231): CodeIgniter\View\View->CodeIgniter\View\{closure}()
 2 SYSTEMPATH\Common.php(1206): CodeIgniter\View\View->render('themes/magazine/partials/_load_widget', [], true)
 3 APPPATH\Common.php(93): view('themes/magazine/partials/_load_widget', [...])
 4 APPPATH\Views\themes\magazine\partials\_sidebar_category.php(7): loadView('partials/_load_widget', [...])
 5 SYSTEMPATH\View\View.php(228): include('G:\\wamp64\\www\\news\\app\\Views\\themes\\magazine\\partials\\_sidebar_category.php')
 6 SYSTEMPATH\View\View.php(231): CodeIgniter\View\View->CodeIgniter\View\{closure}()
 7 SYSTEMPATH\Common.php(1206): CodeIgniter\View\View->render('themes/magazine/partials/_sidebar_category', [], true)
 8 APPPATH\Common.php(93): view('themes/magazine/partials/_sidebar_category', [...])
 9 APPPATH\Views\themes\magazine\post\_latest_posts.php(34): loadView('partials/_sidebar_category', [...])
10 SYSTEMPATH\View\View.php(228): include('G:\\wamp64\\www\\news\\app\\Views\\themes\\magazine\\post\\_latest_posts.php')
11 SYSTEMPATH\View\View.php(231): CodeIgniter\View\View->CodeIgniter\View\{closure}()
12 SYSTEMPATH\Common.php(1206): CodeIgniter\View\View->render('themes/magazine/post/_latest_posts', [], true)
13 APPPATH\Common.php(93): view('themes/magazine/post/_latest_posts', [...])
14 APPPATH\Views\themes\magazine\index.php(140): loadView('post/_latest_posts', [...])
15 SYSTEMPATH\View\View.php(228): include('G:\\wamp64\\www\\news\\app\\Views\\themes\\magazine\\index.php')
16 SYSTEMPATH\View\View.php(231): CodeIgniter\View\View->CodeIgniter\View\{closure}()
17 SYSTEMPATH\Common.php(1206): CodeIgniter\View\View->render('themes/magazine/index', [], true)
18 APPPATH\Common.php(93): view('themes/magazine/index', [...])
19 APPPATH\Controllers\HomeController.php(67): loadView('index', [...])
20 SYSTEMPATH\CodeIgniter.php(942): App\Controllers\HomeController->index()
21 SYSTEMPATH\CodeIgniter.php(502): CodeIgniter\CodeIgniter->runController(Object(App\Controllers\HomeController))
22 SYSTEMPATH\CodeIgniter.php(360): CodeIgniter\CodeIgniter->handleRequest(null, Object(Config\Cache), false)
23 FCPATH\index.php(95): CodeIgniter\CodeIgniter->run()
INFO - 2025-12-08 04:38:59 --> Session: Class initialized using 'CodeIgniter\Session\Handlers\DatabaseHandler' driver.
INFO - 2025-12-08 04:39:43 --> Session: Class initialized using 'CodeIgniter\Session\Handlers\DatabaseHandler' driver.
CRITICAL - 2025-12-08 10:39:44 --> ParseError: syntax error, unexpected token "(", expecting ":"
in APPPATH\Views\themes\magazine\partials\_load_widget.php on line 162.
 1 SYSTEMPATH\View\View.php(231): CodeIgniter\View\View->CodeIgniter\View\{closure}()
 2 SYSTEMPATH\Common.php(1206): CodeIgniter\View\View->render('themes/magazine/partials/_load_widget', [], true)
 3 APPPATH\Common.php(93): view('themes/magazine/partials/_load_widget', [...])
 4 APPPATH\Views\themes\magazine\partials\_sidebar_category.php(7): loadView('partials/_load_widget', [...])
 5 SYSTEMPATH\View\View.php(228): include('G:\\wamp64\\www\\news\\app\\Views\\themes\\magazine\\partials\\_sidebar_category.php')
 6 SYSTEMPATH\View\View.php(231): CodeIgniter\View\View->CodeIgniter\View\{closure}()
 7 SYSTEMPATH\Common.php(1206): CodeIgniter\View\View->render('themes/magazine/partials/_sidebar_category', [], true)
 8 APPPATH\Common.php(93): view('themes/magazine/partials/_sidebar_category', [...])
 9 APPPATH\Views\themes\magazine\post\_latest_posts.php(34): loadView('partials/_sidebar_category', [...])
10 SYSTEMPATH\View\View.php(228): include('G:\\wamp64\\www\\news\\app\\Views\\themes\\magazine\\post\\_latest_posts.php')
11 SYSTEMPATH\View\View.php(231): CodeIgniter\View\View->CodeIgniter\View\{closure}()
12 SYSTEMPATH\Common.php(1206): CodeIgniter\View\View->render('themes/magazine/post/_latest_posts', [], true)
13 APPPATH\Common.php(93): view('themes/magazine/post/_latest_posts', [...])
14 APPPATH\Views\themes\magazine\index.php(140): loadView('post/_latest_posts', [...])
15 SYSTEMPATH\View\View.php(228): include('G:\\wamp64\\www\\news\\app\\Views\\themes\\magazine\\index.php')
16 SYSTEMPATH\View\View.php(231): CodeIgniter\View\View->CodeIgniter\View\{closure}()
17 SYSTEMPATH\Common.php(1206): CodeIgniter\View\View->render('themes/magazine/index', [], true)
18 APPPATH\Common.php(93): view('themes/magazine/index', [...])
19 APPPATH\Controllers\HomeController.php(67): loadView('index', [...])
20 SYSTEMPATH\CodeIgniter.php(942): App\Controllers\HomeController->index()
21 SYSTEMPATH\CodeIgniter.php(502): CodeIgniter\CodeIgniter->runController(Object(App\Controllers\HomeController))
22 SYSTEMPATH\CodeIgniter.php(360): CodeIgniter\CodeIgniter->handleRequest(null, Object(Config\Cache), false)
23 FCPATH\index.php(95): CodeIgniter\CodeIgniter->run()
INFO - 2025-12-08 04:48:04 --> Session: Class initialized using 'CodeIgniter\Session\Handlers\DatabaseHandler' driver.
CRITICAL - 2025-12-08 10:48:06 --> ParseError: syntax error, unexpected token "(", expecting ":"
in APPPATH\Views\themes\magazine\partials\_load_widget.php on line 162.
 1 SYSTEMPATH\View\View.php(231): CodeIgniter\View\View->CodeIgniter\View\{closure}()
 2 SYSTEMPATH\Common.php(1206): CodeIgniter\View\View->render('themes/magazine/partials/_load_widget', [], true)
 3 APPPATH\Common.php(93): view('themes/magazine/partials/_load_widget', [...])
 4 APPPATH\Views\themes\magazine\partials\_sidebar_category.php(7): loadView('partials/_load_widget', [...])
 5 SYSTEMPATH\View\View.php(228): include('G:\\wamp64\\www\\news\\app\\Views\\themes\\magazine\\partials\\_sidebar_category.php')
 6 SYSTEMPATH\View\View.php(231): CodeIgniter\View\View->CodeIgniter\View\{closure}()
 7 SYSTEMPATH\Common.php(1206): CodeIgniter\View\View->render('themes/magazine/partials/_sidebar_category', [], true)
 8 APPPATH\Common.php(93): view('themes/magazine/partials/_sidebar_category', [...])
 9 APPPATH\Views\themes\magazine\post\_latest_posts.php(34): loadView('partials/_sidebar_category', [...])
10 SYSTEMPATH\View\View.php(228): include('G:\\wamp64\\www\\news\\app\\Views\\themes\\magazine\\post\\_latest_posts.php')
11 SYSTEMPATH\View\View.php(231): CodeIgniter\View\View->CodeIgniter\View\{closure}()
12 SYSTEMPATH\Common.php(1206): CodeIgniter\View\View->render('themes/magazine/post/_latest_posts', [], true)
13 APPPATH\Common.php(93): view('themes/magazine/post/_latest_posts', [...])
14 APPPATH\Views\themes\magazine\index.php(140): loadView('post/_latest_posts', [...])
15 SYSTEMPATH\View\View.php(228): include('G:\\wamp64\\www\\news\\app\\Views\\themes\\magazine\\index.php')
16 SYSTEMPATH\View\View.php(231): CodeIgniter\View\View->CodeIgniter\View\{closure}()
17 SYSTEMPATH\Common.php(1206): CodeIgniter\View\View->render('themes/magazine/index', [], true)
18 APPPATH\Common.php(93): view('themes/magazine/index', [...])
19 APPPATH\Controllers\HomeController.php(67): loadView('index', [...])
20 SYSTEMPATH\CodeIgniter.php(942): App\Controllers\HomeController->index()
21 SYSTEMPATH\CodeIgniter.php(502): CodeIgniter\CodeIgniter->runController(Object(App\Controllers\HomeController))
22 SYSTEMPATH\CodeIgniter.php(360): CodeIgniter\CodeIgniter->handleRequest(null, Object(Config\Cache), false)
23 FCPATH\index.php(95): CodeIgniter\CodeIgniter->run()
INFO - 2025-12-08 04:48:06 --> Session: Class initialized using 'CodeIgniter\Session\Handlers\DatabaseHandler' driver.
INFO - 2025-12-08 04:48:52 --> Session: Class initialized using 'CodeIgniter\Session\Handlers\DatabaseHandler' driver.
CRITICAL - 2025-12-08 10:48:53 --> ParseError: syntax error, unexpected token "(", expecting ":"
in APPPATH\Views\themes\magazine\partials\_load_widget.php on line 161.
 1 SYSTEMPATH\View\View.php(231): CodeIgniter\View\View->CodeIgniter\View\{closure}()
 2 SYSTEMPATH\Common.php(1206): CodeIgniter\View\View->render('themes/magazine/partials/_load_widget', [], true)
 3 APPPATH\Common.php(93): view('themes/magazine/partials/_load_widget', [...])
 4 APPPATH\Views\themes\magazine\partials\_sidebar_category.php(7): loadView('partials/_load_widget', [...])
 5 SYSTEMPATH\View\View.php(228): include('G:\\wamp64\\www\\news\\app\\Views\\themes\\magazine\\partials\\_sidebar_category.php')
 6 SYSTEMPATH\View\View.php(231): CodeIgniter\View\View->CodeIgniter\View\{closure}()
 7 SYSTEMPATH\Common.php(1206): CodeIgniter\View\View->render('themes/magazine/partials/_sidebar_category', [], true)
 8 APPPATH\Common.php(93): view('themes/magazine/partials/_sidebar_category', [...])
 9 APPPATH\Views\themes\magazine\post\_latest_posts.php(34): loadView('partials/_sidebar_category', [...])
10 SYSTEMPATH\View\View.php(228): include('G:\\wamp64\\www\\news\\app\\Views\\themes\\magazine\\post\\_latest_posts.php')
11 SYSTEMPATH\View\View.php(231): CodeIgniter\View\View->CodeIgniter\View\{closure}()
12 SYSTEMPATH\Common.php(1206): CodeIgniter\View\View->render('themes/magazine/post/_latest_posts', [], true)
13 APPPATH\Common.php(93): view('themes/magazine/post/_latest_posts', [...])
14 APPPATH\Views\themes\magazine\index.php(140): loadView('post/_latest_posts', [...])
15 SYSTEMPATH\View\View.php(228): include('G:\\wamp64\\www\\news\\app\\Views\\themes\\magazine\\index.php')
16 SYSTEMPATH\View\View.php(231): CodeIgniter\View\View->CodeIgniter\View\{closure}()
17 SYSTEMPATH\Common.php(1206): CodeIgniter\View\View->render('themes/magazine/index', [], true)
18 APPPATH\Common.php(93): view('themes/magazine/index', [...])
19 APPPATH\Controllers\HomeController.php(67): loadView('index', [...])
20 SYSTEMPATH\CodeIgniter.php(942): App\Controllers\HomeController->index()
21 SYSTEMPATH\CodeIgniter.php(502): CodeIgniter\CodeIgniter->runController(Object(App\Controllers\HomeController))
22 SYSTEMPATH\CodeIgniter.php(360): CodeIgniter\CodeIgniter->handleRequest(null, Object(Config\Cache), false)
23 FCPATH\index.php(95): CodeIgniter\CodeIgniter->run()
INFO - 2025-12-08 04:49:47 --> Session: Class initialized using 'CodeIgniter\Session\Handlers\DatabaseHandler' driver.
INFO - 2025-12-08 05:22:45 --> Session: Class initialized using 'CodeIgniter\Session\Handlers\DatabaseHandler' driver.
INFO - 2025-12-08 05:25:35 --> Session: Class initialized using 'CodeIgniter\Session\Handlers\DatabaseHandler' driver.
INFO - 2025-12-08 05:26:19 --> Session: Class initialized using 'CodeIgniter\Session\Handlers\DatabaseHandler' driver.
INFO - 2025-12-08 05:29:55 --> Session: Class initialized using 'CodeIgniter\Session\Handlers\DatabaseHandler' driver.
INFO - 2025-12-08 05:30:13 --> Session: Class initialized using 'CodeIgniter\Session\Handlers\DatabaseHandler' driver.
INFO - 2025-12-08 05:30:30 --> Session: Class initialized using 'CodeIgniter\Session\Handlers\DatabaseHandler' driver.
INFO - 2025-12-08 05:30:57 --> Session: Class initialized using 'CodeIgniter\Session\Handlers\DatabaseHandler' driver.
INFO - 2025-12-08 05:31:17 --> Session: Class initialized using 'CodeIgniter\Session\Handlers\DatabaseHandler' driver.
INFO - 2025-12-08 05:31:28 --> Session: Class initialized using 'CodeIgniter\Session\Handlers\DatabaseHandler' driver.
INFO - 2025-12-08 05:31:51 --> Session: Class initialized using 'CodeIgniter\Session\Handlers\DatabaseHandler' driver.
INFO - 2025-12-08 05:32:17 --> Session: Class initialized using 'CodeIgniter\Session\Handlers\DatabaseHandler' driver.
INFO - 2025-12-08 05:32:32 --> Session: Class initialized using 'CodeIgniter\Session\Handlers\DatabaseHandler' driver.
INFO - 2025-12-08 05:32:35 --> Session: Class initialized using 'CodeIgniter\Session\Handlers\DatabaseHandler' driver.
INFO - 2025-12-08 05:32:50 --> Session: Class initialized using 'CodeIgniter\Session\Handlers\DatabaseHandler' driver.
INFO - 2025-12-08 05:37:44 --> Session: Class initialized using 'CodeIgniter\Session\Handlers\DatabaseHandler' driver.
INFO - 2025-12-08 05:37:48 --> Session: Class initialized using 'CodeIgniter\Session\Handlers\DatabaseHandler' driver.
INFO - 2025-12-08 05:38:23 --> Session: Class initialized using 'CodeIgniter\Session\Handlers\DatabaseHandler' driver.
INFO - 2025-12-08 05:38:51 --> Session: Class initialized using 'CodeIgniter\Session\Handlers\DatabaseHandler' driver.
INFO - 2025-12-08 05:47:02 --> Session: Class initialized using 'CodeIgniter\Session\Handlers\DatabaseHandler' driver.
INFO - 2025-12-08 05:47:09 --> Session: Class initialized using 'CodeIgniter\Session\Handlers\DatabaseHandler' driver.
INFO - 2025-12-08 05:52:14 --> Session: Class initialized using 'CodeIgniter\Session\Handlers\DatabaseHandler' driver.
CRITICAL - 2025-12-08 11:52:15 --> ParseError: syntax error, unexpected end of file, expecting "elseif" or "else" or "endif"
in APPPATH\Views\themes\magazine\post\post.php on line 1016.
 1 SYSTEMPATH\View\View.php(231): CodeIgniter\View\View->CodeIgniter\View\{closure}()
 2 SYSTEMPATH\Common.php(1206): CodeIgniter\View\View->render('themes/magazine/post/post', [], true)
 3 APPPATH\Common.php(93): view('themes/magazine/post/post', [...])
 4 APPPATH\Controllers\HomeController.php(201): loadView('post/post', [...])
 5 APPPATH\Controllers\HomeController.php(120): App\Controllers\HomeController->post(Object(stdClass))
 6 SYSTEMPATH\CodeIgniter.php(942): App\Controllers\HomeController->any('158716')
 7 SYSTEMPATH\CodeIgniter.php(502): CodeIgniter\CodeIgniter->runController(Object(App\Controllers\HomeController))
 8 SYSTEMPATH\CodeIgniter.php(360): CodeIgniter\CodeIgniter->handleRequest(null, Object(Config\Cache), false)
 9 FCPATH\index.php(95): CodeIgniter\CodeIgniter->run()
INFO - 2025-12-08 05:52:52 --> Session: Class initialized using 'CodeIgniter\Session\Handlers\DatabaseHandler' driver.
INFO - 2025-12-08 05:54:46 --> Session: Class initialized using 'CodeIgniter\Session\Handlers\DatabaseHandler' driver.
CRITICAL - 2025-12-08 11:54:47 --> ParseError: syntax error, unexpected token "if"
in APPPATH\Views\themes\magazine\post\post.php on line 318.
 1 SYSTEMPATH\View\View.php(231): CodeIgniter\View\View->CodeIgniter\View\{closure}()
 2 SYSTEMPATH\Common.php(1206): CodeIgniter\View\View->render('themes/magazine/post/post', [], true)
 3 APPPATH\Common.php(93): view('themes/magazine/post/post', [...])
 4 APPPATH\Controllers\HomeController.php(201): loadView('post/post', [...])
 5 APPPATH\Controllers\HomeController.php(120): App\Controllers\HomeController->post(Object(stdClass))
 6 SYSTEMPATH\CodeIgniter.php(942): App\Controllers\HomeController->any('158716')
 7 SYSTEMPATH\CodeIgniter.php(502): CodeIgniter\CodeIgniter->runController(Object(App\Controllers\HomeController))
 8 SYSTEMPATH\CodeIgniter.php(360): CodeIgniter\CodeIgniter->handleRequest(null, Object(Config\Cache), false)
 9 FCPATH\index.php(95): CodeIgniter\CodeIgniter->run()
INFO - 2025-12-08 05:55:03 --> Session: Class initialized using 'CodeIgniter\Session\Handlers\DatabaseHandler' driver.
INFO - 2025-12-08 05:55:31 --> Session: Class initialized using 'CodeIgniter\Session\Handlers\DatabaseHandler' driver.
INFO - 2025-12-08 05:56:08 --> Session: Class initialized using 'CodeIgniter\Session\Handlers\DatabaseHandler' driver.
INFO - 2025-12-08 05:56:17 --> Session: Class initialized using 'CodeIgniter\Session\Handlers\DatabaseHandler' driver.
INFO - 2025-12-08 11:56:17 --> CSRF token verified.
INFO - 2025-12-08 05:56:17 --> Session: Class initialized using 'CodeIgniter\Session\Handlers\DatabaseHandler' driver.
INFO - 2025-12-08 05:56:20 --> Session: Class initialized using 'CodeIgniter\Session\Handlers\DatabaseHandler' driver.
INFO - 2025-12-08 05:56:24 --> Session: Class initialized using 'CodeIgniter\Session\Handlers\DatabaseHandler' driver.
INFO - 2025-12-08 05:56:29 --> Session: Class initialized using 'CodeIgniter\Session\Handlers\DatabaseHandler' driver.
INFO - 2025-12-08 11:56:29 --> CSRF token verified.
INFO - 2025-12-08 05:56:29 --> Session: Class initialized using 'CodeIgniter\Session\Handlers\DatabaseHandler' driver.
INFO - 2025-12-08 05:56:35 --> Session: Class initialized using 'CodeIgniter\Session\Handlers\DatabaseHandler' driver.
INFO - 2025-12-08 05:57:20 --> Session: Class initialized using 'CodeIgniter\Session\Handlers\DatabaseHandler' driver.
INFO - 2025-12-08 11:57:20 --> CSRF token verified.
INFO - 2025-12-08 05:57:21 --> Session: Class initialized using 'CodeIgniter\Session\Handlers\DatabaseHandler' driver.
INFO - 2025-12-08 05:57:24 --> Session: Class initialized using 'CodeIgniter\Session\Handlers\DatabaseHandler' driver.
INFO - 2025-12-08 05:57:28 --> Session: Class initialized using 'CodeIgniter\Session\Handlers\DatabaseHandler' driver.
INFO - 2025-12-08 05:57:32 --> Session: Class initialized using 'CodeIgniter\Session\Handlers\DatabaseHandler' driver.
INFO - 2025-12-08 11:57:32 --> CSRF token verified.
INFO - 2025-12-08 05:57:32 --> Session: Class initialized using 'CodeIgniter\Session\Handlers\DatabaseHandler' driver.
INFO - 2025-12-08 05:57:37 --> Session: Class initialized using 'CodeIgniter\Session\Handlers\DatabaseHandler' driver.
INFO - 2025-12-08 05:58:59 --> Session: Class initialized using 'CodeIgniter\Session\Handlers\DatabaseHandler' driver.
INFO - 2025-12-08 05:59:54 --> Session: Class initialized using 'CodeIgniter\Session\Handlers\DatabaseHandler' driver.
INFO - 2025-12-08 06:00:26 --> Session: Class initialized using 'CodeIgniter\Session\Handlers\DatabaseHandler' driver.
INFO - 2025-12-08 06:09:44 --> Session: Class initialized using 'CodeIgniter\Session\Handlers\DatabaseHandler' driver.
INFO - 2025-12-08 06:17:39 --> Session: Class initialized using 'CodeIgniter\Session\Handlers\DatabaseHandler' driver.
INFO - 2025-12-08 06:17:49 --> Session: Class initialized using 'CodeIgniter\Session\Handlers\DatabaseHandler' driver.
INFO - 2025-12-08 06:21:46 --> Session: Class initialized using 'CodeIgniter\Session\Handlers\DatabaseHandler' driver.
INFO - 2025-12-08 06:22:41 --> Session: Class initialized using 'CodeIgniter\Session\Handlers\DatabaseHandler' driver.
INFO - 2025-12-08 06:22:47 --> Session: Class initialized using 'CodeIgniter\Session\Handlers\DatabaseHandler' driver.
INFO - 2025-12-08 06:23:00 --> Session: Class initialized using 'CodeIgniter\Session\Handlers\DatabaseHandler' driver.
INFO - 2025-12-08 06:23:08 --> Session: Class initialized using 'CodeIgniter\Session\Handlers\DatabaseHandler' driver.
INFO - 2025-12-08 06:23:17 --> Session: Class initialized using 'CodeIgniter\Session\Handlers\DatabaseHandler' driver.
INFO - 2025-12-08 06:23:20 --> Session: Class initialized using 'CodeIgniter\Session\Handlers\DatabaseHandler' driver.
INFO - 2025-12-08 06:27:21 --> Session: Class initialized using 'CodeIgniter\Session\Handlers\DatabaseHandler' driver.
INFO - 2025-12-08 06:27:29 --> Session: Class initialized using 'CodeIgniter\Session\Handlers\DatabaseHandler' driver.
INFO - 2025-12-08 06:27:51 --> Session: Class initialized using 'CodeIgniter\Session\Handlers\DatabaseHandler' driver.
INFO - 2025-12-08 06:30:25 --> Session: Class initialized using 'CodeIgniter\Session\Handlers\DatabaseHandler' driver.
INFO - 2025-12-08 06:31:30 --> Session: Class initialized using 'CodeIgniter\Session\Handlers\DatabaseHandler' driver.
INFO - 2025-12-08 06:31:43 --> Session: Class initialized using 'CodeIgniter\Session\Handlers\DatabaseHandler' driver.
INFO - 2025-12-08 06:31:49 --> Session: Class initialized using 'CodeIgniter\Session\Handlers\DatabaseHandler' driver.
INFO - 2025-12-08 06:31:54 --> Session: Class initialized using 'CodeIgniter\Session\Handlers\DatabaseHandler' driver.
INFO - 2025-12-08 06:38:07 --> Session: Class initialized using 'CodeIgniter\Session\Handlers\DatabaseHandler' driver.
INFO - 2025-12-08 06:38:28 --> Session: Class initialized using 'CodeIgniter\Session\Handlers\DatabaseHandler' driver.
INFO - 2025-12-08 06:46:08 --> Session: Class initialized using 'CodeIgniter\Session\Handlers\DatabaseHandler' driver.
INFO - 2025-12-08 06:46:41 --> Session: Class initialized using 'CodeIgniter\Session\Handlers\DatabaseHandler' driver.
INFO - 2025-12-08 06:47:56 --> Session: Class initialized using 'CodeIgniter\Session\Handlers\DatabaseHandler' driver.
INFO - 2025-12-08 06:53:50 --> Session: Class initialized using 'CodeIgniter\Session\Handlers\DatabaseHandler' driver.
INFO - 2025-12-08 06:57:17 --> Session: Class initialized using 'CodeIgniter\Session\Handlers\DatabaseHandler' driver.
INFO - 2025-12-08 06:59:39 --> Session: Class initialized using 'CodeIgniter\Session\Handlers\DatabaseHandler' driver.
INFO - 2025-12-08 07:00:03 --> Session: Class initialized using 'CodeIgniter\Session\Handlers\DatabaseHandler' driver.
INFO - 2025-12-08 07:02:47 --> Session: Class initialized using 'CodeIgniter\Session\Handlers\DatabaseHandler' driver.
INFO - 2025-12-08 07:06:22 --> Session: Class initialized using 'CodeIgniter\Session\Handlers\DatabaseHandler' driver.
INFO - 2025-12-08 07:08:42 --> Session: Class initialized using 'CodeIgniter\Session\Handlers\DatabaseHandler' driver.
INFO - 2025-12-08 07:09:54 --> Session: Class initialized using 'CodeIgniter\Session\Handlers\DatabaseHandler' driver.
INFO - 2025-12-08 07:27:51 --> Session: Class initialized using 'CodeIgniter\Session\Handlers\DatabaseHandler' driver.
INFO - 2025-12-08 07:28:59 --> Session: Class initialized using 'CodeIgniter\Session\Handlers\DatabaseHandler' driver.
INFO - 2025-12-08 07:29:29 --> Session: Class initialized using 'CodeIgniter\Session\Handlers\DatabaseHandler' driver.
INFO - 2025-12-08 07:31:15 --> Session: Class initialized using 'CodeIgniter\Session\Handlers\DatabaseHandler' driver.
INFO - 2025-12-08 07:31:53 --> Session: Class initialized using 'CodeIgniter\Session\Handlers\DatabaseHandler' driver.
INFO - 2025-12-08 13:31:53 --> CSRF token verified.
INFO - 2025-12-08 07:31:53 --> Session: Class initialized using 'CodeIgniter\Session\Handlers\DatabaseHandler' driver.
INFO - 2025-12-08 07:33:00 --> Session: Class initialized using 'CodeIgniter\Session\Handlers\DatabaseHandler' driver.
INFO - 2025-12-08 07:33:38 --> Session: Class initialized using 'CodeIgniter\Session\Handlers\DatabaseHandler' driver.
INFO - 2025-12-08 07:34:24 --> Session: Class initialized using 'CodeIgniter\Session\Handlers\DatabaseHandler' driver.
INFO - 2025-12-08 07:34:44 --> Session: Class initialized using 'CodeIgniter\Session\Handlers\DatabaseHandler' driver.
INFO - 2025-12-08 07:35:46 --> Session: Class initialized using 'CodeIgniter\Session\Handlers\DatabaseHandler' driver.
INFO - 2025-12-08 07:38:15 --> Session: Class initialized using 'CodeIgniter\Session\Handlers\DatabaseHandler' driver.
INFO - 2025-12-08 07:38:35 --> Session: Class initialized using 'CodeIgniter\Session\Handlers\DatabaseHandler' driver.
INFO - 2025-12-08 07:40:00 --> Session: Class initialized using 'CodeIgniter\Session\Handlers\DatabaseHandler' driver.
INFO - 2025-12-08 07:42:45 --> Session: Class initialized using 'CodeIgniter\Session\Handlers\DatabaseHandler' driver.
INFO - 2025-12-08 07:44:52 --> Session: Class initialized using 'CodeIgniter\Session\Handlers\DatabaseHandler' driver.
INFO - 2025-12-08 07:46:00 --> Session: Class initialized using 'CodeIgniter\Session\Handlers\DatabaseHandler' driver.
INFO - 2025-12-08 07:47:02 --> Session: Class initialized using 'CodeIgniter\Session\Handlers\DatabaseHandler' driver.
INFO - 2025-12-08 07:47:12 --> Session: Class initialized using 'CodeIgniter\Session\Handlers\DatabaseHandler' driver.
INFO - 2025-12-08 07:50:44 --> Session: Class initialized using 'CodeIgniter\Session\Handlers\DatabaseHandler' driver.
INFO - 2025-12-08 07:51:10 --> Session: Class initialized using 'CodeIgniter\Session\Handlers\DatabaseHandler' driver.
INFO - 2025-12-08 07:51:10 --> Session: Class initialized using 'CodeIgniter\Session\Handlers\DatabaseHandler' driver.
INFO - 2025-12-08 07:51:15 --> Session: Class initialized using 'CodeIgniter\Session\Handlers\DatabaseHandler' driver.
INFO - 2025-12-08 07:51:21 --> Session: Class initialized using 'CodeIgniter\Session\Handlers\DatabaseHandler' driver.
INFO - 2025-12-08 07:51:27 --> Session: Class initialized using 'CodeIgniter\Session\Handlers\DatabaseHandler' driver.
INFO - 2025-12-08 13:51:27 --> CSRF token verified.
INFO - 2025-12-08 07:51:27 --> Session: Class initialized using 'CodeIgniter\Session\Handlers\DatabaseHandler' driver.
INFO - 2025-12-08 07:51:30 --> Session: Class initialized using 'CodeIgniter\Session\Handlers\DatabaseHandler' driver.
INFO - 2025-12-08 07:51:36 --> Session: Class initialized using 'CodeIgniter\Session\Handlers\DatabaseHandler' driver.
INFO - 2025-12-08 07:51:43 --> Session: Class initialized using 'CodeIgniter\Session\Handlers\DatabaseHandler' driver.
INFO - 2025-12-08 13:51:43 --> CSRF token verified.
INFO - 2025-12-08 07:51:43 --> Session: Class initialized using 'CodeIgniter\Session\Handlers\DatabaseHandler' driver.
INFO - 2025-12-08 07:51:49 --> Session: Class initialized using 'CodeIgniter\Session\Handlers\DatabaseHandler' driver.
INFO - 2025-12-08 07:52:04 --> Session: Class initialized using 'CodeIgniter\Session\Handlers\DatabaseHandler' driver.
INFO - 2025-12-08 08:18:45 --> Session: Class initialized using 'CodeIgniter\Session\Handlers\DatabaseHandler' driver.
INFO - 2025-12-08 08:18:50 --> Session: Class initialized using 'CodeIgniter\Session\Handlers\DatabaseHandler' driver.
INFO - 2025-12-08 08:19:21 --> Session: Class initialized using 'CodeIgniter\Session\Handlers\DatabaseHandler' driver.
INFO - 2025-12-08 08:19:47 --> Session: Class initialized using 'CodeIgniter\Session\Handlers\DatabaseHandler' driver.
INFO - 2025-12-08 08:45:27 --> Session: Class initialized using 'CodeIgniter\Session\Handlers\DatabaseHandler' driver.
INFO - 2025-12-08 08:52:46 --> Session: Class initialized using 'CodeIgniter\Session\Handlers\DatabaseHandler' driver.
INFO - 2025-12-08 09:07:19 --> Session: Class initialized using 'CodeIgniter\Session\Handlers\DatabaseHandler' driver.
INFO - 2025-12-08 09:07:30 --> Session: Class initialized using 'CodeIgniter\Session\Handlers\DatabaseHandler' driver.
INFO - 2025-12-08 09:07:31 --> Session: Class initialized using 'CodeIgniter\Session\Handlers\DatabaseHandler' driver.
INFO - 2025-12-08 09:07:41 --> Session: Class initialized using 'CodeIgniter\Session\Handlers\DatabaseHandler' driver.
INFO - 2025-12-08 09:07:45 --> Session: Class initialized using 'CodeIgniter\Session\Handlers\DatabaseHandler' driver.
INFO - 2025-12-08 15:07:45 --> CSRF token verified.
INFO - 2025-12-08 09:07:45 --> Session: Class initialized using 'CodeIgniter\Session\Handlers\DatabaseHandler' driver.
INFO - 2025-12-08 09:08:02 --> Session: Class initialized using 'CodeIgniter\Session\Handlers\DatabaseHandler' driver.
INFO - 2025-12-08 15:08:02 --> CSRF token verified.
INFO - 2025-12-08 09:08:02 --> Session: Class initialized using 'CodeIgniter\Session\Handlers\DatabaseHandler' driver.
INFO - 2025-12-08 09:08:07 --> Session: Class initialized using 'CodeIgniter\Session\Handlers\DatabaseHandler' driver.
INFO - 2025-12-08 15:08:07 --> CSRF token verified.
INFO - 2025-12-08 09:08:07 --> Session: Class initialized using 'CodeIgniter\Session\Handlers\DatabaseHandler' driver.
