CRITICAL - 2025-02-01 10:03:02 --> Error: Function name must be a string
in APPPATH/Common.php on line 2411.
 1 APPPATH/Common.php(2382): calculate_date()
 2 APPPATH/Common.php(2394): BanglaDate(1738382582, 6)
 3 APPPATH/Views/themes/magazine/nav/_nav_main.php(39): set_time(1738382582)
 4 SYSTEMPATH/View/View.php(228): include('/home/digibangla/public_html/newsite/app/Views/themes/magazine/nav/_nav_main.php')
 5 SYSTEMPATH/View/View.php(231): CodeIgniter\View\View->CodeIgniter\View\{closure}()
 6 SYSTEMPATH/Common.php(1206): CodeIgniter\View\View->render('themes/magazine/nav/_nav_main', [], true)
 7 APPPATH/Common.php(95): view('themes/magazine/nav/_nav_main')
 8 APPPATH/Views/themes/magazine/partials/_header.php(85): loadView('nav/_nav_main')
 9 SYSTEMPATH/View/View.php(228): include('/home/digibangla/public_html/newsite/app/Views/themes/magazine/partials/_header.php')
10 SYSTEMPATH/View/View.php(231): CodeIgniter\View\View->CodeIgniter\View\{closure}()
11 SYSTEMPATH/Common.php(1206): CodeIgniter\View\View->render('themes/magazine/partials/_header', [], true)
12 APPPATH/Common.php(93): view('themes/magazine/partials/_header', [...])
13 APPPATH/Controllers/HomeController.php(59): loadView('partials/_header', [...])
14 SYSTEMPATH/CodeIgniter.php(942): App\Controllers\HomeController->index()
15 SYSTEMPATH/CodeIgniter.php(502): CodeIgniter\CodeIgniter->runController(Object(App\Controllers\HomeController))
16 SYSTEMPATH/CodeIgniter.php(360): CodeIgniter\CodeIgniter->handleRequest(null, Object(Config\Cache), false)
17 FCPATH/index.php(95): CodeIgniter\CodeIgniter->run()
CRITICAL - 2025-02-01 10:03:10 --> Error: Function name must be a string
in APPPATH/Common.php on line 2411.
 1 APPPATH/Common.php(2382): calculate_date()
 2 APPPATH/Common.php(2394): BanglaDate(1738382590, 6)
 3 APPPATH/Views/themes/magazine/nav/_nav_main.php(39): set_time(1738382590)
 4 SYSTEMPATH/View/View.php(228): include('/home/digibangla/public_html/newsite/app/Views/themes/magazine/nav/_nav_main.php')
 5 SYSTEMPATH/View/View.php(231): CodeIgniter\View\View->CodeIgniter\View\{closure}()
 6 SYSTEMPATH/Common.php(1206): CodeIgniter\View\View->render('themes/magazine/nav/_nav_main', [], true)
 7 APPPATH/Common.php(95): view('themes/magazine/nav/_nav_main')
 8 APPPATH/Views/themes/magazine/partials/_header.php(85): loadView('nav/_nav_main')
 9 SYSTEMPATH/View/View.php(228): include('/home/digibangla/public_html/newsite/app/Views/themes/magazine/partials/_header.php')
10 SYSTEMPATH/View/View.php(231): CodeIgniter\View\View->CodeIgniter\View\{closure}()
11 SYSTEMPATH/Common.php(1206): CodeIgniter\View\View->render('themes/magazine/partials/_header', [], true)
12 APPPATH/Common.php(93): view('themes/magazine/partials/_header', [...])
13 APPPATH/Controllers/HomeController.php(59): loadView('partials/_header', [...])
14 SYSTEMPATH/CodeIgniter.php(942): App\Controllers\HomeController->index()
15 SYSTEMPATH/CodeIgniter.php(502): CodeIgniter\CodeIgniter->runController(Object(App\Controllers\HomeController))
16 SYSTEMPATH/CodeIgniter.php(360): CodeIgniter\CodeIgniter->handleRequest(null, Object(Config\Cache), false)
17 FCPATH/index.php(95): CodeIgniter\CodeIgniter->run()
CRITICAL - 2025-02-01 11:15:15 --> Error: Function name must be a string
in APPPATH/Common.php on line 2411.
 1 APPPATH/Common.php(2382): calculate_date()
 2 APPPATH/Common.php(2394): BanglaDate(1738386915, 6)
 3 APPPATH/Views/themes/magazine/nav/_nav_main.php(39): set_time(1738386915)
 4 SYSTEMPATH/View/View.php(228): include('/home/digibangla/public_html/newsite/app/Views/themes/magazine/nav/_nav_main.php')
 5 SYSTEMPATH/View/View.php(231): CodeIgniter\View\View->CodeIgniter\View\{closure}()
 6 SYSTEMPATH/Common.php(1206): CodeIgniter\View\View->render('themes/magazine/nav/_nav_main', [], true)
 7 APPPATH/Common.php(95): view('themes/magazine/nav/_nav_main')
 8 APPPATH/Views/themes/magazine/partials/_header.php(85): loadView('nav/_nav_main')
 9 SYSTEMPATH/View/View.php(228): include('/home/digibangla/public_html/newsite/app/Views/themes/magazine/partials/_header.php')
10 SYSTEMPATH/View/View.php(231): CodeIgniter\View\View->CodeIgniter\View\{closure}()
11 SYSTEMPATH/Common.php(1206): CodeIgniter\View\View->render('themes/magazine/partials/_header', [], true)
12 APPPATH/Common.php(93): view('themes/magazine/partials/_header', [...])
13 APPPATH/Controllers/HomeController.php(59): loadView('partials/_header', [...])
14 SYSTEMPATH/CodeIgniter.php(942): App\Controllers\HomeController->index()
15 SYSTEMPATH/CodeIgniter.php(502): CodeIgniter\CodeIgniter->runController(Object(App\Controllers\HomeController))
16 SYSTEMPATH/CodeIgniter.php(360): CodeIgniter\CodeIgniter->handleRequest(null, Object(Config\Cache), false)
17 FCPATH/index.php(95): CodeIgniter\CodeIgniter->run()
CRITICAL - 2025-02-01 11:54:20 --> Error: Function name must be a string
in APPPATH/Common.php on line 2411.
 1 APPPATH/Common.php(2382): calculate_date()
 2 APPPATH/Common.php(2394): BanglaDate(1738389260, 6)
 3 APPPATH/Views/themes/magazine/nav/_nav_main.php(39): set_time(1738389260)
 4 SYSTEMPATH/View/View.php(228): include('/home/digibangla/public_html/newsite/app/Views/themes/magazine/nav/_nav_main.php')
 5 SYSTEMPATH/View/View.php(231): CodeIgniter\View\View->CodeIgniter\View\{closure}()
 6 SYSTEMPATH/Common.php(1206): CodeIgniter\View\View->render('themes/magazine/nav/_nav_main', [], true)
 7 APPPATH/Common.php(95): view('themes/magazine/nav/_nav_main')
 8 APPPATH/Views/themes/magazine/partials/_header.php(85): loadView('nav/_nav_main')
 9 SYSTEMPATH/View/View.php(228): include('/home/digibangla/public_html/newsite/app/Views/themes/magazine/partials/_header.php')
10 SYSTEMPATH/View/View.php(231): CodeIgniter\View\View->CodeIgniter\View\{closure}()
11 SYSTEMPATH/Common.php(1206): CodeIgniter\View\View->render('themes/magazine/partials/_header', [], true)
12 APPPATH/Common.php(93): view('themes/magazine/partials/_header', [...])
13 APPPATH/Controllers/HomeController.php(260): loadView('partials/_header', [...])
14 APPPATH/Controllers/HomeController.php(109): App\Controllers\HomeController->category(Object(stdClass))
15 SYSTEMPATH/CodeIgniter.php(942): App\Controllers\HomeController->any('ডিজিটিউব')
16 SYSTEMPATH/CodeIgniter.php(502): CodeIgniter\CodeIgniter->runController(Object(App\Controllers\HomeController))
17 SYSTEMPATH/CodeIgniter.php(360): CodeIgniter\CodeIgniter->handleRequest(null, Object(Config\Cache), false)
18 FCPATH/index.php(95): CodeIgniter\CodeIgniter->run()
