CRITICAL - 2025-02-05 11:07:53 --> TypeError: Argument 2 passed to CodeIgniter\Database\BaseBuilder::like() must be of the type string, null given, called in /home/digibangla/public_html/newsite/app/Models/FileModel.php on line 100
in SYSTEMPATH/Database/BaseBuilder.php on line 984.
 1 APPPATH/Models/FileModel.php(100): CodeIgniter\Database\BaseBuilder->like('file_name', null)
 2 APPPATH/Controllers/FileController.php(69): App\Models\FileModel->searchImages(null)
 3 SYSTEMPATH/CodeIgniter.php(942): App\Controllers\FileController->searchImage()
 4 SYSTEMPATH/CodeIgniter.php(502): CodeIgniter\CodeIgniter->runController(Object(App\Controllers\FileController))
 5 SYSTEMPATH/CodeIgniter.php(360): CodeIgniter\CodeIgniter->handleRequest(null, Object(Config\Cache), false)
 6 FCPATH/index.php(95): CodeIgniter\CodeIgniter->run()
ERROR - 2025-02-05 14:05:52 --> mysqli_sql_exception: Column 'video_storage' cannot be null in /home/digibangla/public_html/newsite/system/Database/MySQLi/Connection.php:306
Stack trace:
#0 /home/digibangla/public_html/newsite/system/Database/MySQLi/Connection.php(306): mysqli->query('INSERT INTO `po...', 0)
#1 /home/digibangla/public_html/newsite/system/Database/BaseConnection.php(693): CodeIgniter\Database\MySQLi\Connection->execute('INSERT INTO `po...')
#2 /home/digibangla/public_html/newsite/system/Database/BaseConnection.php(607): CodeIgniter\Database\BaseConnection->simpleQuery('INSERT INTO `po...')
#3 /home/digibangla/public_html/newsite/system/Database/BaseBuilder.php(2307): CodeIgniter\Database\BaseConnection->query('INSERT INTO `po...', Array, false)
#4 /home/digibangla/public_html/newsite/app/Models/PostAdminModel.php(101): CodeIgniter\Database\BaseBuilder->insert(Array)
#5 /home/digibangla/public_html/newsite/app/Controllers/PostController.php(100): App\Models\PostAdminModel->addPost('video')
#6 /home/digibangla/public_html/newsite/system/CodeIgniter.php(942): App\Controllers\PostController->addPostPost()
#7 /home/digibangla/public_html/newsite/system/CodeIgniter.php(502): CodeIgniter\CodeIgniter->runController(Object(App\Controllers\PostController))
#8 /home/digibangla/public_html/newsite/system/CodeIgniter.php(360): CodeIgniter\CodeIgniter->handleRequest(NULL, Object(Config\Cache), false)
#9 /home/digibangla/public_html/newsite/index.php(95): CodeIgniter\CodeIgniter->run()
#10 {main}
ERROR - 2025-02-05 14:06:45 --> mysqli_sql_exception: Column 'video_storage' cannot be null in /home/digibangla/public_html/newsite/system/Database/MySQLi/Connection.php:306
Stack trace:
#0 /home/digibangla/public_html/newsite/system/Database/MySQLi/Connection.php(306): mysqli->query('INSERT INTO `po...', 0)
#1 /home/digibangla/public_html/newsite/system/Database/BaseConnection.php(693): CodeIgniter\Database\MySQLi\Connection->execute('INSERT INTO `po...')
#2 /home/digibangla/public_html/newsite/system/Database/BaseConnection.php(607): CodeIgniter\Database\BaseConnection->simpleQuery('INSERT INTO `po...')
#3 /home/digibangla/public_html/newsite/system/Database/BaseBuilder.php(2307): CodeIgniter\Database\BaseConnection->query('INSERT INTO `po...', Array, false)
#4 /home/digibangla/public_html/newsite/app/Models/PostAdminModel.php(101): CodeIgniter\Database\BaseBuilder->insert(Array)
#5 /home/digibangla/public_html/newsite/app/Controllers/PostController.php(100): App\Models\PostAdminModel->addPost('video')
#6 /home/digibangla/public_html/newsite/system/CodeIgniter.php(942): App\Controllers\PostController->addPostPost()
#7 /home/digibangla/public_html/newsite/system/CodeIgniter.php(502): CodeIgniter\CodeIgniter->runController(Object(App\Controllers\PostController))
#8 /home/digibangla/public_html/newsite/system/CodeIgniter.php(360): CodeIgniter\CodeIgniter->handleRequest(NULL, Object(Config\Cache), false)
#9 /home/digibangla/public_html/newsite/index.php(95): CodeIgniter\CodeIgniter->run()
#10 {main}
ERROR - 2025-02-05 14:10:02 --> mysqli_sql_exception: Column 'video_storage' cannot be null in /home/digibangla/public_html/newsite/system/Database/MySQLi/Connection.php:306
Stack trace:
#0 /home/digibangla/public_html/newsite/system/Database/MySQLi/Connection.php(306): mysqli->query('INSERT INTO `po...', 0)
#1 /home/digibangla/public_html/newsite/system/Database/BaseConnection.php(693): CodeIgniter\Database\MySQLi\Connection->execute('INSERT INTO `po...')
#2 /home/digibangla/public_html/newsite/system/Database/BaseConnection.php(607): CodeIgniter\Database\BaseConnection->simpleQuery('INSERT INTO `po...')
#3 /home/digibangla/public_html/newsite/system/Database/BaseBuilder.php(2307): CodeIgniter\Database\BaseConnection->query('INSERT INTO `po...', Array, false)
#4 /home/digibangla/public_html/newsite/app/Models/PostAdminModel.php(101): CodeIgniter\Database\BaseBuilder->insert(Array)
#5 /home/digibangla/public_html/newsite/app/Controllers/PostController.php(100): App\Models\PostAdminModel->addPost('video')
#6 /home/digibangla/public_html/newsite/system/CodeIgniter.php(942): App\Controllers\PostController->addPostPost()
#7 /home/digibangla/public_html/newsite/system/CodeIgniter.php(502): CodeIgniter\CodeIgniter->runController(Object(App\Controllers\PostController))
#8 /home/digibangla/public_html/newsite/system/CodeIgniter.php(360): CodeIgniter\CodeIgniter->handleRequest(NULL, Object(Config\Cache), false)
#9 /home/digibangla/public_html/newsite/index.php(95): CodeIgniter\CodeIgniter->run()
#10 {main}
