CRITICAL - 2025-02-02 09:58:32 --> Error: Function name must be a string
in APPPATH/Common.php on line 2411.
 1 APPPATH/Common.php(2382): calculate_date()
 2 APPPATH/Common.php(2394): BanglaDate(1738468712, 6)
 3 APPPATH/Views/themes/magazine/nav/_nav_main.php(39): set_time(1738468712)
 4 SYSTEMPATH/View/View.php(228): include('/home/digibangla/public_html/newsite/app/Views/themes/magazine/nav/_nav_main.php')
 5 SYSTEMPATH/View/View.php(231): CodeIgniter\View\View->CodeIgniter\View\{closure}()
 6 SYSTEMPATH/Common.php(1206): CodeIgniter\View\View->render('themes/magazine/nav/_nav_main', [], true)
 7 APPPATH/Common.php(95): view('themes/magazine/nav/_nav_main')
 8 APPPATH/Views/themes/magazine/partials/_header.php(85): loadView('nav/_nav_main')
 9 SYSTEMPATH/View/View.php(228): include('/home/digibangla/public_html/newsite/app/Views/themes/magazine/partials/_header.php')
10 SYSTEMPATH/View/View.php(231): CodeIgniter\View\View->CodeIgniter\View\{closure}()
11 SYSTEMPATH/Common.php(1206): CodeIgniter\View\View->render('themes/magazine/partials/_header', [], true)
12 APPPATH/Common.php(93): view('themes/magazine/partials/_header', [...])
13 APPPATH/Controllers/HomeController.php(59): loadView('partials/_header', [...])
14 SYSTEMPATH/CodeIgniter.php(942): App\Controllers\HomeController->index()
15 SYSTEMPATH/CodeIgniter.php(502): CodeIgniter\CodeIgniter->runController(Object(App\Controllers\HomeController))
16 SYSTEMPATH/CodeIgniter.php(360): CodeIgniter\CodeIgniter->handleRequest(null, Object(Config\Cache), false)
17 FCPATH/index.php(95): CodeIgniter\CodeIgniter->run()
CRITICAL - 2025-02-02 11:01:29 --> Error: Function name must be a string
in APPPATH/Common.php on line 2411.
 1 APPPATH/Common.php(2382): calculate_date()
 2 APPPATH/Common.php(2394): BanglaDate(1738472489, 6)
 3 APPPATH/Views/themes/magazine/nav/_nav_main.php(39): set_time(1738472489)
 4 SYSTEMPATH/View/View.php(228): include('/home/digibangla/public_html/newsite/app/Views/themes/magazine/nav/_nav_main.php')
 5 SYSTEMPATH/View/View.php(231): CodeIgniter\View\View->CodeIgniter\View\{closure}()
 6 SYSTEMPATH/Common.php(1206): CodeIgniter\View\View->render('themes/magazine/nav/_nav_main', [], true)
 7 APPPATH/Common.php(95): view('themes/magazine/nav/_nav_main')
 8 APPPATH/Views/themes/magazine/partials/_header.php(85): loadView('nav/_nav_main')
 9 SYSTEMPATH/View/View.php(228): include('/home/digibangla/public_html/newsite/app/Views/themes/magazine/partials/_header.php')
10 SYSTEMPATH/View/View.php(231): CodeIgniter\View\View->CodeIgniter\View\{closure}()
11 SYSTEMPATH/Common.php(1206): CodeIgniter\View\View->render('themes/magazine/partials/_header', [], true)
12 APPPATH/Common.php(93): view('themes/magazine/partials/_header', [...])
13 APPPATH/Controllers/HomeController.php(59): loadView('partials/_header', [...])
14 SYSTEMPATH/CodeIgniter.php(942): App\Controllers\HomeController->index()
15 SYSTEMPATH/CodeIgniter.php(502): CodeIgniter\CodeIgniter->runController(Object(App\Controllers\HomeController))
16 SYSTEMPATH/CodeIgniter.php(360): CodeIgniter\CodeIgniter->handleRequest(null, Object(Config\Cache), false)
17 FCPATH/index.php(95): CodeIgniter\CodeIgniter->run()
CRITICAL - 2025-02-02 11:01:34 --> Error: Function name must be a string
in APPPATH/Common.php on line 2411.
 1 APPPATH/Common.php(2382): calculate_date()
 2 APPPATH/Common.php(2394): BanglaDate(1738472494, 6)
 3 APPPATH/Views/themes/magazine/nav/_nav_main.php(39): set_time(1738472494)
 4 SYSTEMPATH/View/View.php(228): include('/home/digibangla/public_html/newsite/app/Views/themes/magazine/nav/_nav_main.php')
 5 SYSTEMPATH/View/View.php(231): CodeIgniter\View\View->CodeIgniter\View\{closure}()
 6 SYSTEMPATH/Common.php(1206): CodeIgniter\View\View->render('themes/magazine/nav/_nav_main', [], true)
 7 APPPATH/Common.php(95): view('themes/magazine/nav/_nav_main')
 8 APPPATH/Views/themes/magazine/partials/_header.php(85): loadView('nav/_nav_main')
 9 SYSTEMPATH/View/View.php(228): include('/home/digibangla/public_html/newsite/app/Views/themes/magazine/partials/_header.php')
10 SYSTEMPATH/View/View.php(231): CodeIgniter\View\View->CodeIgniter\View\{closure}()
11 SYSTEMPATH/Common.php(1206): CodeIgniter\View\View->render('themes/magazine/partials/_header', [], true)
12 APPPATH/Common.php(93): view('themes/magazine/partials/_header', [...])
13 APPPATH/Controllers/HomeController.php(59): loadView('partials/_header', [...])
14 SYSTEMPATH/CodeIgniter.php(942): App\Controllers\HomeController->index()
15 SYSTEMPATH/CodeIgniter.php(502): CodeIgniter\CodeIgniter->runController(Object(App\Controllers\HomeController))
16 SYSTEMPATH/CodeIgniter.php(360): CodeIgniter\CodeIgniter->handleRequest(null, Object(Config\Cache), false)
17 FCPATH/index.php(95): CodeIgniter\CodeIgniter->run()
CRITICAL - 2025-02-02 11:02:45 --> Error: Function name must be a string
in APPPATH/Common.php on line 2411.
 1 APPPATH/Common.php(2382): calculate_date()
 2 APPPATH/Common.php(2394): BanglaDate(1738472565, 6)
 3 APPPATH/Views/themes/magazine/nav/_nav_main.php(39): set_time(1738472565)
 4 SYSTEMPATH/View/View.php(228): include('/home/digibangla/public_html/newsite/app/Views/themes/magazine/nav/_nav_main.php')
 5 SYSTEMPATH/View/View.php(231): CodeIgniter\View\View->CodeIgniter\View\{closure}()
 6 SYSTEMPATH/Common.php(1206): CodeIgniter\View\View->render('themes/magazine/nav/_nav_main', [], true)
 7 APPPATH/Common.php(95): view('themes/magazine/nav/_nav_main')
 8 APPPATH/Views/themes/magazine/partials/_header.php(85): loadView('nav/_nav_main')
 9 SYSTEMPATH/View/View.php(228): include('/home/digibangla/public_html/newsite/app/Views/themes/magazine/partials/_header.php')
10 SYSTEMPATH/View/View.php(231): CodeIgniter\View\View->CodeIgniter\View\{closure}()
11 SYSTEMPATH/Common.php(1206): CodeIgniter\View\View->render('themes/magazine/partials/_header', [], true)
12 APPPATH/Common.php(93): view('themes/magazine/partials/_header', [...])
13 APPPATH/Controllers/HomeController.php(59): loadView('partials/_header', [...])
14 SYSTEMPATH/CodeIgniter.php(942): App\Controllers\HomeController->index()
15 SYSTEMPATH/CodeIgniter.php(502): CodeIgniter\CodeIgniter->runController(Object(App\Controllers\HomeController))
16 SYSTEMPATH/CodeIgniter.php(360): CodeIgniter\CodeIgniter->handleRequest(null, Object(Config\Cache), false)
17 FCPATH/index.php(95): CodeIgniter\CodeIgniter->run()
CRITICAL - 2025-02-02 11:03:03 --> Error: Function name must be a string
in APPPATH/Common.php on line 2411.
 1 APPPATH/Common.php(2382): calculate_date()
 2 APPPATH/Common.php(2394): BanglaDate(1738472583, 6)
 3 APPPATH/Views/themes/magazine/nav/_nav_main.php(39): set_time(1738472583)
 4 SYSTEMPATH/View/View.php(228): include('/home/digibangla/public_html/newsite/app/Views/themes/magazine/nav/_nav_main.php')
 5 SYSTEMPATH/View/View.php(231): CodeIgniter\View\View->CodeIgniter\View\{closure}()
 6 SYSTEMPATH/Common.php(1206): CodeIgniter\View\View->render('themes/magazine/nav/_nav_main', [], true)
 7 APPPATH/Common.php(95): view('themes/magazine/nav/_nav_main')
 8 APPPATH/Views/themes/magazine/partials/_header.php(85): loadView('nav/_nav_main')
 9 SYSTEMPATH/View/View.php(228): include('/home/digibangla/public_html/newsite/app/Views/themes/magazine/partials/_header.php')
10 SYSTEMPATH/View/View.php(231): CodeIgniter\View\View->CodeIgniter\View\{closure}()
11 SYSTEMPATH/Common.php(1206): CodeIgniter\View\View->render('themes/magazine/partials/_header', [], true)
12 APPPATH/Common.php(93): view('themes/magazine/partials/_header', [...])
13 APPPATH/Controllers/HomeController.php(59): loadView('partials/_header', [...])
14 SYSTEMPATH/CodeIgniter.php(942): App\Controllers\HomeController->index()
15 SYSTEMPATH/CodeIgniter.php(502): CodeIgniter\CodeIgniter->runController(Object(App\Controllers\HomeController))
16 SYSTEMPATH/CodeIgniter.php(360): CodeIgniter\CodeIgniter->handleRequest(null, Object(Config\Cache), false)
17 FCPATH/index.php(95): CodeIgniter\CodeIgniter->run()
CRITICAL - 2025-02-02 11:03:52 --> Error: Function name must be a string
in APPPATH/Common.php on line 2411.
 1 APPPATH/Common.php(2382): calculate_date()
 2 APPPATH/Common.php(2394): BanglaDate(1738472632, 6)
 3 APPPATH/Views/themes/magazine/nav/_nav_main.php(39): set_time(1738472632)
 4 SYSTEMPATH/View/View.php(228): include('/home/digibangla/public_html/newsite/app/Views/themes/magazine/nav/_nav_main.php')
 5 SYSTEMPATH/View/View.php(231): CodeIgniter\View\View->CodeIgniter\View\{closure}()
 6 SYSTEMPATH/Common.php(1206): CodeIgniter\View\View->render('themes/magazine/nav/_nav_main', [], true)
 7 APPPATH/Common.php(95): view('themes/magazine/nav/_nav_main')
 8 APPPATH/Views/themes/magazine/partials/_header.php(85): loadView('nav/_nav_main')
 9 SYSTEMPATH/View/View.php(228): include('/home/digibangla/public_html/newsite/app/Views/themes/magazine/partials/_header.php')
10 SYSTEMPATH/View/View.php(231): CodeIgniter\View\View->CodeIgniter\View\{closure}()
11 SYSTEMPATH/Common.php(1206): CodeIgniter\View\View->render('themes/magazine/partials/_header', [], true)
12 APPPATH/Common.php(93): view('themes/magazine/partials/_header', [...])
13 APPPATH/Controllers/HomeController.php(59): loadView('partials/_header', [...])
14 SYSTEMPATH/CodeIgniter.php(942): App\Controllers\HomeController->index()
15 SYSTEMPATH/CodeIgniter.php(502): CodeIgniter\CodeIgniter->runController(Object(App\Controllers\HomeController))
16 SYSTEMPATH/CodeIgniter.php(360): CodeIgniter\CodeIgniter->handleRequest(null, Object(Config\Cache), false)
17 FCPATH/index.php(95): CodeIgniter\CodeIgniter->run()
CRITICAL - 2025-02-02 11:04:15 --> Error: Function name must be a string
in APPPATH/Common.php on line 2411.
 1 APPPATH/Common.php(2382): calculate_date()
 2 APPPATH/Common.php(2394): BanglaDate(1738472655, 6)
 3 APPPATH/Views/themes/magazine/nav/_nav_main.php(39): set_time(1738472655)
 4 SYSTEMPATH/View/View.php(228): include('/home/digibangla/public_html/newsite/app/Views/themes/magazine/nav/_nav_main.php')
 5 SYSTEMPATH/View/View.php(231): CodeIgniter\View\View->CodeIgniter\View\{closure}()
 6 SYSTEMPATH/Common.php(1206): CodeIgniter\View\View->render('themes/magazine/nav/_nav_main', [], true)
 7 APPPATH/Common.php(95): view('themes/magazine/nav/_nav_main')
 8 APPPATH/Views/themes/magazine/partials/_header.php(85): loadView('nav/_nav_main')
 9 SYSTEMPATH/View/View.php(228): include('/home/digibangla/public_html/newsite/app/Views/themes/magazine/partials/_header.php')
10 SYSTEMPATH/View/View.php(231): CodeIgniter\View\View->CodeIgniter\View\{closure}()
11 SYSTEMPATH/Common.php(1206): CodeIgniter\View\View->render('themes/magazine/partials/_header', [], true)
12 APPPATH/Common.php(93): view('themes/magazine/partials/_header', [...])
13 APPPATH/Controllers/HomeController.php(193): loadView('partials/_header', [...])
14 APPPATH/Controllers/HomeController.php(113): App\Controllers\HomeController->post(Object(stdClass))
15 SYSTEMPATH/CodeIgniter.php(942): App\Controllers\HomeController->any('জিপি-অ্যাক্সিলারেটর-জয়ী-ইউআইটিএস-দল-সাউন্ড-ভিশন')
16 SYSTEMPATH/CodeIgniter.php(502): CodeIgniter\CodeIgniter->runController(Object(App\Controllers\HomeController))
17 SYSTEMPATH/CodeIgniter.php(360): CodeIgniter\CodeIgniter->handleRequest(null, Object(Config\Cache), false)
18 FCPATH/index.php(95): CodeIgniter\CodeIgniter->run()
CRITICAL - 2025-02-02 16:05:45 --> CodeIgniter\Security\Exceptions\SecurityException: The action you requested is not allowed.
in SYSTEMPATH/Security/Security.php on line 300.
 1 SYSTEMPATH/Security/Security.php(300): CodeIgniter\Security\Exceptions\SecurityException::forDisallowedAction()
 2 SYSTEMPATH/Filters/CSRF.php(56): CodeIgniter\Security\Security->verify(Object(CodeIgniter\HTTP\IncomingRequest))
 3 SYSTEMPATH/Filters/Filters.php(184): CodeIgniter\Filters\CSRF->before(Object(CodeIgniter\HTTP\IncomingRequest), null)
 4 SYSTEMPATH/CodeIgniter.php(474): CodeIgniter\Filters\Filters->run('File/getImages', 'before')
 5 SYSTEMPATH/CodeIgniter.php(360): CodeIgniter\CodeIgniter->handleRequest(null, Object(Config\Cache), false)
 6 FCPATH/index.php(95): CodeIgniter\CodeIgniter->run()
